[INFO] Scanning for projects...
[INFO] 
[INFO] ------------< org.springframework.samples:spring-petclinic >------------
[INFO] Building petclinic 2.6.0-SNAPSHOT
[INFO] --------------------------------[ jar ]---------------------------------
[INFO] 
[INFO] --- spring-javaformat-maven-plugin:0.0.31:validate (default) @ spring-petclinic ---
[INFO] 
[INFO] --- maven-checkstyle-plugin:3.1.2:check (nohttp-checkstyle-validation) @ spring-petclinic ---
[INFO] You have 0 Checkstyle violations.
[INFO] 
[INFO] --- jacoco-maven-plugin:0.8.7:prepare-agent (default) @ spring-petclinic ---
[INFO] argLine set to -javaagent:/Users/kralizec/.m2/repository/org/jacoco/org.jacoco.agent/0.8.7/org.jacoco.agent-0.8.7-runtime.jar=destfile=/Users/kralizec/University/mutation/spring-petclinic_v1/target/jacoco.exec
[INFO] 
[INFO] --- git-commit-id-plugin:4.9.10:revision (default) @ spring-petclinic ---
[INFO] dotGitDirectory is null, aborting execution!
[INFO] 
[INFO] --- spring-boot-maven-plugin:2.6.3:build-info (default) @ spring-petclinic ---
[INFO] 
[INFO] --- maven-resources-plugin:3.2.0:resources (default-resources) @ spring-petclinic ---
[INFO] Using 'UTF-8' encoding to copy filtered resources.
[INFO] Using 'UTF-8' encoding to copy filtered properties files.
[INFO] Copying 3 resources
[INFO] Copying 43 resources
[INFO] 
[INFO] --- maven-compiler-plugin:3.8.1:compile (default-compile) @ spring-petclinic ---
[INFO] Changes detected - recompiling the module!
[INFO] Compiling 23 source files to /Users/kralizec/University/mutation/spring-petclinic_v1/target/classes
[INFO] 
[INFO] --- maven-resources-plugin:3.2.0:testResources (default-testResources) @ spring-petclinic ---
[INFO] Using 'UTF-8' encoding to copy filtered resources.
[INFO] Using 'UTF-8' encoding to copy filtered properties files.
[INFO] skip non existing resourceDirectory /Users/kralizec/University/mutation/spring-petclinic_v1/src/test/resources
[INFO] 
[INFO] --- maven-compiler-plugin:3.8.1:testCompile (default-testCompile) @ spring-petclinic ---
[INFO] Changes detected - recompiling the module!
[INFO] Compiling 11 source files to /Users/kralizec/University/mutation/spring-petclinic_v1/target/test-classes
[INFO] 
[INFO] --- maven-surefire-plugin:2.22.2:test (default-test) @ spring-petclinic ---
[INFO] 
[INFO] -------------------------------------------------------
[INFO]  T E S T S
[INFO] -------------------------------------------------------
[INFO] Running org.springframework.samples.petclinic.vet.VetControllerTests
08:47:05.746 [main] DEBUG org.springframework.test.context.BootstrapUtils - Instantiating CacheAwareContextLoaderDelegate from class [org.springframework.test.context.cache.DefaultCacheAwareContextLoaderDelegate]
08:47:05.783 [main] DEBUG org.springframework.test.context.BootstrapUtils - Instantiating BootstrapContext using constructor [public org.springframework.test.context.support.DefaultBootstrapContext(java.lang.Class,org.springframework.test.context.CacheAwareContextLoaderDelegate)]
08:47:05.945 [main] DEBUG org.springframework.test.context.BootstrapUtils - Instantiating TestContextBootstrapper for test class [org.springframework.samples.petclinic.vet.VetControllerTests] from class [org.springframework.boot.test.autoconfigure.web.servlet.WebMvcTestContextBootstrapper]
08:47:05.992 [main] INFO org.springframework.boot.test.autoconfigure.web.servlet.WebMvcTestContextBootstrapper - Neither @ContextConfiguration nor @ContextHierarchy found for test class [org.springframework.samples.petclinic.vet.VetControllerTests], using SpringBootContextLoader
08:47:06.007 [main] DEBUG org.springframework.test.context.support.AbstractContextLoader - Did not detect default resource location for test class [org.springframework.samples.petclinic.vet.VetControllerTests]: class path resource [org/springframework/samples/petclinic/vet/VetControllerTests-context.xml] does not exist
08:47:06.008 [main] DEBUG org.springframework.test.context.support.AbstractContextLoader - Did not detect default resource location for test class [org.springframework.samples.petclinic.vet.VetControllerTests]: class path resource [org/springframework/samples/petclinic/vet/VetControllerTestsContext.groovy] does not exist
08:47:06.009 [main] INFO org.springframework.test.context.support.AbstractContextLoader - Could not detect default resource locations for test class [org.springframework.samples.petclinic.vet.VetControllerTests]: no resource found for suffixes {-context.xml, Context.groovy}.
08:47:06.010 [main] INFO org.springframework.test.context.support.AnnotationConfigContextLoaderUtils - Could not detect default configuration classes for test class [org.springframework.samples.petclinic.vet.VetControllerTests]: VetControllerTests does not declare any static, non-private, non-final, nested classes annotated with @Configuration.
08:47:06.197 [main] DEBUG org.springframework.test.context.support.ActiveProfilesUtils - Could not find an 'annotation declaring class' for annotation type [org.springframework.test.context.ActiveProfiles] and class [org.springframework.samples.petclinic.vet.VetControllerTests]
08:47:06.390 [main] DEBUG org.springframework.context.annotation.ClassPathScanningCandidateComponentProvider - Identified candidate component class: file [/Users/kralizec/University/mutation/spring-petclinic_v1/target/classes/org/springframework/samples/petclinic/PetClinicApplication.class]
08:47:06.393 [main] INFO org.springframework.boot.test.context.SpringBootTestContextBootstrapper - Found @SpringBootConfiguration org.springframework.samples.petclinic.PetClinicApplication for test class org.springframework.samples.petclinic.vet.VetControllerTests
08:47:06.409 [main] DEBUG org.springframework.boot.test.autoconfigure.web.servlet.WebMvcTestContextBootstrapper - @TestExecutionListeners is not present for class [org.springframework.samples.petclinic.vet.VetControllerTests]: using defaults.
08:47:06.414 [main] INFO org.springframework.boot.test.autoconfigure.web.servlet.WebMvcTestContextBootstrapper - Loaded default TestExecutionListener class names from location [META-INF/spring.factories]: [org.springframework.boot.test.mock.mockito.MockitoTestExecutionListener, org.springframework.boot.test.mock.mockito.ResetMocksTestExecutionListener, org.springframework.boot.test.autoconfigure.restdocs.RestDocsTestExecutionListener, org.springframework.boot.test.autoconfigure.web.client.MockRestServiceServerResetTestExecutionListener, org.springframework.boot.test.autoconfigure.web.servlet.MockMvcPrintOnlyOnFailureTestExecutionListener, org.springframework.boot.test.autoconfigure.web.servlet.WebDriverTestExecutionListener, org.springframework.boot.test.autoconfigure.webservices.client.MockWebServiceServerTestExecutionListener, org.springframework.test.context.web.ServletTestExecutionListener, org.springframework.test.context.support.DirtiesContextBeforeModesTestExecutionListener, org.springframework.test.context.event.ApplicationEventsTestExecutionListener, org.springframework.test.context.support.DependencyInjectionTestExecutionListener, org.springframework.test.context.support.DirtiesContextTestExecutionListener, org.springframework.test.context.transaction.TransactionalTestExecutionListener, org.springframework.test.context.jdbc.SqlScriptsTestExecutionListener, org.springframework.test.context.event.EventPublishingTestExecutionListener]
08:47:06.490 [main] INFO org.springframework.boot.test.autoconfigure.web.servlet.WebMvcTestContextBootstrapper - Using TestExecutionListeners: [org.springframework.test.context.web.ServletTestExecutionListener@6f0cb5a1, org.springframework.test.context.support.DirtiesContextBeforeModesTestExecutionListener@1b29d52b, org.springframework.test.context.event.ApplicationEventsTestExecutionListener@47547132, org.springframework.boot.test.mock.mockito.MockitoTestExecutionListener@655523dd, org.springframework.boot.test.autoconfigure.SpringBootDependencyInjectionTestExecutionListener@6f7e336b, org.springframework.test.context.support.DirtiesContextTestExecutionListener@3a2b2322, org.springframework.test.context.transaction.TransactionalTestExecutionListener@5e1218b4, org.springframework.test.context.jdbc.SqlScriptsTestExecutionListener@12958360, org.springframework.test.context.event.EventPublishingTestExecutionListener@c6e0f32, org.springframework.boot.test.mock.mockito.ResetMocksTestExecutionListener@6f3f0fae, org.springframework.boot.test.autoconfigure.restdocs.RestDocsTestExecutionListener@21a66d45, org.springframework.boot.test.autoconfigure.web.client.MockRestServiceServerResetTestExecutionListener@1f966492, org.springframework.boot.test.autoconfigure.web.servlet.MockMvcPrintOnlyOnFailureTestExecutionListener@63fdffcd, org.springframework.boot.test.autoconfigure.web.servlet.WebDriverTestExecutionListener@7428de63, org.springframework.boot.test.autoconfigure.webservices.client.MockWebServiceServerTestExecutionListener@66f659e6]
08:47:06.499 [main] DEBUG org.springframework.test.context.support.AbstractDirtiesContextTestExecutionListener - Before test class: context [DefaultTestContext@11de56e6 testClass = VetControllerTests, testInstance = [null], testMethod = [null], testException = [null], mergedContextConfiguration = [WebMergedContextConfiguration@616b241a testClass = VetControllerTests, locations = '{}', classes = '{class org.springframework.samples.petclinic.PetClinicApplication}', contextInitializerClasses = '[]', activeProfiles = '{}', propertySourceLocations = '{}', propertySourceProperties = '{org.springframework.boot.test.autoconfigure.web.servlet.WebMvcTestContextBootstrapper=true}', contextCustomizers = set[[ImportsContextCustomizer@b8e246c key = [org.springframework.boot.autoconfigure.cache.CacheAutoConfiguration, org.springframework.boot.autoconfigure.context.MessageSourceAutoConfiguration, org.springframework.boot.autoconfigure.data.web.SpringDataWebAutoConfiguration, org.springframework.boot.autoconfigure.freemarker.FreeMarkerAutoConfiguration, org.springframework.boot.autoconfigure.groovy.template.GroovyTemplateAutoConfiguration, org.springframework.boot.autoconfigure.gson.GsonAutoConfiguration, org.springframework.boot.autoconfigure.hateoas.HypermediaAutoConfiguration, org.springframework.boot.autoconfigure.http.HttpMessageConvertersAutoConfiguration, org.springframework.boot.autoconfigure.jackson.JacksonAutoConfiguration, org.springframework.boot.autoconfigure.jsonb.JsonbAutoConfiguration, org.springframework.boot.autoconfigure.mustache.MustacheAutoConfiguration, org.springframework.boot.autoconfigure.task.TaskExecutionAutoConfiguration, org.springframework.boot.autoconfigure.thymeleaf.ThymeleafAutoConfiguration, org.springframework.boot.autoconfigure.validation.ValidationAutoConfiguration, org.springframework.boot.autoconfigure.web.servlet.error.ErrorMvcAutoConfiguration, org.springframework.boot.autoconfigure.web.servlet.HttpEncodingAutoConfiguration, org.springframework.boot.autoconfigure.web.servlet.WebMvcAutoConfiguration, org.springframework.boot.test.autoconfigure.web.servlet.MockMvcAutoConfiguration, org.springframework.boot.test.autoconfigure.web.servlet.MockMvcWebClientAutoConfiguration, org.springframework.boot.test.autoconfigure.web.servlet.MockMvcWebDriverAutoConfiguration, org.springframework.boot.autoconfigure.security.oauth2.client.servlet.OAuth2ClientAutoConfiguration, org.springframework.boot.autoconfigure.security.oauth2.resource.servlet.OAuth2ResourceServerAutoConfiguration, org.springframework.boot.autoconfigure.security.servlet.SecurityAutoConfiguration, org.springframework.boot.autoconfigure.security.servlet.SecurityFilterAutoConfiguration, org.springframework.boot.autoconfigure.security.servlet.UserDetailsServiceAutoConfiguration, org.springframework.boot.test.autoconfigure.web.servlet.MockMvcSecurityConfiguration, org.springframework.boot.test.autoconfigure.web.reactive.WebTestClientAutoConfiguration]], org.springframework.boot.test.context.filter.ExcludeFilterContextCustomizer@4f8caaf3, org.springframework.boot.test.json.DuplicateJsonObjectContextCustomizerFactory$DuplicateJsonObjectContextCustomizer@41c62850, org.springframework.boot.test.mock.mockito.MockitoContextCustomizer@2c0d0fed, org.springframework.boot.test.autoconfigure.OverrideAutoConfigurationContextCustomizerFactory$DisableAutoConfigurationContextCustomizer@3003697, org.springframework.boot.test.autoconfigure.actuate.metrics.MetricsExportContextCustomizerFactory$DisableMetricExportContextCustomizer@410e94e, org.springframework.boot.test.autoconfigure.filter.TypeExcludeFiltersContextCustomizer@1dea10ce, org.springframework.boot.test.autoconfigure.properties.PropertyMappingContextCustomizer@324dcf27, org.springframework.boot.test.autoconfigure.web.servlet.WebDriverContextCustomizerFactory$Customizer@452c8a40, org.springframework.boot.test.context.SpringBootTestArgs@1, org.springframework.boot.test.context.SpringBootTestWebEnvironment@0], resourceBasePath = 'src/main/webapp', contextLoader = 'org.springframework.boot.test.context.SpringBootContextLoader', parent = [null]], attributes = map[[empty]]], class annotated with @DirtiesContext [false] with mode [null].


              |\      _,,,--,,_
             /,`.-'`'   ._  \-;;,_
  _______ __|,4-  ) )_   .;.(__`'-'__     ___ __    _ ___ _______
 |       | '---''(_/._)-'(_\_)   |   |   |   |  |  | |   |       |
 |    _  |    ___|_     _|       |   |   |   |   |_| |   |       | __ _ _
 |   |_| |   |___  |   | |       |   |   |   |       |   |       | \ \ \ \
 |    ___|    ___| |   | |      _|   |___|   |  _    |   |      _|  \ \ \ \
 |   |   |   |___  |   | |     |_|       |   | | |   |   |     |_    ) ) ) )
 |___|   |_______| |___| |_______|_______|___|_|  |__|___|_______|  / / / /
 ==================================================================/_/_/_/

:: Built with Spring Boot :: 2.6.3


2022-03-15 08:47:07.514  INFO 21427 --- [           main] o.s.s.petclinic.vet.VetControllerTests   : Starting VetControllerTests using Java 15.0.1 on MARCOS-MBP.station with PID 21427 (started by kralizec in /Users/kralizec/University/mutation/spring-petclinic_v1)
2022-03-15 08:47:07.516  INFO 21427 --- [           main] o.s.s.petclinic.vet.VetControllerTests   : No active profile set, falling back to default profiles: default
2022-03-15 08:47:12.359  INFO 21427 --- [           main] o.s.b.t.m.w.SpringBootMockServletContext : Initializing Spring TestDispatcherServlet ''
2022-03-15 08:47:12.359  INFO 21427 --- [           main] o.s.t.web.servlet.TestDispatcherServlet  : Initializing Servlet ''
2022-03-15 08:47:12.361  INFO 21427 --- [           main] o.s.t.web.servlet.TestDispatcherServlet  : Completed initialization in 2 ms
2022-03-15 08:47:12.422  INFO 21427 --- [           main] o.s.s.petclinic.vet.VetControllerTests   : Started VetControllerTests in 5.792 seconds (JVM running for 9.853)
2022-03-15 08:47:12.529  WARN 21427 --- [           main] o.s.test.context.TestContextManager      : Caught exception while invoking 'afterTestMethod' callback on TestExecutionListener [org.springframework.boot.test.mock.mockito.ResetMocksTestExecutionListener@6f3f0fae] for test method [void org.springframework.samples.petclinic.vet.VetControllerTests.testShowVetListHtml() throws java.lang.Exception] and test instance [org.springframework.samples.petclinic.vet.VetControllerTests@19aa9540]

org.mockito.exceptions.misusing.UnfinishedStubbingException: 
Unfinished stubbing detected here:
-> at org.springframework.samples.petclinic.vet.VetControllerTests.setup(VetControllerTests.java:72)

E.g. thenReturn() may be missing.
Examples of correct stubbing:
    when(mock.isOk()).thenReturn(true);
    when(mock.isOk()).thenThrow(exception);
    doThrow(exception).when(mock).someVoidMethod();
Hints:
 1. missing thenReturn()
 2. you are trying to stub a final method, which is not supported
 3. you are stubbing the behaviour of another mock inside before 'thenReturn' instruction is completed

	at org.springframework.boot.test.mock.mockito.ResetMocksTestExecutionListener.resetMocks(ResetMocksTestExecutionListener.java:83) ~[spring-boot-test-2.6.3.jar:2.6.3]
	at org.springframework.boot.test.mock.mockito.ResetMocksTestExecutionListener.resetMocks(ResetMocksTestExecutionListener.java:70) ~[spring-boot-test-2.6.3.jar:2.6.3]
	at org.springframework.boot.test.mock.mockito.ResetMocksTestExecutionListener.afterTestMethod(ResetMocksTestExecutionListener.java:64) ~[spring-boot-test-2.6.3.jar:2.6.3]
	at org.springframework.test.context.TestContextManager.afterTestMethod(TestContextManager.java:445) ~[spring-test-5.3.15.jar:5.3.15]
	at org.springframework.test.context.junit.jupiter.SpringExtension.afterEach(SpringExtension.java:206) ~[spring-test-5.3.15.jar:5.3.15]
	at org.junit.jupiter.engine.descriptor.TestMethodTestDescriptor.lambda$invokeAfterEachCallbacks$12(TestMethodTestDescriptor.java:257) ~[junit-jupiter-engine-5.8.2.jar:5.8.2]
	at org.junit.jupiter.engine.descriptor.TestMethodTestDescriptor.lambda$invokeAllAfterMethodsOrCallbacks$13(TestMethodTestDescriptor.java:273) ~[junit-jupiter-engine-5.8.2.jar:5.8.2]
	at org.junit.platform.engine.support.hierarchical.ThrowableCollector.execute(ThrowableCollector.java:73) ~[junit-platform-engine-1.8.2.jar:1.8.2]
	at org.junit.jupiter.engine.descriptor.TestMethodTestDescriptor.lambda$invokeAllAfterMethodsOrCallbacks$14(TestMethodTestDescriptor.java:273) ~[junit-jupiter-engine-5.8.2.jar:5.8.2]
	at java.base/java.util.ArrayList.forEach(ArrayList.java:1511) ~[na:na]
	at org.junit.jupiter.engine.descriptor.TestMethodTestDescriptor.invokeAllAfterMethodsOrCallbacks(TestMethodTestDescriptor.java:272) ~[junit-jupiter-engine-5.8.2.jar:5.8.2]
	at org.junit.jupiter.engine.descriptor.TestMethodTestDescriptor.invokeAfterEachCallbacks(TestMethodTestDescriptor.java:256) ~[junit-jupiter-engine-5.8.2.jar:5.8.2]
	at org.junit.jupiter.engine.descriptor.TestMethodTestDescriptor.execute(TestMethodTestDescriptor.java:141) ~[junit-jupiter-engine-5.8.2.jar:5.8.2]
	at org.junit.jupiter.engine.descriptor.TestMethodTestDescriptor.execute(TestMethodTestDescriptor.java:66) ~[junit-jupiter-engine-5.8.2.jar:5.8.2]
	at org.junit.platform.engine.support.hierarchical.NodeTestTask.lambda$executeRecursively$6(NodeTestTask.java:151) ~[junit-platform-engine-1.8.2.jar:1.8.2]
	at org.junit.platform.engine.support.hierarchical.ThrowableCollector.execute(ThrowableCollector.java:73) ~[junit-platform-engine-1.8.2.jar:1.8.2]
	at org.junit.platform.engine.support.hierarchical.NodeTestTask.lambda$executeRecursively$8(NodeTestTask.java:141) ~[junit-platform-engine-1.8.2.jar:1.8.2]
	at org.junit.platform.engine.support.hierarchical.Node.around(Node.java:137) ~[junit-platform-engine-1.8.2.jar:1.8.2]
	at org.junit.platform.engine.support.hierarchical.NodeTestTask.lambda$executeRecursively$9(NodeTestTask.java:139) ~[junit-platform-engine-1.8.2.jar:1.8.2]
	at org.junit.platform.engine.support.hierarchical.ThrowableCollector.execute(ThrowableCollector.java:73) ~[junit-platform-engine-1.8.2.jar:1.8.2]
	at org.junit.platform.engine.support.hierarchical.NodeTestTask.executeRecursively(NodeTestTask.java:138) ~[junit-platform-engine-1.8.2.jar:1.8.2]
	at org.junit.platform.engine.support.hierarchical.NodeTestTask.execute(NodeTestTask.java:95) ~[junit-platform-engine-1.8.2.jar:1.8.2]
	at java.base/java.util.ArrayList.forEach(ArrayList.java:1511) ~[na:na]
	at org.junit.platform.engine.support.hierarchical.SameThreadHierarchicalTestExecutorService.invokeAll(SameThreadHierarchicalTestExecutorService.java:41) ~[junit-platform-engine-1.8.2.jar:1.8.2]
	at org.junit.platform.engine.support.hierarchical.NodeTestTask.lambda$executeRecursively$6(NodeTestTask.java:155) ~[junit-platform-engine-1.8.2.jar:1.8.2]
	at org.junit.platform.engine.support.hierarchical.ThrowableCollector.execute(ThrowableCollector.java:73) ~[junit-platform-engine-1.8.2.jar:1.8.2]
	at org.junit.platform.engine.support.hierarchical.NodeTestTask.lambda$executeRecursively$8(NodeTestTask.java:141) ~[junit-platform-engine-1.8.2.jar:1.8.2]
	at org.junit.platform.engine.support.hierarchical.Node.around(Node.java:137) ~[junit-platform-engine-1.8.2.jar:1.8.2]
	at org.junit.platform.engine.support.hierarchical.NodeTestTask.lambda$executeRecursively$9(NodeTestTask.java:139) ~[junit-platform-engine-1.8.2.jar:1.8.2]
	at org.junit.platform.engine.support.hierarchical.ThrowableCollector.execute(ThrowableCollector.java:73) ~[junit-platform-engine-1.8.2.jar:1.8.2]
	at org.junit.platform.engine.support.hierarchical.NodeTestTask.executeRecursively(NodeTestTask.java:138) ~[junit-platform-engine-1.8.2.jar:1.8.2]
	at org.junit.platform.engine.support.hierarchical.NodeTestTask.execute(NodeTestTask.java:95) ~[junit-platform-engine-1.8.2.jar:1.8.2]
	at java.base/java.util.ArrayList.forEach(ArrayList.java:1511) ~[na:na]
	at org.junit.platform.engine.support.hierarchical.SameThreadHierarchicalTestExecutorService.invokeAll(SameThreadHierarchicalTestExecutorService.java:41) ~[junit-platform-engine-1.8.2.jar:1.8.2]
	at org.junit.platform.engine.support.hierarchical.NodeTestTask.lambda$executeRecursively$6(NodeTestTask.java:155) ~[junit-platform-engine-1.8.2.jar:1.8.2]
	at org.junit.platform.engine.support.hierarchical.ThrowableCollector.execute(ThrowableCollector.java:73) ~[junit-platform-engine-1.8.2.jar:1.8.2]
	at org.junit.platform.engine.support.hierarchical.NodeTestTask.lambda$executeRecursively$8(NodeTestTask.java:141) ~[junit-platform-engine-1.8.2.jar:1.8.2]
	at org.junit.platform.engine.support.hierarchical.Node.around(Node.java:137) ~[junit-platform-engine-1.8.2.jar:1.8.2]
	at org.junit.platform.engine.support.hierarchical.NodeTestTask.lambda$executeRecursively$9(NodeTestTask.java:139) ~[junit-platform-engine-1.8.2.jar:1.8.2]
	at org.junit.platform.engine.support.hierarchical.ThrowableCollector.execute(ThrowableCollector.java:73) ~[junit-platform-engine-1.8.2.jar:1.8.2]
	at org.junit.platform.engine.support.hierarchical.NodeTestTask.executeRecursively(NodeTestTask.java:138) ~[junit-platform-engine-1.8.2.jar:1.8.2]
	at org.junit.platform.engine.support.hierarchical.NodeTestTask.execute(NodeTestTask.java:95) ~[junit-platform-engine-1.8.2.jar:1.8.2]
	at org.junit.platform.engine.support.hierarchical.SameThreadHierarchicalTestExecutorService.submit(SameThreadHierarchicalTestExecutorService.java:35) ~[junit-platform-engine-1.8.2.jar:1.8.2]
	at org.junit.platform.engine.support.hierarchical.HierarchicalTestExecutor.execute(HierarchicalTestExecutor.java:57) ~[junit-platform-engine-1.8.2.jar:1.8.2]
	at org.junit.platform.engine.support.hierarchical.HierarchicalTestEngine.execute(HierarchicalTestEngine.java:54) ~[junit-platform-engine-1.8.2.jar:1.8.2]
	at org.junit.platform.launcher.core.DefaultLauncher.execute(DefaultLauncher.java:220) ~[junit-platform-launcher-1.3.1.jar:1.3.1]
	at org.junit.platform.launcher.core.DefaultLauncher.lambda$execute$6(DefaultLauncher.java:188) ~[junit-platform-launcher-1.3.1.jar:1.3.1]
	at org.junit.platform.launcher.core.DefaultLauncher.withInterceptedStreams(DefaultLauncher.java:202) ~[junit-platform-launcher-1.3.1.jar:1.3.1]
	at org.junit.platform.launcher.core.DefaultLauncher.execute(DefaultLauncher.java:181) ~[junit-platform-launcher-1.3.1.jar:1.3.1]
	at org.junit.platform.launcher.core.DefaultLauncher.execute(DefaultLauncher.java:128) ~[junit-platform-launcher-1.3.1.jar:1.3.1]
	at org.apache.maven.surefire.junitplatform.JUnitPlatformProvider.invokeAllTests(JUnitPlatformProvider.java:150) ~[surefire-junit-platform-2.22.2.jar:2.22.2]
	at org.apache.maven.surefire.junitplatform.JUnitPlatformProvider.invoke(JUnitPlatformProvider.java:124) ~[surefire-junit-platform-2.22.2.jar:2.22.2]
	at org.apache.maven.surefire.booter.ForkedBooter.invokeProviderInSameClassLoader(ForkedBooter.java:384) ~[surefire-booter-2.22.2.jar:2.22.2]
	at org.apache.maven.surefire.booter.ForkedBooter.runSuitesInProcess(ForkedBooter.java:345) ~[surefire-booter-2.22.2.jar:2.22.2]
	at org.apache.maven.surefire.booter.ForkedBooter.execute(ForkedBooter.java:126) ~[surefire-booter-2.22.2.jar:2.22.2]
	at org.apache.maven.surefire.booter.ForkedBooter.main(ForkedBooter.java:418) ~[surefire-booter-2.22.2.jar:2.22.2]

2022-03-15 08:47:12.569  WARN 21427 --- [           main] o.s.test.context.TestContextManager      : Caught exception while invoking 'afterTestMethod' callback on TestExecutionListener [org.springframework.boot.test.mock.mockito.ResetMocksTestExecutionListener@6f3f0fae] for test method [void org.springframework.samples.petclinic.vet.VetControllerTests.testShowResourcesVetList() throws java.lang.Exception] and test instance [org.springframework.samples.petclinic.vet.VetControllerTests@77984827]

org.mockito.exceptions.misusing.UnfinishedStubbingException: 
Unfinished stubbing detected here:
-> at org.springframework.samples.petclinic.vet.VetControllerTests.setup(VetControllerTests.java:72)

E.g. thenReturn() may be missing.
Examples of correct stubbing:
    when(mock.isOk()).thenReturn(true);
    when(mock.isOk()).thenThrow(exception);
    doThrow(exception).when(mock).someVoidMethod();
Hints:
 1. missing thenReturn()
 2. you are trying to stub a final method, which is not supported
 3. you are stubbing the behaviour of another mock inside before 'thenReturn' instruction is completed

	at org.springframework.boot.test.mock.mockito.ResetMocksTestExecutionListener.resetMocks(ResetMocksTestExecutionListener.java:83) ~[spring-boot-test-2.6.3.jar:2.6.3]
	at org.springframework.boot.test.mock.mockito.ResetMocksTestExecutionListener.resetMocks(ResetMocksTestExecutionListener.java:70) ~[spring-boot-test-2.6.3.jar:2.6.3]
	at org.springframework.boot.test.mock.mockito.ResetMocksTestExecutionListener.afterTestMethod(ResetMocksTestExecutionListener.java:64) ~[spring-boot-test-2.6.3.jar:2.6.3]
	at org.springframework.test.context.TestContextManager.afterTestMethod(TestContextManager.java:445) ~[spring-test-5.3.15.jar:5.3.15]
	at org.springframework.test.context.junit.jupiter.SpringExtension.afterEach(SpringExtension.java:206) ~[spring-test-5.3.15.jar:5.3.15]
	at org.junit.jupiter.engine.descriptor.TestMethodTestDescriptor.lambda$invokeAfterEachCallbacks$12(TestMethodTestDescriptor.java:257) ~[junit-jupiter-engine-5.8.2.jar:5.8.2]
	at org.junit.jupiter.engine.descriptor.TestMethodTestDescriptor.lambda$invokeAllAfterMethodsOrCallbacks$13(TestMethodTestDescriptor.java:273) ~[junit-jupiter-engine-5.8.2.jar:5.8.2]
	at org.junit.platform.engine.support.hierarchical.ThrowableCollector.execute(ThrowableCollector.java:73) ~[junit-platform-engine-1.8.2.jar:1.8.2]
	at org.junit.jupiter.engine.descriptor.TestMethodTestDescriptor.lambda$invokeAllAfterMethodsOrCallbacks$14(TestMethodTestDescriptor.java:273) ~[junit-jupiter-engine-5.8.2.jar:5.8.2]
	at java.base/java.util.ArrayList.forEach(ArrayList.java:1511) ~[na:na]
	at org.junit.jupiter.engine.descriptor.TestMethodTestDescriptor.invokeAllAfterMethodsOrCallbacks(TestMethodTestDescriptor.java:272) ~[junit-jupiter-engine-5.8.2.jar:5.8.2]
	at org.junit.jupiter.engine.descriptor.TestMethodTestDescriptor.invokeAfterEachCallbacks(TestMethodTestDescriptor.java:256) ~[junit-jupiter-engine-5.8.2.jar:5.8.2]
	at org.junit.jupiter.engine.descriptor.TestMethodTestDescriptor.execute(TestMethodTestDescriptor.java:141) ~[junit-jupiter-engine-5.8.2.jar:5.8.2]
	at org.junit.jupiter.engine.descriptor.TestMethodTestDescriptor.execute(TestMethodTestDescriptor.java:66) ~[junit-jupiter-engine-5.8.2.jar:5.8.2]
	at org.junit.platform.engine.support.hierarchical.NodeTestTask.lambda$executeRecursively$6(NodeTestTask.java:151) ~[junit-platform-engine-1.8.2.jar:1.8.2]
	at org.junit.platform.engine.support.hierarchical.ThrowableCollector.execute(ThrowableCollector.java:73) ~[junit-platform-engine-1.8.2.jar:1.8.2]
	at org.junit.platform.engine.support.hierarchical.NodeTestTask.lambda$executeRecursively$8(NodeTestTask.java:141) ~[junit-platform-engine-1.8.2.jar:1.8.2]
	at org.junit.platform.engine.support.hierarchical.Node.around(Node.java:137) ~[junit-platform-engine-1.8.2.jar:1.8.2]
	at org.junit.platform.engine.support.hierarchical.NodeTestTask.lambda$executeRecursively$9(NodeTestTask.java:139) ~[junit-platform-engine-1.8.2.jar:1.8.2]
	at org.junit.platform.engine.support.hierarchical.ThrowableCollector.execute(ThrowableCollector.java:73) ~[junit-platform-engine-1.8.2.jar:1.8.2]
	at org.junit.platform.engine.support.hierarchical.NodeTestTask.executeRecursively(NodeTestTask.java:138) ~[junit-platform-engine-1.8.2.jar:1.8.2]
	at org.junit.platform.engine.support.hierarchical.NodeTestTask.execute(NodeTestTask.java:95) ~[junit-platform-engine-1.8.2.jar:1.8.2]
	at java.base/java.util.ArrayList.forEach(ArrayList.java:1511) ~[na:na]
	at org.junit.platform.engine.support.hierarchical.SameThreadHierarchicalTestExecutorService.invokeAll(SameThreadHierarchicalTestExecutorService.java:41) ~[junit-platform-engine-1.8.2.jar:1.8.2]
	at org.junit.platform.engine.support.hierarchical.NodeTestTask.lambda$executeRecursively$6(NodeTestTask.java:155) ~[junit-platform-engine-1.8.2.jar:1.8.2]
	at org.junit.platform.engine.support.hierarchical.ThrowableCollector.execute(ThrowableCollector.java:73) ~[junit-platform-engine-1.8.2.jar:1.8.2]
	at org.junit.platform.engine.support.hierarchical.NodeTestTask.lambda$executeRecursively$8(NodeTestTask.java:141) ~[junit-platform-engine-1.8.2.jar:1.8.2]
	at org.junit.platform.engine.support.hierarchical.Node.around(Node.java:137) ~[junit-platform-engine-1.8.2.jar:1.8.2]
	at org.junit.platform.engine.support.hierarchical.NodeTestTask.lambda$executeRecursively$9(NodeTestTask.java:139) ~[junit-platform-engine-1.8.2.jar:1.8.2]
	at org.junit.platform.engine.support.hierarchical.ThrowableCollector.execute(ThrowableCollector.java:73) ~[junit-platform-engine-1.8.2.jar:1.8.2]
	at org.junit.platform.engine.support.hierarchical.NodeTestTask.executeRecursively(NodeTestTask.java:138) ~[junit-platform-engine-1.8.2.jar:1.8.2]
	at org.junit.platform.engine.support.hierarchical.NodeTestTask.execute(NodeTestTask.java:95) ~[junit-platform-engine-1.8.2.jar:1.8.2]
	at java.base/java.util.ArrayList.forEach(ArrayList.java:1511) ~[na:na]
	at org.junit.platform.engine.support.hierarchical.SameThreadHierarchicalTestExecutorService.invokeAll(SameThreadHierarchicalTestExecutorService.java:41) ~[junit-platform-engine-1.8.2.jar:1.8.2]
	at org.junit.platform.engine.support.hierarchical.NodeTestTask.lambda$executeRecursively$6(NodeTestTask.java:155) ~[junit-platform-engine-1.8.2.jar:1.8.2]
	at org.junit.platform.engine.support.hierarchical.ThrowableCollector.execute(ThrowableCollector.java:73) ~[junit-platform-engine-1.8.2.jar:1.8.2]
	at org.junit.platform.engine.support.hierarchical.NodeTestTask.lambda$executeRecursively$8(NodeTestTask.java:141) ~[junit-platform-engine-1.8.2.jar:1.8.2]
	at org.junit.platform.engine.support.hierarchical.Node.around(Node.java:137) ~[junit-platform-engine-1.8.2.jar:1.8.2]
	at org.junit.platform.engine.support.hierarchical.NodeTestTask.lambda$executeRecursively$9(NodeTestTask.java:139) ~[junit-platform-engine-1.8.2.jar:1.8.2]
	at org.junit.platform.engine.support.hierarchical.ThrowableCollector.execute(ThrowableCollector.java:73) ~[junit-platform-engine-1.8.2.jar:1.8.2]
	at org.junit.platform.engine.support.hierarchical.NodeTestTask.executeRecursively(NodeTestTask.java:138) ~[junit-platform-engine-1.8.2.jar:1.8.2]
	at org.junit.platform.engine.support.hierarchical.NodeTestTask.execute(NodeTestTask.java:95) ~[junit-platform-engine-1.8.2.jar:1.8.2]
	at org.junit.platform.engine.support.hierarchical.SameThreadHierarchicalTestExecutorService.submit(SameThreadHierarchicalTestExecutorService.java:35) ~[junit-platform-engine-1.8.2.jar:1.8.2]
	at org.junit.platform.engine.support.hierarchical.HierarchicalTestExecutor.execute(HierarchicalTestExecutor.java:57) ~[junit-platform-engine-1.8.2.jar:1.8.2]
	at org.junit.platform.engine.support.hierarchical.HierarchicalTestEngine.execute(HierarchicalTestEngine.java:54) ~[junit-platform-engine-1.8.2.jar:1.8.2]
	at org.junit.platform.launcher.core.DefaultLauncher.execute(DefaultLauncher.java:220) ~[junit-platform-launcher-1.3.1.jar:1.3.1]
	at org.junit.platform.launcher.core.DefaultLauncher.lambda$execute$6(DefaultLauncher.java:188) ~[junit-platform-launcher-1.3.1.jar:1.3.1]
	at org.junit.platform.launcher.core.DefaultLauncher.withInterceptedStreams(DefaultLauncher.java:202) ~[junit-platform-launcher-1.3.1.jar:1.3.1]
	at org.junit.platform.launcher.core.DefaultLauncher.execute(DefaultLauncher.java:181) ~[junit-platform-launcher-1.3.1.jar:1.3.1]
	at org.junit.platform.launcher.core.DefaultLauncher.execute(DefaultLauncher.java:128) ~[junit-platform-launcher-1.3.1.jar:1.3.1]
	at org.apache.maven.surefire.junitplatform.JUnitPlatformProvider.invokeAllTests(JUnitPlatformProvider.java:150) ~[surefire-junit-platform-2.22.2.jar:2.22.2]
	at org.apache.maven.surefire.junitplatform.JUnitPlatformProvider.invoke(JUnitPlatformProvider.java:124) ~[surefire-junit-platform-2.22.2.jar:2.22.2]
	at org.apache.maven.surefire.booter.ForkedBooter.invokeProviderInSameClassLoader(ForkedBooter.java:384) ~[surefire-booter-2.22.2.jar:2.22.2]
	at org.apache.maven.surefire.booter.ForkedBooter.runSuitesInProcess(ForkedBooter.java:345) ~[surefire-booter-2.22.2.jar:2.22.2]
	at org.apache.maven.surefire.booter.ForkedBooter.execute(ForkedBooter.java:126) ~[surefire-booter-2.22.2.jar:2.22.2]
	at org.apache.maven.surefire.booter.ForkedBooter.main(ForkedBooter.java:418) ~[surefire-booter-2.22.2.jar:2.22.2]

[ERROR] Tests run: 2, Failures: 0, Errors: 2, Skipped: 0, Time elapsed: 7.28 s <<< FAILURE! - in org.springframework.samples.petclinic.vet.VetControllerTests
[ERROR] testShowVetListHtml  Time elapsed: 0.179 s  <<< ERROR!
java.lang.NullPointerException: Cannot invoke "java.util.Set.add(Object)" because the return value of "org.springframework.samples.petclinic.vet.Vet.getSpecialtiesInternal()" is null
	at org.springframework.samples.petclinic.vet.VetControllerTests.helen(VetControllerTests.java:66)
	at org.springframework.samples.petclinic.vet.VetControllerTests.setup(VetControllerTests.java:72)

[ERROR] testShowResourcesVetList  Time elapsed: 0.068 s  <<< ERROR!
java.lang.NullPointerException: Cannot invoke "java.util.Set.add(Object)" because the return value of "org.springframework.samples.petclinic.vet.Vet.getSpecialtiesInternal()" is null
	at org.springframework.samples.petclinic.vet.VetControllerTests.helen(VetControllerTests.java:66)
	at org.springframework.samples.petclinic.vet.VetControllerTests.setup(VetControllerTests.java:72)

[INFO] Running org.springframework.samples.petclinic.vet.VetTests
[INFO] Tests run: 1, Failures: 0, Errors: 0, Skipped: 0, Time elapsed: 0.074 s - in org.springframework.samples.petclinic.vet.VetTests
[INFO] Running org.springframework.samples.petclinic.owner.OwnerControllerTests
2022-03-15 08:47:12.819  INFO 21427 --- [           main] .b.t.a.w.s.WebMvcTestContextBootstrapper : Neither @ContextConfiguration nor @ContextHierarchy found for test class [org.springframework.samples.petclinic.owner.OwnerControllerTests], using SpringBootContextLoader
2022-03-15 08:47:12.820  INFO 21427 --- [           main] o.s.t.c.support.AbstractContextLoader    : Could not detect default resource locations for test class [org.springframework.samples.petclinic.owner.OwnerControllerTests]: no resource found for suffixes {-context.xml, Context.groovy}.
2022-03-15 08:47:12.822  INFO 21427 --- [           main] t.c.s.AnnotationConfigContextLoaderUtils : Could not detect default configuration classes for test class [org.springframework.samples.petclinic.owner.OwnerControllerTests]: OwnerControllerTests does not declare any static, non-private, non-final, nested classes annotated with @Configuration.
2022-03-15 08:47:12.847  INFO 21427 --- [           main] .b.t.c.SpringBootTestContextBootstrapper : Found @SpringBootConfiguration org.springframework.samples.petclinic.PetClinicApplication for test class org.springframework.samples.petclinic.owner.OwnerControllerTests
2022-03-15 08:47:12.849  INFO 21427 --- [           main] .b.t.a.w.s.WebMvcTestContextBootstrapper : Loaded default TestExecutionListener class names from location [META-INF/spring.factories]: [org.springframework.boot.test.mock.mockito.MockitoTestExecutionListener, org.springframework.boot.test.mock.mockito.ResetMocksTestExecutionListener, org.springframework.boot.test.autoconfigure.restdocs.RestDocsTestExecutionListener, org.springframework.boot.test.autoconfigure.web.client.MockRestServiceServerResetTestExecutionListener, org.springframework.boot.test.autoconfigure.web.servlet.MockMvcPrintOnlyOnFailureTestExecutionListener, org.springframework.boot.test.autoconfigure.web.servlet.WebDriverTestExecutionListener, org.springframework.boot.test.autoconfigure.webservices.client.MockWebServiceServerTestExecutionListener, org.springframework.test.context.web.ServletTestExecutionListener, org.springframework.test.context.support.DirtiesContextBeforeModesTestExecutionListener, org.springframework.test.context.event.ApplicationEventsTestExecutionListener, org.springframework.test.context.support.DependencyInjectionTestExecutionListener, org.springframework.test.context.support.DirtiesContextTestExecutionListener, org.springframework.test.context.transaction.TransactionalTestExecutionListener, org.springframework.test.context.jdbc.SqlScriptsTestExecutionListener, org.springframework.test.context.event.EventPublishingTestExecutionListener]
2022-03-15 08:47:12.850  INFO 21427 --- [           main] .b.t.a.w.s.WebMvcTestContextBootstrapper : Using TestExecutionListeners: [org.springframework.test.context.web.ServletTestExecutionListener@28d48616, org.springframework.test.context.support.DirtiesContextBeforeModesTestExecutionListener@27acd9a7, org.springframework.test.context.event.ApplicationEventsTestExecutionListener@3f7d20c5, org.springframework.boot.test.mock.mockito.MockitoTestExecutionListener@142f0ac1, org.springframework.boot.test.autoconfigure.SpringBootDependencyInjectionTestExecutionListener@1847da64, org.springframework.test.context.support.DirtiesContextTestExecutionListener@5967492a, org.springframework.test.context.transaction.TransactionalTestExecutionListener@f4a21cb, org.springframework.test.context.jdbc.SqlScriptsTestExecutionListener@635f4be1, org.springframework.test.context.event.EventPublishingTestExecutionListener@456d3914, org.springframework.boot.test.mock.mockito.ResetMocksTestExecutionListener@26a0068a, org.springframework.boot.test.autoconfigure.restdocs.RestDocsTestExecutionListener@783a2fec, org.springframework.boot.test.autoconfigure.web.client.MockRestServiceServerResetTestExecutionListener@61236349, org.springframework.boot.test.autoconfigure.web.servlet.MockMvcPrintOnlyOnFailureTestExecutionListener@4daa53e0, org.springframework.boot.test.autoconfigure.web.servlet.WebDriverTestExecutionListener@6b989889, org.springframework.boot.test.autoconfigure.webservices.client.MockWebServiceServerTestExecutionListener@42748f59]


              |\      _,,,--,,_
             /,`.-'`'   ._  \-;;,_
  _______ __|,4-  ) )_   .;.(__`'-'__     ___ __    _ ___ _______
 |       | '---''(_/._)-'(_\_)   |   |   |   |  |  | |   |       |
 |    _  |    ___|_     _|       |   |   |   |   |_| |   |       | __ _ _
 |   |_| |   |___  |   | |       |   |   |   |       |   |       | \ \ \ \
 |    ___|    ___| |   | |      _|   |___|   |  _    |   |      _|  \ \ \ \
 |   |   |   |___  |   | |     |_|       |   | | |   |   |     |_    ) ) ) )
 |___|   |_______| |___| |_______|_______|___|_|  |__|___|_______|  / / / /
 ==================================================================/_/_/_/

:: Built with Spring Boot :: 2.6.3


2022-03-15 08:47:12.915  INFO 21427 --- [           main] o.s.s.p.owner.OwnerControllerTests       : Starting OwnerControllerTests using Java 15.0.1 on MARCOS-MBP.station with PID 21427 (started by kralizec in /Users/kralizec/University/mutation/spring-petclinic_v1)
2022-03-15 08:47:12.916  INFO 21427 --- [           main] o.s.s.p.owner.OwnerControllerTests       : No active profile set, falling back to default profiles: default
2022-03-15 08:47:14.907  INFO 21427 --- [           main] o.s.b.t.m.w.SpringBootMockServletContext : Initializing Spring TestDispatcherServlet ''
2022-03-15 08:47:14.907  INFO 21427 --- [           main] o.s.t.web.servlet.TestDispatcherServlet  : Initializing Servlet ''
2022-03-15 08:47:14.913  INFO 21427 --- [           main] o.s.t.web.servlet.TestDispatcherServlet  : Completed initialization in 6 ms
2022-03-15 08:47:14.973  INFO 21427 --- [           main] o.s.s.p.owner.OwnerControllerTests       : Started OwnerControllerTests in 2.118 seconds (JVM running for 12.403)
[INFO] Tests run: 11, Failures: 0, Errors: 0, Skipped: 0, Time elapsed: 4.851 s - in org.springframework.samples.petclinic.owner.OwnerControllerTests
[INFO] Running org.springframework.samples.petclinic.owner.PetControllerTests
2022-03-15 08:47:17.672  INFO 21427 --- [           main] .b.t.a.w.s.WebMvcTestContextBootstrapper : Neither @ContextConfiguration nor @ContextHierarchy found for test class [org.springframework.samples.petclinic.owner.PetControllerTests], using SpringBootContextLoader
2022-03-15 08:47:17.673  INFO 21427 --- [           main] o.s.t.c.support.AbstractContextLoader    : Could not detect default resource locations for test class [org.springframework.samples.petclinic.owner.PetControllerTests]: no resource found for suffixes {-context.xml, Context.groovy}.
2022-03-15 08:47:17.674  INFO 21427 --- [           main] t.c.s.AnnotationConfigContextLoaderUtils : Could not detect default configuration classes for test class [org.springframework.samples.petclinic.owner.PetControllerTests]: PetControllerTests does not declare any static, non-private, non-final, nested classes annotated with @Configuration.
2022-03-15 08:47:17.688  INFO 21427 --- [           main] .b.t.c.SpringBootTestContextBootstrapper : Found @SpringBootConfiguration org.springframework.samples.petclinic.PetClinicApplication for test class org.springframework.samples.petclinic.owner.PetControllerTests
2022-03-15 08:47:17.690  INFO 21427 --- [           main] .b.t.a.w.s.WebMvcTestContextBootstrapper : Loaded default TestExecutionListener class names from location [META-INF/spring.factories]: [org.springframework.boot.test.mock.mockito.MockitoTestExecutionListener, org.springframework.boot.test.mock.mockito.ResetMocksTestExecutionListener, org.springframework.boot.test.autoconfigure.restdocs.RestDocsTestExecutionListener, org.springframework.boot.test.autoconfigure.web.client.MockRestServiceServerResetTestExecutionListener, org.springframework.boot.test.autoconfigure.web.servlet.MockMvcPrintOnlyOnFailureTestExecutionListener, org.springframework.boot.test.autoconfigure.web.servlet.WebDriverTestExecutionListener, org.springframework.boot.test.autoconfigure.webservices.client.MockWebServiceServerTestExecutionListener, org.springframework.test.context.web.ServletTestExecutionListener, org.springframework.test.context.support.DirtiesContextBeforeModesTestExecutionListener, org.springframework.test.context.event.ApplicationEventsTestExecutionListener, org.springframework.test.context.support.DependencyInjectionTestExecutionListener, org.springframework.test.context.support.DirtiesContextTestExecutionListener, org.springframework.test.context.transaction.TransactionalTestExecutionListener, org.springframework.test.context.jdbc.SqlScriptsTestExecutionListener, org.springframework.test.context.event.EventPublishingTestExecutionListener]
2022-03-15 08:47:17.691  INFO 21427 --- [           main] .b.t.a.w.s.WebMvcTestContextBootstrapper : Using TestExecutionListeners: [org.springframework.test.context.web.ServletTestExecutionListener@4a3e3ce3, org.springframework.test.context.support.DirtiesContextBeforeModesTestExecutionListener@67954442, org.springframework.test.context.event.ApplicationEventsTestExecutionListener@7bb5c602, org.springframework.boot.test.mock.mockito.MockitoTestExecutionListener@714ab3a1, org.springframework.boot.test.autoconfigure.SpringBootDependencyInjectionTestExecutionListener@4aa8504f, org.springframework.test.context.support.DirtiesContextTestExecutionListener@7d2aa0c, org.springframework.test.context.transaction.TransactionalTestExecutionListener@5282f922, org.springframework.test.context.jdbc.SqlScriptsTestExecutionListener@76f18f68, org.springframework.test.context.event.EventPublishingTestExecutionListener@7e5383d1, org.springframework.boot.test.mock.mockito.ResetMocksTestExecutionListener@6c43d4dd, org.springframework.boot.test.autoconfigure.restdocs.RestDocsTestExecutionListener@29cd7b9e, org.springframework.boot.test.autoconfigure.web.client.MockRestServiceServerResetTestExecutionListener@53bd2b00, org.springframework.boot.test.autoconfigure.web.servlet.MockMvcPrintOnlyOnFailureTestExecutionListener@319267ad, org.springframework.boot.test.autoconfigure.web.servlet.WebDriverTestExecutionListener@4305b87e, org.springframework.boot.test.autoconfigure.webservices.client.MockWebServiceServerTestExecutionListener@1d62a0b]


              |\      _,,,--,,_
             /,`.-'`'   ._  \-;;,_
  _______ __|,4-  ) )_   .;.(__`'-'__     ___ __    _ ___ _______
 |       | '---''(_/._)-'(_\_)   |   |   |   |  |  | |   |       |
 |    _  |    ___|_     _|       |   |   |   |   |_| |   |       | __ _ _
 |   |_| |   |___  |   | |       |   |   |   |       |   |       | \ \ \ \
 |    ___|    ___| |   | |      _|   |___|   |  _    |   |      _|  \ \ \ \
 |   |   |   |___  |   | |     |_|       |   | | |   |   |     |_    ) ) ) )
 |___|   |_______| |___| |_______|_______|___|_|  |__|___|_______|  / / / /
 ==================================================================/_/_/_/

:: Built with Spring Boot :: 2.6.3


2022-03-15 08:47:17.750  INFO 21427 --- [           main] o.s.s.p.owner.PetControllerTests         : Starting PetControllerTests using Java 15.0.1 on MARCOS-MBP.station with PID 21427 (started by kralizec in /Users/kralizec/University/mutation/spring-petclinic_v1)
2022-03-15 08:47:17.750  INFO 21427 --- [           main] o.s.s.p.owner.PetControllerTests         : No active profile set, falling back to default profiles: default
2022-03-15 08:47:18.882  INFO 21427 --- [           main] o.s.b.t.m.w.SpringBootMockServletContext : Initializing Spring TestDispatcherServlet ''
2022-03-15 08:47:18.883  INFO 21427 --- [           main] o.s.t.web.servlet.TestDispatcherServlet  : Initializing Servlet ''
2022-03-15 08:47:18.884  INFO 21427 --- [           main] o.s.t.web.servlet.TestDispatcherServlet  : Completed initialization in 1 ms
2022-03-15 08:47:18.911  INFO 21427 --- [           main] o.s.s.p.owner.PetControllerTests         : Started PetControllerTests in 1.217 seconds (JVM running for 16.342)
[INFO] Tests run: 6, Failures: 0, Errors: 0, Skipped: 0, Time elapsed: 1.509 s - in org.springframework.samples.petclinic.owner.PetControllerTests
[INFO] Running org.springframework.samples.petclinic.owner.VisitControllerTests
2022-03-15 08:47:19.204  INFO 21427 --- [           main] .b.t.a.w.s.WebMvcTestContextBootstrapper : Neither @ContextConfiguration nor @ContextHierarchy found for test class [org.springframework.samples.petclinic.owner.VisitControllerTests], using SpringBootContextLoader
2022-03-15 08:47:19.207  INFO 21427 --- [           main] o.s.t.c.support.AbstractContextLoader    : Could not detect default resource locations for test class [org.springframework.samples.petclinic.owner.VisitControllerTests]: no resource found for suffixes {-context.xml, Context.groovy}.
2022-03-15 08:47:19.208  INFO 21427 --- [           main] t.c.s.AnnotationConfigContextLoaderUtils : Could not detect default configuration classes for test class [org.springframework.samples.petclinic.owner.VisitControllerTests]: VisitControllerTests does not declare any static, non-private, non-final, nested classes annotated with @Configuration.
2022-03-15 08:47:19.213  INFO 21427 --- [           main] .b.t.c.SpringBootTestContextBootstrapper : Found @SpringBootConfiguration org.springframework.samples.petclinic.PetClinicApplication for test class org.springframework.samples.petclinic.owner.VisitControllerTests
2022-03-15 08:47:19.216  INFO 21427 --- [           main] .b.t.a.w.s.WebMvcTestContextBootstrapper : Loaded default TestExecutionListener class names from location [META-INF/spring.factories]: [org.springframework.boot.test.mock.mockito.MockitoTestExecutionListener, org.springframework.boot.test.mock.mockito.ResetMocksTestExecutionListener, org.springframework.boot.test.autoconfigure.restdocs.RestDocsTestExecutionListener, org.springframework.boot.test.autoconfigure.web.client.MockRestServiceServerResetTestExecutionListener, org.springframework.boot.test.autoconfigure.web.servlet.MockMvcPrintOnlyOnFailureTestExecutionListener, org.springframework.boot.test.autoconfigure.web.servlet.WebDriverTestExecutionListener, org.springframework.boot.test.autoconfigure.webservices.client.MockWebServiceServerTestExecutionListener, org.springframework.test.context.web.ServletTestExecutionListener, org.springframework.test.context.support.DirtiesContextBeforeModesTestExecutionListener, org.springframework.test.context.event.ApplicationEventsTestExecutionListener, org.springframework.test.context.support.DependencyInjectionTestExecutionListener, org.springframework.test.context.support.DirtiesContextTestExecutionListener, org.springframework.test.context.transaction.TransactionalTestExecutionListener, org.springframework.test.context.jdbc.SqlScriptsTestExecutionListener, org.springframework.test.context.event.EventPublishingTestExecutionListener]
2022-03-15 08:47:19.217  INFO 21427 --- [           main] .b.t.a.w.s.WebMvcTestContextBootstrapper : Using TestExecutionListeners: [org.springframework.test.context.web.ServletTestExecutionListener@308617d3, org.springframework.test.context.support.DirtiesContextBeforeModesTestExecutionListener@4659d776, org.springframework.test.context.event.ApplicationEventsTestExecutionListener@276038e7, org.springframework.boot.test.mock.mockito.MockitoTestExecutionListener@4be8d40e, org.springframework.boot.test.autoconfigure.SpringBootDependencyInjectionTestExecutionListener@4bd06a2f, org.springframework.test.context.support.DirtiesContextTestExecutionListener@433ae644, org.springframework.test.context.transaction.TransactionalTestExecutionListener@653b49c4, org.springframework.test.context.jdbc.SqlScriptsTestExecutionListener@687eb9c9, org.springframework.test.context.event.EventPublishingTestExecutionListener@203737fb, org.springframework.boot.test.mock.mockito.ResetMocksTestExecutionListener@34abfd7f, org.springframework.boot.test.autoconfigure.restdocs.RestDocsTestExecutionListener@be1f747, org.springframework.boot.test.autoconfigure.web.client.MockRestServiceServerResetTestExecutionListener@164ca703, org.springframework.boot.test.autoconfigure.web.servlet.MockMvcPrintOnlyOnFailureTestExecutionListener@f5dd2de, org.springframework.boot.test.autoconfigure.web.servlet.WebDriverTestExecutionListener@64f6964f, org.springframework.boot.test.autoconfigure.webservices.client.MockWebServiceServerTestExecutionListener@60291e59]


              |\      _,,,--,,_
             /,`.-'`'   ._  \-;;,_
  _______ __|,4-  ) )_   .;.(__`'-'__     ___ __    _ ___ _______
 |       | '---''(_/._)-'(_\_)   |   |   |   |  |  | |   |       |
 |    _  |    ___|_     _|       |   |   |   |   |_| |   |       | __ _ _
 |   |_| |   |___  |   | |       |   |   |   |       |   |       | \ \ \ \
 |    ___|    ___| |   | |      _|   |___|   |  _    |   |      _|  \ \ \ \
 |   |   |   |___  |   | |     |_|       |   | | |   |   |     |_    ) ) ) )
 |___|   |_______| |___| |_______|_______|___|_|  |__|___|_______|  / / / /
 ==================================================================/_/_/_/

:: Built with Spring Boot :: 2.6.3


2022-03-15 08:47:19.260  INFO 21427 --- [           main] o.s.s.p.owner.VisitControllerTests       : Starting VisitControllerTests using Java 15.0.1 on MARCOS-MBP.station with PID 21427 (started by kralizec in /Users/kralizec/University/mutation/spring-petclinic_v1)
2022-03-15 08:47:19.260  INFO 21427 --- [           main] o.s.s.p.owner.VisitControllerTests       : No active profile set, falling back to default profiles: default
2022-03-15 08:47:20.109  INFO 21427 --- [           main] o.s.b.t.m.w.SpringBootMockServletContext : Initializing Spring TestDispatcherServlet ''
2022-03-15 08:47:20.109  INFO 21427 --- [           main] o.s.t.web.servlet.TestDispatcherServlet  : Initializing Servlet ''
2022-03-15 08:47:20.110  INFO 21427 --- [           main] o.s.t.web.servlet.TestDispatcherServlet  : Completed initialization in 1 ms
2022-03-15 08:47:20.132  INFO 21427 --- [           main] o.s.s.p.owner.VisitControllerTests       : Started VisitControllerTests in 0.91 seconds (JVM running for 17.562)
[INFO] Tests run: 3, Failures: 0, Errors: 0, Skipped: 0, Time elapsed: 1.138 s - in org.springframework.samples.petclinic.owner.VisitControllerTests
[INFO] Running org.springframework.samples.petclinic.owner.PetTypeFormatterTests
[INFO] Tests run: 3, Failures: 0, Errors: 0, Skipped: 0, Time elapsed: 0.081 s - in org.springframework.samples.petclinic.owner.PetTypeFormatterTests
[INFO] Running org.springframework.samples.petclinic.system.CrashControllerTests
[WARNING] Tests run: 1, Failures: 0, Errors: 0, Skipped: 1, Time elapsed: 0.001 s - in org.springframework.samples.petclinic.system.CrashControllerTests
[INFO] Running org.springframework.samples.petclinic.model.ValidatorTests
[INFO] Tests run: 1, Failures: 0, Errors: 0, Skipped: 0, Time elapsed: 0.039 s - in org.springframework.samples.petclinic.model.ValidatorTests
[INFO] Running org.springframework.samples.petclinic.service.ClinicServiceTests
2022-03-15 08:47:20.514  INFO 21427 --- [           main] b.t.a.o.j.DataJpaTestContextBootstrapper : Neither @ContextConfiguration nor @ContextHierarchy found for test class [org.springframework.samples.petclinic.service.ClinicServiceTests], using SpringBootContextLoader
2022-03-15 08:47:20.517  INFO 21427 --- [           main] o.s.t.c.support.AbstractContextLoader    : Could not detect default resource locations for test class [org.springframework.samples.petclinic.service.ClinicServiceTests]: no resource found for suffixes {-context.xml, Context.groovy}.
2022-03-15 08:47:20.518  INFO 21427 --- [           main] t.c.s.AnnotationConfigContextLoaderUtils : Could not detect default configuration classes for test class [org.springframework.samples.petclinic.service.ClinicServiceTests]: ClinicServiceTests does not declare any static, non-private, non-final, nested classes annotated with @Configuration.
2022-03-15 08:47:20.532  INFO 21427 --- [           main] .b.t.c.SpringBootTestContextBootstrapper : Found @SpringBootConfiguration org.springframework.samples.petclinic.PetClinicApplication for test class org.springframework.samples.petclinic.service.ClinicServiceTests
2022-03-15 08:47:20.534  INFO 21427 --- [           main] b.t.a.o.j.DataJpaTestContextBootstrapper : Loaded default TestExecutionListener class names from location [META-INF/spring.factories]: [org.springframework.boot.test.mock.mockito.MockitoTestExecutionListener, org.springframework.boot.test.mock.mockito.ResetMocksTestExecutionListener, org.springframework.boot.test.autoconfigure.restdocs.RestDocsTestExecutionListener, org.springframework.boot.test.autoconfigure.web.client.MockRestServiceServerResetTestExecutionListener, org.springframework.boot.test.autoconfigure.web.servlet.MockMvcPrintOnlyOnFailureTestExecutionListener, org.springframework.boot.test.autoconfigure.web.servlet.WebDriverTestExecutionListener, org.springframework.boot.test.autoconfigure.webservices.client.MockWebServiceServerTestExecutionListener, org.springframework.test.context.web.ServletTestExecutionListener, org.springframework.test.context.support.DirtiesContextBeforeModesTestExecutionListener, org.springframework.test.context.event.ApplicationEventsTestExecutionListener, org.springframework.test.context.support.DependencyInjectionTestExecutionListener, org.springframework.test.context.support.DirtiesContextTestExecutionListener, org.springframework.test.context.transaction.TransactionalTestExecutionListener, org.springframework.test.context.jdbc.SqlScriptsTestExecutionListener, org.springframework.test.context.event.EventPublishingTestExecutionListener]
2022-03-15 08:47:20.535  INFO 21427 --- [           main] b.t.a.o.j.DataJpaTestContextBootstrapper : Using TestExecutionListeners: [org.springframework.test.context.web.ServletTestExecutionListener@4eeff1e3, org.springframework.test.context.support.DirtiesContextBeforeModesTestExecutionListener@6816b13d, org.springframework.test.context.event.ApplicationEventsTestExecutionListener@703f29b0, org.springframework.boot.test.mock.mockito.MockitoTestExecutionListener@2959dfb7, org.springframework.boot.test.autoconfigure.SpringBootDependencyInjectionTestExecutionListener@18084396, org.springframework.test.context.support.DirtiesContextTestExecutionListener@45ca96f3, org.springframework.test.context.transaction.TransactionalTestExecutionListener@4cb15553, org.springframework.test.context.jdbc.SqlScriptsTestExecutionListener@2b728f15, org.springframework.test.context.event.EventPublishingTestExecutionListener@71bc7d1e, org.springframework.boot.test.mock.mockito.ResetMocksTestExecutionListener@605000d4, org.springframework.boot.test.autoconfigure.restdocs.RestDocsTestExecutionListener@260dca40, org.springframework.boot.test.autoconfigure.web.client.MockRestServiceServerResetTestExecutionListener@1938f3b3, org.springframework.boot.test.autoconfigure.web.servlet.MockMvcPrintOnlyOnFailureTestExecutionListener@bfe3907, org.springframework.boot.test.autoconfigure.web.servlet.WebDriverTestExecutionListener@6bc8ce0c, org.springframework.boot.test.autoconfigure.webservices.client.MockWebServiceServerTestExecutionListener@235f56ff]


              |\      _,,,--,,_
             /,`.-'`'   ._  \-;;,_
  _______ __|,4-  ) )_   .;.(__`'-'__     ___ __    _ ___ _______
 |       | '---''(_/._)-'(_\_)   |   |   |   |  |  | |   |       |
 |    _  |    ___|_     _|       |   |   |   |   |_| |   |       | __ _ _
 |   |_| |   |___  |   | |       |   |   |   |       |   |       | \ \ \ \
 |    ___|    ___| |   | |      _|   |___|   |  _    |   |      _|  \ \ \ \
 |   |   |   |___  |   | |     |_|       |   | | |   |   |     |_    ) ) ) )
 |___|   |_______| |___| |_______|_______|___|_|  |__|___|_______|  / / / /
 ==================================================================/_/_/_/

:: Built with Spring Boot :: 2.6.3


2022-03-15 08:47:20.609  INFO 21427 --- [           main] o.s.s.p.service.ClinicServiceTests       : Starting ClinicServiceTests using Java 15.0.1 on MARCOS-MBP.station with PID 21427 (started by kralizec in /Users/kralizec/University/mutation/spring-petclinic_v1)
2022-03-15 08:47:20.609  INFO 21427 --- [           main] o.s.s.p.service.ClinicServiceTests       : No active profile set, falling back to default profiles: default
2022-03-15 08:47:20.979  INFO 21427 --- [           main] .s.d.r.c.RepositoryConfigurationDelegate : Bootstrapping Spring Data JPA repositories in DEFAULT mode.
2022-03-15 08:47:21.083  INFO 21427 --- [           main] .s.d.r.c.RepositoryConfigurationDelegate : Finished Spring Data repository scanning in 88 ms. Found 2 JPA repository interfaces.
2022-03-15 08:47:21.394  INFO 21427 --- [           main] com.zaxxer.hikari.HikariDataSource       : HikariPool-1 - Starting...
2022-03-15 08:47:22.432  INFO 21427 --- [           main] com.zaxxer.hikari.HikariDataSource       : HikariPool-1 - Start completed.
2022-03-15 08:47:23.090  INFO 21427 --- [           main] o.hibernate.jpa.internal.util.LogHelper  : HHH000204: Processing PersistenceUnitInfo [name: default]
2022-03-15 08:47:23.354  INFO 21427 --- [           main] org.hibernate.Version                    : HHH000412: Hibernate ORM core version 5.6.4.Final
2022-03-15 08:47:23.463  INFO 21427 --- [           main] o.hibernate.annotations.common.Version   : HCANN000001: Hibernate Commons Annotations {5.1.2.Final}
2022-03-15 08:47:23.917  INFO 21427 --- [           main] org.hibernate.dialect.Dialect            : HHH000400: Using dialect: org.hibernate.dialect.H2Dialect
2022-03-15 08:47:26.427  INFO 21427 --- [           main] o.h.e.t.j.p.i.JtaPlatformInitiator       : HHH000490: Using JtaPlatform implementation: [org.hibernate.engine.transaction.jta.platform.internal.NoJtaPlatform]
2022-03-15 08:47:26.460  INFO 21427 --- [           main] j.LocalContainerEntityManagerFactoryBean : Initialized JPA EntityManagerFactory for persistence unit 'default'
2022-03-15 08:47:28.003  INFO 21427 --- [           main] o.s.s.p.service.ClinicServiceTests       : Started ClinicServiceTests in 7.465 seconds (JVM running for 25.433)
2022-03-15 08:47:28.034  INFO 21427 --- [           main] o.s.t.c.transaction.TransactionContext   : Began transaction (1) for test context [DefaultTestContext@51743658 testClass = ClinicServiceTests, testInstance = org.springframework.samples.petclinic.service.ClinicServiceTests@38ca37d1, testMethod = shouldFindVets@ClinicServiceTests, testException = [null], mergedContextConfiguration = [MergedContextConfiguration@539f34df testClass = ClinicServiceTests, locations = '{}', classes = '{class org.springframework.samples.petclinic.PetClinicApplication}', contextInitializerClasses = '[]', activeProfiles = '{}', propertySourceLocations = '{}', propertySourceProperties = '{org.springframework.boot.test.autoconfigure.orm.jpa.DataJpaTestContextBootstrapper=true}', contextCustomizers = set[[ImportsContextCustomizer@5ced1c1c key = [org.springframework.boot.autoconfigure.cache.CacheAutoConfiguration, org.springframework.boot.autoconfigure.data.jpa.JpaRepositoriesAutoConfiguration, org.springframework.boot.autoconfigure.flyway.FlywayAutoConfiguration, org.springframework.boot.autoconfigure.jdbc.DataSourceAutoConfiguration, org.springframework.boot.autoconfigure.jdbc.DataSourceTransactionManagerAutoConfiguration, org.springframework.boot.autoconfigure.jdbc.JdbcTemplateAutoConfiguration, org.springframework.boot.autoconfigure.liquibase.LiquibaseAutoConfiguration, org.springframework.boot.autoconfigure.orm.jpa.HibernateJpaAutoConfiguration, org.springframework.boot.autoconfigure.sql.init.SqlInitializationAutoConfiguration, org.springframework.boot.autoconfigure.transaction.TransactionAutoConfiguration, org.springframework.boot.test.autoconfigure.jdbc.TestDatabaseAutoConfiguration, org.springframework.boot.test.autoconfigure.orm.jpa.TestEntityManagerAutoConfiguration]], org.springframework.boot.test.context.filter.ExcludeFilterContextCustomizer@4f8caaf3, org.springframework.boot.test.json.DuplicateJsonObjectContextCustomizerFactory$DuplicateJsonObjectContextCustomizer@41c62850, org.springframework.boot.test.mock.mockito.MockitoContextCustomizer@0, org.springframework.boot.test.autoconfigure.OverrideAutoConfigurationContextCustomizerFactory$DisableAutoConfigurationContextCustomizer@3003697, org.springframework.boot.test.autoconfigure.actuate.metrics.MetricsExportContextCustomizerFactory$DisableMetricExportContextCustomizer@410e94e, org.springframework.boot.test.autoconfigure.filter.TypeExcludeFiltersContextCustomizer@de550dbc, org.springframework.boot.test.autoconfigure.properties.PropertyMappingContextCustomizer@61e9a211, org.springframework.boot.test.autoconfigure.web.servlet.WebDriverContextCustomizerFactory$Customizer@452c8a40, org.springframework.boot.test.context.SpringBootTestArgs@1, org.springframework.boot.test.context.SpringBootTestWebEnvironment@0], contextLoader = 'org.springframework.boot.test.context.SpringBootContextLoader', parent = [null]], attributes = map['org.springframework.test.context.event.ApplicationEventsTestExecutionListener.recordApplicationEvents' -> false]]; transaction manager [org.springframework.orm.jpa.JpaTransactionManager@6b6f3e45]; rollback [true]
Hibernate: select vet0_.id as id1_5_, vet0_.first_name as first_na2_5_, vet0_.last_name as last_nam3_5_ from vets vet0_
Hibernate: select specialtie0_.vet_id as vet_id1_4_0_, specialtie0_.specialty_id as specialt2_4_0_, specialty1_.id as id1_2_1_, specialty1_.name as name2_2_1_ from vet_specialties specialtie0_ inner join specialties specialty1_ on specialtie0_.specialty_id=specialty1_.id where specialtie0_.vet_id=?
Hibernate: select specialtie0_.vet_id as vet_id1_4_0_, specialtie0_.specialty_id as specialt2_4_0_, specialty1_.id as id1_2_1_, specialty1_.name as name2_2_1_ from vet_specialties specialtie0_ inner join specialties specialty1_ on specialtie0_.specialty_id=specialty1_.id where specialtie0_.vet_id=?
Hibernate: select specialtie0_.vet_id as vet_id1_4_0_, specialtie0_.specialty_id as specialt2_4_0_, specialty1_.id as id1_2_1_, specialty1_.name as name2_2_1_ from vet_specialties specialtie0_ inner join specialties specialty1_ on specialtie0_.specialty_id=specialty1_.id where specialtie0_.vet_id=?
Hibernate: select specialtie0_.vet_id as vet_id1_4_0_, specialtie0_.specialty_id as specialt2_4_0_, specialty1_.id as id1_2_1_, specialty1_.name as name2_2_1_ from vet_specialties specialtie0_ inner join specialties specialty1_ on specialtie0_.specialty_id=specialty1_.id where specialtie0_.vet_id=?
Hibernate: select specialtie0_.vet_id as vet_id1_4_0_, specialtie0_.specialty_id as specialt2_4_0_, specialty1_.id as id1_2_1_, specialty1_.name as name2_2_1_ from vet_specialties specialtie0_ inner join specialties specialty1_ on specialtie0_.specialty_id=specialty1_.id where specialtie0_.vet_id=?
Hibernate: select specialtie0_.vet_id as vet_id1_4_0_, specialtie0_.specialty_id as specialt2_4_0_, specialty1_.id as id1_2_1_, specialty1_.name as name2_2_1_ from vet_specialties specialtie0_ inner join specialties specialty1_ on specialtie0_.specialty_id=specialty1_.id where specialtie0_.vet_id=?
2022-03-15 08:47:28.341  INFO 21427 --- [           main] o.s.t.c.transaction.TransactionContext   : Rolled back transaction for test: [DefaultTestContext@51743658 testClass = ClinicServiceTests, testInstance = org.springframework.samples.petclinic.service.ClinicServiceTests@38ca37d1, testMethod = shouldFindVets@ClinicServiceTests, testException = [null], mergedContextConfiguration = [MergedContextConfiguration@539f34df testClass = ClinicServiceTests, locations = '{}', classes = '{class org.springframework.samples.petclinic.PetClinicApplication}', contextInitializerClasses = '[]', activeProfiles = '{}', propertySourceLocations = '{}', propertySourceProperties = '{org.springframework.boot.test.autoconfigure.orm.jpa.DataJpaTestContextBootstrapper=true}', contextCustomizers = set[[ImportsContextCustomizer@5ced1c1c key = [org.springframework.boot.autoconfigure.cache.CacheAutoConfiguration, org.springframework.boot.autoconfigure.data.jpa.JpaRepositoriesAutoConfiguration, org.springframework.boot.autoconfigure.flyway.FlywayAutoConfiguration, org.springframework.boot.autoconfigure.jdbc.DataSourceAutoConfiguration, org.springframework.boot.autoconfigure.jdbc.DataSourceTransactionManagerAutoConfiguration, org.springframework.boot.autoconfigure.jdbc.JdbcTemplateAutoConfiguration, org.springframework.boot.autoconfigure.liquibase.LiquibaseAutoConfiguration, org.springframework.boot.autoconfigure.orm.jpa.HibernateJpaAutoConfiguration, org.springframework.boot.autoconfigure.sql.init.SqlInitializationAutoConfiguration, org.springframework.boot.autoconfigure.transaction.TransactionAutoConfiguration, org.springframework.boot.test.autoconfigure.jdbc.TestDatabaseAutoConfiguration, org.springframework.boot.test.autoconfigure.orm.jpa.TestEntityManagerAutoConfiguration]], org.springframework.boot.test.context.filter.ExcludeFilterContextCustomizer@4f8caaf3, org.springframework.boot.test.json.DuplicateJsonObjectContextCustomizerFactory$DuplicateJsonObjectContextCustomizer@41c62850, org.springframework.boot.test.mock.mockito.MockitoContextCustomizer@0, org.springframework.boot.test.autoconfigure.OverrideAutoConfigurationContextCustomizerFactory$DisableAutoConfigurationContextCustomizer@3003697, org.springframework.boot.test.autoconfigure.actuate.metrics.MetricsExportContextCustomizerFactory$DisableMetricExportContextCustomizer@410e94e, org.springframework.boot.test.autoconfigure.filter.TypeExcludeFiltersContextCustomizer@de550dbc, org.springframework.boot.test.autoconfigure.properties.PropertyMappingContextCustomizer@61e9a211, org.springframework.boot.test.autoconfigure.web.servlet.WebDriverContextCustomizerFactory$Customizer@452c8a40, org.springframework.boot.test.context.SpringBootTestArgs@1, org.springframework.boot.test.context.SpringBootTestWebEnvironment@0], contextLoader = 'org.springframework.boot.test.context.SpringBootContextLoader', parent = [null]], attributes = map['org.springframework.test.context.event.ApplicationEventsTestExecutionListener.recordApplicationEvents' -> false]]
2022-03-15 08:47:28.345  INFO 21427 --- [           main] o.s.t.c.transaction.TransactionContext   : Began transaction (1) for test context [DefaultTestContext@51743658 testClass = ClinicServiceTests, testInstance = org.springframework.samples.petclinic.service.ClinicServiceTests@47afcbdd, testMethod = shouldFindOwnersByLastName@ClinicServiceTests, testException = [null], mergedContextConfiguration = [MergedContextConfiguration@539f34df testClass = ClinicServiceTests, locations = '{}', classes = '{class org.springframework.samples.petclinic.PetClinicApplication}', contextInitializerClasses = '[]', activeProfiles = '{}', propertySourceLocations = '{}', propertySourceProperties = '{org.springframework.boot.test.autoconfigure.orm.jpa.DataJpaTestContextBootstrapper=true}', contextCustomizers = set[[ImportsContextCustomizer@5ced1c1c key = [org.springframework.boot.autoconfigure.cache.CacheAutoConfiguration, org.springframework.boot.autoconfigure.data.jpa.JpaRepositoriesAutoConfiguration, org.springframework.boot.autoconfigure.flyway.FlywayAutoConfiguration, org.springframework.boot.autoconfigure.jdbc.DataSourceAutoConfiguration, org.springframework.boot.autoconfigure.jdbc.DataSourceTransactionManagerAutoConfiguration, org.springframework.boot.autoconfigure.jdbc.JdbcTemplateAutoConfiguration, org.springframework.boot.autoconfigure.liquibase.LiquibaseAutoConfiguration, org.springframework.boot.autoconfigure.orm.jpa.HibernateJpaAutoConfiguration, org.springframework.boot.autoconfigure.sql.init.SqlInitializationAutoConfiguration, org.springframework.boot.autoconfigure.transaction.TransactionAutoConfiguration, org.springframework.boot.test.autoconfigure.jdbc.TestDatabaseAutoConfiguration, org.springframework.boot.test.autoconfigure.orm.jpa.TestEntityManagerAutoConfiguration]], org.springframework.boot.test.context.filter.ExcludeFilterContextCustomizer@4f8caaf3, org.springframework.boot.test.json.DuplicateJsonObjectContextCustomizerFactory$DuplicateJsonObjectContextCustomizer@41c62850, org.springframework.boot.test.mock.mockito.MockitoContextCustomizer@0, org.springframework.boot.test.autoconfigure.OverrideAutoConfigurationContextCustomizerFactory$DisableAutoConfigurationContextCustomizer@3003697, org.springframework.boot.test.autoconfigure.actuate.metrics.MetricsExportContextCustomizerFactory$DisableMetricExportContextCustomizer@410e94e, org.springframework.boot.test.autoconfigure.filter.TypeExcludeFiltersContextCustomizer@de550dbc, org.springframework.boot.test.autoconfigure.properties.PropertyMappingContextCustomizer@61e9a211, org.springframework.boot.test.autoconfigure.web.servlet.WebDriverContextCustomizerFactory$Customizer@452c8a40, org.springframework.boot.test.context.SpringBootTestArgs@1, org.springframework.boot.test.context.SpringBootTestWebEnvironment@0], contextLoader = 'org.springframework.boot.test.context.SpringBootContextLoader', parent = [null]], attributes = map['org.springframework.test.context.event.ApplicationEventsTestExecutionListener.recordApplicationEvents' -> false]]; transaction manager [org.springframework.orm.jpa.JpaTransactionManager@6b6f3e45]; rollback [true]
Hibernate: select distinct owner0_.id as id1_0_, owner0_.first_name as first_na2_0_, owner0_.last_name as last_nam3_0_, owner0_.address as address4_0_, owner0_.city as city5_0_, owner0_.telephone as telephon6_0_ from owners owner0_ left outer join pets pets1_ on owner0_.id=pets1_.owner_id where owner0_.last_name like ?
Hibernate: select pets0_.owner_id as owner_id5_1_0_, pets0_.id as id1_1_0_, pets0_.id as id1_1_1_, pets0_.name as name2_1_1_, pets0_.birth_date as birth_da3_1_1_, pets0_.type_id as type_id4_1_1_, pettype1_.id as id1_3_2_, pettype1_.name as name2_3_2_ from pets pets0_ left outer join types pettype1_ on pets0_.type_id=pettype1_.id where pets0_.owner_id=? order by pets0_.name
Hibernate: select visits0_.pet_id as pet_id4_6_0_, visits0_.id as id1_6_0_, visits0_.id as id1_6_1_, visits0_.visit_date as visit_da2_6_1_, visits0_.description as descript3_6_1_ from visits visits0_ where visits0_.pet_id=? order by visits0_.visit_date asc
Hibernate: select pets0_.owner_id as owner_id5_1_0_, pets0_.id as id1_1_0_, pets0_.id as id1_1_1_, pets0_.name as name2_1_1_, pets0_.birth_date as birth_da3_1_1_, pets0_.type_id as type_id4_1_1_, pettype1_.id as id1_3_2_, pettype1_.name as name2_3_2_ from pets pets0_ left outer join types pettype1_ on pets0_.type_id=pettype1_.id where pets0_.owner_id=? order by pets0_.name
Hibernate: select visits0_.pet_id as pet_id4_6_0_, visits0_.id as id1_6_0_, visits0_.id as id1_6_1_, visits0_.visit_date as visit_da2_6_1_, visits0_.description as descript3_6_1_ from visits visits0_ where visits0_.pet_id=? order by visits0_.visit_date asc
Hibernate: select distinct owner0_.id as id1_0_, owner0_.first_name as first_na2_0_, owner0_.last_name as last_nam3_0_, owner0_.address as address4_0_, owner0_.city as city5_0_, owner0_.telephone as telephon6_0_ from owners owner0_ left outer join pets pets1_ on owner0_.id=pets1_.owner_id where owner0_.last_name like ?
2022-03-15 08:47:28.503  INFO 21427 --- [           main] o.s.t.c.transaction.TransactionContext   : Rolled back transaction for test: [DefaultTestContext@51743658 testClass = ClinicServiceTests, testInstance = org.springframework.samples.petclinic.service.ClinicServiceTests@47afcbdd, testMethod = shouldFindOwnersByLastName@ClinicServiceTests, testException = [null], mergedContextConfiguration = [MergedContextConfiguration@539f34df testClass = ClinicServiceTests, locations = '{}', classes = '{class org.springframework.samples.petclinic.PetClinicApplication}', contextInitializerClasses = '[]', activeProfiles = '{}', propertySourceLocations = '{}', propertySourceProperties = '{org.springframework.boot.test.autoconfigure.orm.jpa.DataJpaTestContextBootstrapper=true}', contextCustomizers = set[[ImportsContextCustomizer@5ced1c1c key = [org.springframework.boot.autoconfigure.cache.CacheAutoConfiguration, org.springframework.boot.autoconfigure.data.jpa.JpaRepositoriesAutoConfiguration, org.springframework.boot.autoconfigure.flyway.FlywayAutoConfiguration, org.springframework.boot.autoconfigure.jdbc.DataSourceAutoConfiguration, org.springframework.boot.autoconfigure.jdbc.DataSourceTransactionManagerAutoConfiguration, org.springframework.boot.autoconfigure.jdbc.JdbcTemplateAutoConfiguration, org.springframework.boot.autoconfigure.liquibase.LiquibaseAutoConfiguration, org.springframework.boot.autoconfigure.orm.jpa.HibernateJpaAutoConfiguration, org.springframework.boot.autoconfigure.sql.init.SqlInitializationAutoConfiguration, org.springframework.boot.autoconfigure.transaction.TransactionAutoConfiguration, org.springframework.boot.test.autoconfigure.jdbc.TestDatabaseAutoConfiguration, org.springframework.boot.test.autoconfigure.orm.jpa.TestEntityManagerAutoConfiguration]], org.springframework.boot.test.context.filter.ExcludeFilterContextCustomizer@4f8caaf3, org.springframework.boot.test.json.DuplicateJsonObjectContextCustomizerFactory$DuplicateJsonObjectContextCustomizer@41c62850, org.springframework.boot.test.mock.mockito.MockitoContextCustomizer@0, org.springframework.boot.test.autoconfigure.OverrideAutoConfigurationContextCustomizerFactory$DisableAutoConfigurationContextCustomizer@3003697, org.springframework.boot.test.autoconfigure.actuate.metrics.MetricsExportContextCustomizerFactory$DisableMetricExportContextCustomizer@410e94e, org.springframework.boot.test.autoconfigure.filter.TypeExcludeFiltersContextCustomizer@de550dbc, org.springframework.boot.test.autoconfigure.properties.PropertyMappingContextCustomizer@61e9a211, org.springframework.boot.test.autoconfigure.web.servlet.WebDriverContextCustomizerFactory$Customizer@452c8a40, org.springframework.boot.test.context.SpringBootTestArgs@1, org.springframework.boot.test.context.SpringBootTestWebEnvironment@0], contextLoader = 'org.springframework.boot.test.context.SpringBootContextLoader', parent = [null]], attributes = map['org.springframework.test.context.event.ApplicationEventsTestExecutionListener.recordApplicationEvents' -> false]]
2022-03-15 08:47:28.527  INFO 21427 --- [           main] o.s.t.c.transaction.TransactionContext   : Began transaction (1) for test context [DefaultTestContext@51743658 testClass = ClinicServiceTests, testInstance = org.springframework.samples.petclinic.service.ClinicServiceTests@13331927, testMethod = shouldAddNewVisitForPet@ClinicServiceTests, testException = [null], mergedContextConfiguration = [MergedContextConfiguration@539f34df testClass = ClinicServiceTests, locations = '{}', classes = '{class org.springframework.samples.petclinic.PetClinicApplication}', contextInitializerClasses = '[]', activeProfiles = '{}', propertySourceLocations = '{}', propertySourceProperties = '{org.springframework.boot.test.autoconfigure.orm.jpa.DataJpaTestContextBootstrapper=true}', contextCustomizers = set[[ImportsContextCustomizer@5ced1c1c key = [org.springframework.boot.autoconfigure.cache.CacheAutoConfiguration, org.springframework.boot.autoconfigure.data.jpa.JpaRepositoriesAutoConfiguration, org.springframework.boot.autoconfigure.flyway.FlywayAutoConfiguration, org.springframework.boot.autoconfigure.jdbc.DataSourceAutoConfiguration, org.springframework.boot.autoconfigure.jdbc.DataSourceTransactionManagerAutoConfiguration, org.springframework.boot.autoconfigure.jdbc.JdbcTemplateAutoConfiguration, org.springframework.boot.autoconfigure.liquibase.LiquibaseAutoConfiguration, org.springframework.boot.autoconfigure.orm.jpa.HibernateJpaAutoConfiguration, org.springframework.boot.autoconfigure.sql.init.SqlInitializationAutoConfiguration, org.springframework.boot.autoconfigure.transaction.TransactionAutoConfiguration, org.springframework.boot.test.autoconfigure.jdbc.TestDatabaseAutoConfiguration, org.springframework.boot.test.autoconfigure.orm.jpa.TestEntityManagerAutoConfiguration]], org.springframework.boot.test.context.filter.ExcludeFilterContextCustomizer@4f8caaf3, org.springframework.boot.test.json.DuplicateJsonObjectContextCustomizerFactory$DuplicateJsonObjectContextCustomizer@41c62850, org.springframework.boot.test.mock.mockito.MockitoContextCustomizer@0, org.springframework.boot.test.autoconfigure.OverrideAutoConfigurationContextCustomizerFactory$DisableAutoConfigurationContextCustomizer@3003697, org.springframework.boot.test.autoconfigure.actuate.metrics.MetricsExportContextCustomizerFactory$DisableMetricExportContextCustomizer@410e94e, org.springframework.boot.test.autoconfigure.filter.TypeExcludeFiltersContextCustomizer@de550dbc, org.springframework.boot.test.autoconfigure.properties.PropertyMappingContextCustomizer@61e9a211, org.springframework.boot.test.autoconfigure.web.servlet.WebDriverContextCustomizerFactory$Customizer@452c8a40, org.springframework.boot.test.context.SpringBootTestArgs@1, org.springframework.boot.test.context.SpringBootTestWebEnvironment@0], contextLoader = 'org.springframework.boot.test.context.SpringBootContextLoader', parent = [null]], attributes = map['org.springframework.test.context.event.ApplicationEventsTestExecutionListener.recordApplicationEvents' -> false]]; transaction manager [org.springframework.orm.jpa.JpaTransactionManager@6b6f3e45]; rollback [true]
Hibernate: select owner0_.id as id1_0_0_, pets1_.id as id1_1_1_, owner0_.first_name as first_na2_0_0_, owner0_.last_name as last_nam3_0_0_, owner0_.address as address4_0_0_, owner0_.city as city5_0_0_, owner0_.telephone as telephon6_0_0_, pets1_.name as name2_1_1_, pets1_.birth_date as birth_da3_1_1_, pets1_.type_id as type_id4_1_1_, pets1_.owner_id as owner_id5_1_0__, pets1_.id as id1_1_0__ from owners owner0_ left outer join pets pets1_ on owner0_.id=pets1_.owner_id where owner0_.id=? order by pets1_.name
Hibernate: select pettype0_.id as id1_3_0_, pettype0_.name as name2_3_0_ from types pettype0_ where pettype0_.id=?
Hibernate: select visits0_.pet_id as pet_id4_6_0_, visits0_.id as id1_6_0_, visits0_.id as id1_6_1_, visits0_.visit_date as visit_da2_6_1_, visits0_.description as descript3_6_1_ from visits visits0_ where visits0_.pet_id=? order by visits0_.visit_date asc
Hibernate: select visits0_.pet_id as pet_id4_6_0_, visits0_.id as id1_6_0_, visits0_.id as id1_6_1_, visits0_.visit_date as visit_da2_6_1_, visits0_.description as descript3_6_1_ from visits visits0_ where visits0_.pet_id=? order by visits0_.visit_date asc
Hibernate: insert into visits (id, visit_date, description) values (null, ?, ?)
Hibernate: select owner0_.id as id1_0_0_, pets1_.id as id1_1_1_, owner0_.first_name as first_na2_0_0_, owner0_.last_name as last_nam3_0_0_, owner0_.address as address4_0_0_, owner0_.city as city5_0_0_, owner0_.telephone as telephon6_0_0_, pets1_.name as name2_1_1_, pets1_.birth_date as birth_da3_1_1_, pets1_.type_id as type_id4_1_1_, pets1_.owner_id as owner_id5_1_0__, pets1_.id as id1_1_0__ from owners owner0_ left outer join pets pets1_ on owner0_.id=pets1_.owner_id where owner0_.id=? order by pets1_.name
2022-03-15 08:47:28.657  INFO 21427 --- [           main] o.s.t.c.transaction.TransactionContext   : Rolled back transaction for test: [DefaultTestContext@51743658 testClass = ClinicServiceTests, testInstance = org.springframework.samples.petclinic.service.ClinicServiceTests@13331927, testMethod = shouldAddNewVisitForPet@ClinicServiceTests, testException = [null], mergedContextConfiguration = [MergedContextConfiguration@539f34df testClass = ClinicServiceTests, locations = '{}', classes = '{class org.springframework.samples.petclinic.PetClinicApplication}', contextInitializerClasses = '[]', activeProfiles = '{}', propertySourceLocations = '{}', propertySourceProperties = '{org.springframework.boot.test.autoconfigure.orm.jpa.DataJpaTestContextBootstrapper=true}', contextCustomizers = set[[ImportsContextCustomizer@5ced1c1c key = [org.springframework.boot.autoconfigure.cache.CacheAutoConfiguration, org.springframework.boot.autoconfigure.data.jpa.JpaRepositoriesAutoConfiguration, org.springframework.boot.autoconfigure.flyway.FlywayAutoConfiguration, org.springframework.boot.autoconfigure.jdbc.DataSourceAutoConfiguration, org.springframework.boot.autoconfigure.jdbc.DataSourceTransactionManagerAutoConfiguration, org.springframework.boot.autoconfigure.jdbc.JdbcTemplateAutoConfiguration, org.springframework.boot.autoconfigure.liquibase.LiquibaseAutoConfiguration, org.springframework.boot.autoconfigure.orm.jpa.HibernateJpaAutoConfiguration, org.springframework.boot.autoconfigure.sql.init.SqlInitializationAutoConfiguration, org.springframework.boot.autoconfigure.transaction.TransactionAutoConfiguration, org.springframework.boot.test.autoconfigure.jdbc.TestDatabaseAutoConfiguration, org.springframework.boot.test.autoconfigure.orm.jpa.TestEntityManagerAutoConfiguration]], org.springframework.boot.test.context.filter.ExcludeFilterContextCustomizer@4f8caaf3, org.springframework.boot.test.json.DuplicateJsonObjectContextCustomizerFactory$DuplicateJsonObjectContextCustomizer@41c62850, org.springframework.boot.test.mock.mockito.MockitoContextCustomizer@0, org.springframework.boot.test.autoconfigure.OverrideAutoConfigurationContextCustomizerFactory$DisableAutoConfigurationContextCustomizer@3003697, org.springframework.boot.test.autoconfigure.actuate.metrics.MetricsExportContextCustomizerFactory$DisableMetricExportContextCustomizer@410e94e, org.springframework.boot.test.autoconfigure.filter.TypeExcludeFiltersContextCustomizer@de550dbc, org.springframework.boot.test.autoconfigure.properties.PropertyMappingContextCustomizer@61e9a211, org.springframework.boot.test.autoconfigure.web.servlet.WebDriverContextCustomizerFactory$Customizer@452c8a40, org.springframework.boot.test.context.SpringBootTestArgs@1, org.springframework.boot.test.context.SpringBootTestWebEnvironment@0], contextLoader = 'org.springframework.boot.test.context.SpringBootContextLoader', parent = [null]], attributes = map['org.springframework.test.context.event.ApplicationEventsTestExecutionListener.recordApplicationEvents' -> false]]
2022-03-15 08:47:28.662  INFO 21427 --- [           main] o.s.t.c.transaction.TransactionContext   : Began transaction (1) for test context [DefaultTestContext@51743658 testClass = ClinicServiceTests, testInstance = org.springframework.samples.petclinic.service.ClinicServiceTests@6e4290eb, testMethod = shouldUpdateOwner@ClinicServiceTests, testException = [null], mergedContextConfiguration = [MergedContextConfiguration@539f34df testClass = ClinicServiceTests, locations = '{}', classes = '{class org.springframework.samples.petclinic.PetClinicApplication}', contextInitializerClasses = '[]', activeProfiles = '{}', propertySourceLocations = '{}', propertySourceProperties = '{org.springframework.boot.test.autoconfigure.orm.jpa.DataJpaTestContextBootstrapper=true}', contextCustomizers = set[[ImportsContextCustomizer@5ced1c1c key = [org.springframework.boot.autoconfigure.cache.CacheAutoConfiguration, org.springframework.boot.autoconfigure.data.jpa.JpaRepositoriesAutoConfiguration, org.springframework.boot.autoconfigure.flyway.FlywayAutoConfiguration, org.springframework.boot.autoconfigure.jdbc.DataSourceAutoConfiguration, org.springframework.boot.autoconfigure.jdbc.DataSourceTransactionManagerAutoConfiguration, org.springframework.boot.autoconfigure.jdbc.JdbcTemplateAutoConfiguration, org.springframework.boot.autoconfigure.liquibase.LiquibaseAutoConfiguration, org.springframework.boot.autoconfigure.orm.jpa.HibernateJpaAutoConfiguration, org.springframework.boot.autoconfigure.sql.init.SqlInitializationAutoConfiguration, org.springframework.boot.autoconfigure.transaction.TransactionAutoConfiguration, org.springframework.boot.test.autoconfigure.jdbc.TestDatabaseAutoConfiguration, org.springframework.boot.test.autoconfigure.orm.jpa.TestEntityManagerAutoConfiguration]], org.springframework.boot.test.context.filter.ExcludeFilterContextCustomizer@4f8caaf3, org.springframework.boot.test.json.DuplicateJsonObjectContextCustomizerFactory$DuplicateJsonObjectContextCustomizer@41c62850, org.springframework.boot.test.mock.mockito.MockitoContextCustomizer@0, org.springframework.boot.test.autoconfigure.OverrideAutoConfigurationContextCustomizerFactory$DisableAutoConfigurationContextCustomizer@3003697, org.springframework.boot.test.autoconfigure.actuate.metrics.MetricsExportContextCustomizerFactory$DisableMetricExportContextCustomizer@410e94e, org.springframework.boot.test.autoconfigure.filter.TypeExcludeFiltersContextCustomizer@de550dbc, org.springframework.boot.test.autoconfigure.properties.PropertyMappingContextCustomizer@61e9a211, org.springframework.boot.test.autoconfigure.web.servlet.WebDriverContextCustomizerFactory$Customizer@452c8a40, org.springframework.boot.test.context.SpringBootTestArgs@1, org.springframework.boot.test.context.SpringBootTestWebEnvironment@0], contextLoader = 'org.springframework.boot.test.context.SpringBootContextLoader', parent = [null]], attributes = map['org.springframework.test.context.event.ApplicationEventsTestExecutionListener.recordApplicationEvents' -> false]]; transaction manager [org.springframework.orm.jpa.JpaTransactionManager@6b6f3e45]; rollback [true]
Hibernate: select owner0_.id as id1_0_0_, pets1_.id as id1_1_1_, owner0_.first_name as first_na2_0_0_, owner0_.last_name as last_nam3_0_0_, owner0_.address as address4_0_0_, owner0_.city as city5_0_0_, owner0_.telephone as telephon6_0_0_, pets1_.name as name2_1_1_, pets1_.birth_date as birth_da3_1_1_, pets1_.type_id as type_id4_1_1_, pets1_.owner_id as owner_id5_1_0__, pets1_.id as id1_1_0__ from owners owner0_ left outer join pets pets1_ on owner0_.id=pets1_.owner_id where owner0_.id=? order by pets1_.name
Hibernate: select pettype0_.id as id1_3_0_, pettype0_.name as name2_3_0_ from types pettype0_ where pettype0_.id=?
Hibernate: select visits0_.pet_id as pet_id4_6_0_, visits0_.id as id1_6_0_, visits0_.id as id1_6_1_, visits0_.visit_date as visit_da2_6_1_, visits0_.description as descript3_6_1_ from visits visits0_ where visits0_.pet_id=? order by visits0_.visit_date asc
Hibernate: update owners set first_name=?, last_name=?, address=?, city=?, telephone=? where id=?
Hibernate: select owner0_.id as id1_0_0_, pets1_.id as id1_1_1_, owner0_.first_name as first_na2_0_0_, owner0_.last_name as last_nam3_0_0_, owner0_.address as address4_0_0_, owner0_.city as city5_0_0_, owner0_.telephone as telephon6_0_0_, pets1_.name as name2_1_1_, pets1_.birth_date as birth_da3_1_1_, pets1_.type_id as type_id4_1_1_, pets1_.owner_id as owner_id5_1_0__, pets1_.id as id1_1_0__ from owners owner0_ left outer join pets pets1_ on owner0_.id=pets1_.owner_id where owner0_.id=? order by pets1_.name
2022-03-15 08:47:28.723  INFO 21427 --- [           main] o.s.t.c.transaction.TransactionContext   : Rolled back transaction for test: [DefaultTestContext@51743658 testClass = ClinicServiceTests, testInstance = org.springframework.samples.petclinic.service.ClinicServiceTests@6e4290eb, testMethod = shouldUpdateOwner@ClinicServiceTests, testException = [null], mergedContextConfiguration = [MergedContextConfiguration@539f34df testClass = ClinicServiceTests, locations = '{}', classes = '{class org.springframework.samples.petclinic.PetClinicApplication}', contextInitializerClasses = '[]', activeProfiles = '{}', propertySourceLocations = '{}', propertySourceProperties = '{org.springframework.boot.test.autoconfigure.orm.jpa.DataJpaTestContextBootstrapper=true}', contextCustomizers = set[[ImportsContextCustomizer@5ced1c1c key = [org.springframework.boot.autoconfigure.cache.CacheAutoConfiguration, org.springframework.boot.autoconfigure.data.jpa.JpaRepositoriesAutoConfiguration, org.springframework.boot.autoconfigure.flyway.FlywayAutoConfiguration, org.springframework.boot.autoconfigure.jdbc.DataSourceAutoConfiguration, org.springframework.boot.autoconfigure.jdbc.DataSourceTransactionManagerAutoConfiguration, org.springframework.boot.autoconfigure.jdbc.JdbcTemplateAutoConfiguration, org.springframework.boot.autoconfigure.liquibase.LiquibaseAutoConfiguration, org.springframework.boot.autoconfigure.orm.jpa.HibernateJpaAutoConfiguration, org.springframework.boot.autoconfigure.sql.init.SqlInitializationAutoConfiguration, org.springframework.boot.autoconfigure.transaction.TransactionAutoConfiguration, org.springframework.boot.test.autoconfigure.jdbc.TestDatabaseAutoConfiguration, org.springframework.boot.test.autoconfigure.orm.jpa.TestEntityManagerAutoConfiguration]], org.springframework.boot.test.context.filter.ExcludeFilterContextCustomizer@4f8caaf3, org.springframework.boot.test.json.DuplicateJsonObjectContextCustomizerFactory$DuplicateJsonObjectContextCustomizer@41c62850, org.springframework.boot.test.mock.mockito.MockitoContextCustomizer@0, org.springframework.boot.test.autoconfigure.OverrideAutoConfigurationContextCustomizerFactory$DisableAutoConfigurationContextCustomizer@3003697, org.springframework.boot.test.autoconfigure.actuate.metrics.MetricsExportContextCustomizerFactory$DisableMetricExportContextCustomizer@410e94e, org.springframework.boot.test.autoconfigure.filter.TypeExcludeFiltersContextCustomizer@de550dbc, org.springframework.boot.test.autoconfigure.properties.PropertyMappingContextCustomizer@61e9a211, org.springframework.boot.test.autoconfigure.web.servlet.WebDriverContextCustomizerFactory$Customizer@452c8a40, org.springframework.boot.test.context.SpringBootTestArgs@1, org.springframework.boot.test.context.SpringBootTestWebEnvironment@0], contextLoader = 'org.springframework.boot.test.context.SpringBootContextLoader', parent = [null]], attributes = map['org.springframework.test.context.event.ApplicationEventsTestExecutionListener.recordApplicationEvents' -> false]]
2022-03-15 08:47:28.727  INFO 21427 --- [           main] o.s.t.c.transaction.TransactionContext   : Began transaction (1) for test context [DefaultTestContext@51743658 testClass = ClinicServiceTests, testInstance = org.springframework.samples.petclinic.service.ClinicServiceTests@448f3fac, testMethod = shouldFindVisitsByPetId@ClinicServiceTests, testException = [null], mergedContextConfiguration = [MergedContextConfiguration@539f34df testClass = ClinicServiceTests, locations = '{}', classes = '{class org.springframework.samples.petclinic.PetClinicApplication}', contextInitializerClasses = '[]', activeProfiles = '{}', propertySourceLocations = '{}', propertySourceProperties = '{org.springframework.boot.test.autoconfigure.orm.jpa.DataJpaTestContextBootstrapper=true}', contextCustomizers = set[[ImportsContextCustomizer@5ced1c1c key = [org.springframework.boot.autoconfigure.cache.CacheAutoConfiguration, org.springframework.boot.autoconfigure.data.jpa.JpaRepositoriesAutoConfiguration, org.springframework.boot.autoconfigure.flyway.FlywayAutoConfiguration, org.springframework.boot.autoconfigure.jdbc.DataSourceAutoConfiguration, org.springframework.boot.autoconfigure.jdbc.DataSourceTransactionManagerAutoConfiguration, org.springframework.boot.autoconfigure.jdbc.JdbcTemplateAutoConfiguration, org.springframework.boot.autoconfigure.liquibase.LiquibaseAutoConfiguration, org.springframework.boot.autoconfigure.orm.jpa.HibernateJpaAutoConfiguration, org.springframework.boot.autoconfigure.sql.init.SqlInitializationAutoConfiguration, org.springframework.boot.autoconfigure.transaction.TransactionAutoConfiguration, org.springframework.boot.test.autoconfigure.jdbc.TestDatabaseAutoConfiguration, org.springframework.boot.test.autoconfigure.orm.jpa.TestEntityManagerAutoConfiguration]], org.springframework.boot.test.context.filter.ExcludeFilterContextCustomizer@4f8caaf3, org.springframework.boot.test.json.DuplicateJsonObjectContextCustomizerFactory$DuplicateJsonObjectContextCustomizer@41c62850, org.springframework.boot.test.mock.mockito.MockitoContextCustomizer@0, org.springframework.boot.test.autoconfigure.OverrideAutoConfigurationContextCustomizerFactory$DisableAutoConfigurationContextCustomizer@3003697, org.springframework.boot.test.autoconfigure.actuate.metrics.MetricsExportContextCustomizerFactory$DisableMetricExportContextCustomizer@410e94e, org.springframework.boot.test.autoconfigure.filter.TypeExcludeFiltersContextCustomizer@de550dbc, org.springframework.boot.test.autoconfigure.properties.PropertyMappingContextCustomizer@61e9a211, org.springframework.boot.test.autoconfigure.web.servlet.WebDriverContextCustomizerFactory$Customizer@452c8a40, org.springframework.boot.test.context.SpringBootTestArgs@1, org.springframework.boot.test.context.SpringBootTestWebEnvironment@0], contextLoader = 'org.springframework.boot.test.context.SpringBootContextLoader', parent = [null]], attributes = map['org.springframework.test.context.event.ApplicationEventsTestExecutionListener.recordApplicationEvents' -> false]]; transaction manager [org.springframework.orm.jpa.JpaTransactionManager@6b6f3e45]; rollback [true]
Hibernate: select owner0_.id as id1_0_0_, pets1_.id as id1_1_1_, owner0_.first_name as first_na2_0_0_, owner0_.last_name as last_nam3_0_0_, owner0_.address as address4_0_0_, owner0_.city as city5_0_0_, owner0_.telephone as telephon6_0_0_, pets1_.name as name2_1_1_, pets1_.birth_date as birth_da3_1_1_, pets1_.type_id as type_id4_1_1_, pets1_.owner_id as owner_id5_1_0__, pets1_.id as id1_1_0__ from owners owner0_ left outer join pets pets1_ on owner0_.id=pets1_.owner_id where owner0_.id=? order by pets1_.name
Hibernate: select pettype0_.id as id1_3_0_, pettype0_.name as name2_3_0_ from types pettype0_ where pettype0_.id=?
Hibernate: select visits0_.pet_id as pet_id4_6_0_, visits0_.id as id1_6_0_, visits0_.id as id1_6_1_, visits0_.visit_date as visit_da2_6_1_, visits0_.description as descript3_6_1_ from visits visits0_ where visits0_.pet_id=? order by visits0_.visit_date asc
Hibernate: select visits0_.pet_id as pet_id4_6_0_, visits0_.id as id1_6_0_, visits0_.id as id1_6_1_, visits0_.visit_date as visit_da2_6_1_, visits0_.description as descript3_6_1_ from visits visits0_ where visits0_.pet_id=? order by visits0_.visit_date asc
2022-03-15 08:47:28.783  INFO 21427 --- [           main] o.s.t.c.transaction.TransactionContext   : Rolled back transaction for test: [DefaultTestContext@51743658 testClass = ClinicServiceTests, testInstance = org.springframework.samples.petclinic.service.ClinicServiceTests@448f3fac, testMethod = shouldFindVisitsByPetId@ClinicServiceTests, testException = [null], mergedContextConfiguration = [MergedContextConfiguration@539f34df testClass = ClinicServiceTests, locations = '{}', classes = '{class org.springframework.samples.petclinic.PetClinicApplication}', contextInitializerClasses = '[]', activeProfiles = '{}', propertySourceLocations = '{}', propertySourceProperties = '{org.springframework.boot.test.autoconfigure.orm.jpa.DataJpaTestContextBootstrapper=true}', contextCustomizers = set[[ImportsContextCustomizer@5ced1c1c key = [org.springframework.boot.autoconfigure.cache.CacheAutoConfiguration, org.springframework.boot.autoconfigure.data.jpa.JpaRepositoriesAutoConfiguration, org.springframework.boot.autoconfigure.flyway.FlywayAutoConfiguration, org.springframework.boot.autoconfigure.jdbc.DataSourceAutoConfiguration, org.springframework.boot.autoconfigure.jdbc.DataSourceTransactionManagerAutoConfiguration, org.springframework.boot.autoconfigure.jdbc.JdbcTemplateAutoConfiguration, org.springframework.boot.autoconfigure.liquibase.LiquibaseAutoConfiguration, org.springframework.boot.autoconfigure.orm.jpa.HibernateJpaAutoConfiguration, org.springframework.boot.autoconfigure.sql.init.SqlInitializationAutoConfiguration, org.springframework.boot.autoconfigure.transaction.TransactionAutoConfiguration, org.springframework.boot.test.autoconfigure.jdbc.TestDatabaseAutoConfiguration, org.springframework.boot.test.autoconfigure.orm.jpa.TestEntityManagerAutoConfiguration]], org.springframework.boot.test.context.filter.ExcludeFilterContextCustomizer@4f8caaf3, org.springframework.boot.test.json.DuplicateJsonObjectContextCustomizerFactory$DuplicateJsonObjectContextCustomizer@41c62850, org.springframework.boot.test.mock.mockito.MockitoContextCustomizer@0, org.springframework.boot.test.autoconfigure.OverrideAutoConfigurationContextCustomizerFactory$DisableAutoConfigurationContextCustomizer@3003697, org.springframework.boot.test.autoconfigure.actuate.metrics.MetricsExportContextCustomizerFactory$DisableMetricExportContextCustomizer@410e94e, org.springframework.boot.test.autoconfigure.filter.TypeExcludeFiltersContextCustomizer@de550dbc, org.springframework.boot.test.autoconfigure.properties.PropertyMappingContextCustomizer@61e9a211, org.springframework.boot.test.autoconfigure.web.servlet.WebDriverContextCustomizerFactory$Customizer@452c8a40, org.springframework.boot.test.context.SpringBootTestArgs@1, org.springframework.boot.test.context.SpringBootTestWebEnvironment@0], contextLoader = 'org.springframework.boot.test.context.SpringBootContextLoader', parent = [null]], attributes = map['org.springframework.test.context.event.ApplicationEventsTestExecutionListener.recordApplicationEvents' -> false]]
2022-03-15 08:47:28.796  INFO 21427 --- [           main] o.s.t.c.transaction.TransactionContext   : Began transaction (1) for test context [DefaultTestContext@51743658 testClass = ClinicServiceTests, testInstance = org.springframework.samples.petclinic.service.ClinicServiceTests@76ad8b83, testMethod = shouldInsertPetIntoDatabaseAndGenerateId@ClinicServiceTests, testException = [null], mergedContextConfiguration = [MergedContextConfiguration@539f34df testClass = ClinicServiceTests, locations = '{}', classes = '{class org.springframework.samples.petclinic.PetClinicApplication}', contextInitializerClasses = '[]', activeProfiles = '{}', propertySourceLocations = '{}', propertySourceProperties = '{org.springframework.boot.test.autoconfigure.orm.jpa.DataJpaTestContextBootstrapper=true}', contextCustomizers = set[[ImportsContextCustomizer@5ced1c1c key = [org.springframework.boot.autoconfigure.cache.CacheAutoConfiguration, org.springframework.boot.autoconfigure.data.jpa.JpaRepositoriesAutoConfiguration, org.springframework.boot.autoconfigure.flyway.FlywayAutoConfiguration, org.springframework.boot.autoconfigure.jdbc.DataSourceAutoConfiguration, org.springframework.boot.autoconfigure.jdbc.DataSourceTransactionManagerAutoConfiguration, org.springframework.boot.autoconfigure.jdbc.JdbcTemplateAutoConfiguration, org.springframework.boot.autoconfigure.liquibase.LiquibaseAutoConfiguration, org.springframework.boot.autoconfigure.orm.jpa.HibernateJpaAutoConfiguration, org.springframework.boot.autoconfigure.sql.init.SqlInitializationAutoConfiguration, org.springframework.boot.autoconfigure.transaction.TransactionAutoConfiguration, org.springframework.boot.test.autoconfigure.jdbc.TestDatabaseAutoConfiguration, org.springframework.boot.test.autoconfigure.orm.jpa.TestEntityManagerAutoConfiguration]], org.springframework.boot.test.context.filter.ExcludeFilterContextCustomizer@4f8caaf3, org.springframework.boot.test.json.DuplicateJsonObjectContextCustomizerFactory$DuplicateJsonObjectContextCustomizer@41c62850, org.springframework.boot.test.mock.mockito.MockitoContextCustomizer@0, org.springframework.boot.test.autoconfigure.OverrideAutoConfigurationContextCustomizerFactory$DisableAutoConfigurationContextCustomizer@3003697, org.springframework.boot.test.autoconfigure.actuate.metrics.MetricsExportContextCustomizerFactory$DisableMetricExportContextCustomizer@410e94e, org.springframework.boot.test.autoconfigure.filter.TypeExcludeFiltersContextCustomizer@de550dbc, org.springframework.boot.test.autoconfigure.properties.PropertyMappingContextCustomizer@61e9a211, org.springframework.boot.test.autoconfigure.web.servlet.WebDriverContextCustomizerFactory$Customizer@452c8a40, org.springframework.boot.test.context.SpringBootTestArgs@1, org.springframework.boot.test.context.SpringBootTestWebEnvironment@0], contextLoader = 'org.springframework.boot.test.context.SpringBootContextLoader', parent = [null]], attributes = map['org.springframework.test.context.event.ApplicationEventsTestExecutionListener.recordApplicationEvents' -> false]]; transaction manager [org.springframework.orm.jpa.JpaTransactionManager@6b6f3e45]; rollback [true]
Hibernate: select owner0_.id as id1_0_0_, pets1_.id as id1_1_1_, owner0_.first_name as first_na2_0_0_, owner0_.last_name as last_nam3_0_0_, owner0_.address as address4_0_0_, owner0_.city as city5_0_0_, owner0_.telephone as telephon6_0_0_, pets1_.name as name2_1_1_, pets1_.birth_date as birth_da3_1_1_, pets1_.type_id as type_id4_1_1_, pets1_.owner_id as owner_id5_1_0__, pets1_.id as id1_1_0__ from owners owner0_ left outer join pets pets1_ on owner0_.id=pets1_.owner_id where owner0_.id=? order by pets1_.name
Hibernate: select pettype0_.id as id1_3_0_, pettype0_.name as name2_3_0_ from types pettype0_ where pettype0_.id=?
Hibernate: select visits0_.pet_id as pet_id4_6_0_, visits0_.id as id1_6_0_, visits0_.id as id1_6_1_, visits0_.visit_date as visit_da2_6_1_, visits0_.description as descript3_6_1_ from visits visits0_ where visits0_.pet_id=? order by visits0_.visit_date asc
Hibernate: select visits0_.pet_id as pet_id4_6_0_, visits0_.id as id1_6_0_, visits0_.id as id1_6_1_, visits0_.visit_date as visit_da2_6_1_, visits0_.description as descript3_6_1_ from visits visits0_ where visits0_.pet_id=? order by visits0_.visit_date asc
Hibernate: select pettype0_.id as id1_3_, pettype0_.name as name2_3_ from types pettype0_ order by pettype0_.name
Hibernate: insert into pets (id, name, birth_date, type_id) values (null, ?, ?, ?)
Hibernate: update pets set owner_id=? where id=?
Hibernate: select owner0_.id as id1_0_0_, pets1_.id as id1_1_1_, owner0_.first_name as first_na2_0_0_, owner0_.last_name as last_nam3_0_0_, owner0_.address as address4_0_0_, owner0_.city as city5_0_0_, owner0_.telephone as telephon6_0_0_, pets1_.name as name2_1_1_, pets1_.birth_date as birth_da3_1_1_, pets1_.type_id as type_id4_1_1_, pets1_.owner_id as owner_id5_1_0__, pets1_.id as id1_1_0__ from owners owner0_ left outer join pets pets1_ on owner0_.id=pets1_.owner_id where owner0_.id=? order by pets1_.name
2022-03-15 08:47:28.851  INFO 21427 --- [           main] o.s.t.c.transaction.TransactionContext   : Rolled back transaction for test: [DefaultTestContext@51743658 testClass = ClinicServiceTests, testInstance = org.springframework.samples.petclinic.service.ClinicServiceTests@76ad8b83, testMethod = shouldInsertPetIntoDatabaseAndGenerateId@ClinicServiceTests, testException = [null], mergedContextConfiguration = [MergedContextConfiguration@539f34df testClass = ClinicServiceTests, locations = '{}', classes = '{class org.springframework.samples.petclinic.PetClinicApplication}', contextInitializerClasses = '[]', activeProfiles = '{}', propertySourceLocations = '{}', propertySourceProperties = '{org.springframework.boot.test.autoconfigure.orm.jpa.DataJpaTestContextBootstrapper=true}', contextCustomizers = set[[ImportsContextCustomizer@5ced1c1c key = [org.springframework.boot.autoconfigure.cache.CacheAutoConfiguration, org.springframework.boot.autoconfigure.data.jpa.JpaRepositoriesAutoConfiguration, org.springframework.boot.autoconfigure.flyway.FlywayAutoConfiguration, org.springframework.boot.autoconfigure.jdbc.DataSourceAutoConfiguration, org.springframework.boot.autoconfigure.jdbc.DataSourceTransactionManagerAutoConfiguration, org.springframework.boot.autoconfigure.jdbc.JdbcTemplateAutoConfiguration, org.springframework.boot.autoconfigure.liquibase.LiquibaseAutoConfiguration, org.springframework.boot.autoconfigure.orm.jpa.HibernateJpaAutoConfiguration, org.springframework.boot.autoconfigure.sql.init.SqlInitializationAutoConfiguration, org.springframework.boot.autoconfigure.transaction.TransactionAutoConfiguration, org.springframework.boot.test.autoconfigure.jdbc.TestDatabaseAutoConfiguration, org.springframework.boot.test.autoconfigure.orm.jpa.TestEntityManagerAutoConfiguration]], org.springframework.boot.test.context.filter.ExcludeFilterContextCustomizer@4f8caaf3, org.springframework.boot.test.json.DuplicateJsonObjectContextCustomizerFactory$DuplicateJsonObjectContextCustomizer@41c62850, org.springframework.boot.test.mock.mockito.MockitoContextCustomizer@0, org.springframework.boot.test.autoconfigure.OverrideAutoConfigurationContextCustomizerFactory$DisableAutoConfigurationContextCustomizer@3003697, org.springframework.boot.test.autoconfigure.actuate.metrics.MetricsExportContextCustomizerFactory$DisableMetricExportContextCustomizer@410e94e, org.springframework.boot.test.autoconfigure.filter.TypeExcludeFiltersContextCustomizer@de550dbc, org.springframework.boot.test.autoconfigure.properties.PropertyMappingContextCustomizer@61e9a211, org.springframework.boot.test.autoconfigure.web.servlet.WebDriverContextCustomizerFactory$Customizer@452c8a40, org.springframework.boot.test.context.SpringBootTestArgs@1, org.springframework.boot.test.context.SpringBootTestWebEnvironment@0], contextLoader = 'org.springframework.boot.test.context.SpringBootContextLoader', parent = [null]], attributes = map['org.springframework.test.context.event.ApplicationEventsTestExecutionListener.recordApplicationEvents' -> false]]
2022-03-15 08:47:28.859  INFO 21427 --- [           main] o.s.t.c.transaction.TransactionContext   : Began transaction (1) for test context [DefaultTestContext@51743658 testClass = ClinicServiceTests, testInstance = org.springframework.samples.petclinic.service.ClinicServiceTests@60e20a40, testMethod = shouldInsertOwner@ClinicServiceTests, testException = [null], mergedContextConfiguration = [MergedContextConfiguration@539f34df testClass = ClinicServiceTests, locations = '{}', classes = '{class org.springframework.samples.petclinic.PetClinicApplication}', contextInitializerClasses = '[]', activeProfiles = '{}', propertySourceLocations = '{}', propertySourceProperties = '{org.springframework.boot.test.autoconfigure.orm.jpa.DataJpaTestContextBootstrapper=true}', contextCustomizers = set[[ImportsContextCustomizer@5ced1c1c key = [org.springframework.boot.autoconfigure.cache.CacheAutoConfiguration, org.springframework.boot.autoconfigure.data.jpa.JpaRepositoriesAutoConfiguration, org.springframework.boot.autoconfigure.flyway.FlywayAutoConfiguration, org.springframework.boot.autoconfigure.jdbc.DataSourceAutoConfiguration, org.springframework.boot.autoconfigure.jdbc.DataSourceTransactionManagerAutoConfiguration, org.springframework.boot.autoconfigure.jdbc.JdbcTemplateAutoConfiguration, org.springframework.boot.autoconfigure.liquibase.LiquibaseAutoConfiguration, org.springframework.boot.autoconfigure.orm.jpa.HibernateJpaAutoConfiguration, org.springframework.boot.autoconfigure.sql.init.SqlInitializationAutoConfiguration, org.springframework.boot.autoconfigure.transaction.TransactionAutoConfiguration, org.springframework.boot.test.autoconfigure.jdbc.TestDatabaseAutoConfiguration, org.springframework.boot.test.autoconfigure.orm.jpa.TestEntityManagerAutoConfiguration]], org.springframework.boot.test.context.filter.ExcludeFilterContextCustomizer@4f8caaf3, org.springframework.boot.test.json.DuplicateJsonObjectContextCustomizerFactory$DuplicateJsonObjectContextCustomizer@41c62850, org.springframework.boot.test.mock.mockito.MockitoContextCustomizer@0, org.springframework.boot.test.autoconfigure.OverrideAutoConfigurationContextCustomizerFactory$DisableAutoConfigurationContextCustomizer@3003697, org.springframework.boot.test.autoconfigure.actuate.metrics.MetricsExportContextCustomizerFactory$DisableMetricExportContextCustomizer@410e94e, org.springframework.boot.test.autoconfigure.filter.TypeExcludeFiltersContextCustomizer@de550dbc, org.springframework.boot.test.autoconfigure.properties.PropertyMappingContextCustomizer@61e9a211, org.springframework.boot.test.autoconfigure.web.servlet.WebDriverContextCustomizerFactory$Customizer@452c8a40, org.springframework.boot.test.context.SpringBootTestArgs@1, org.springframework.boot.test.context.SpringBootTestWebEnvironment@0], contextLoader = 'org.springframework.boot.test.context.SpringBootContextLoader', parent = [null]], attributes = map['org.springframework.test.context.event.ApplicationEventsTestExecutionListener.recordApplicationEvents' -> false]]; transaction manager [org.springframework.orm.jpa.JpaTransactionManager@6b6f3e45]; rollback [true]
Hibernate: select distinct owner0_.id as id1_0_, owner0_.first_name as first_na2_0_, owner0_.last_name as last_nam3_0_, owner0_.address as address4_0_, owner0_.city as city5_0_, owner0_.telephone as telephon6_0_ from owners owner0_ left outer join pets pets1_ on owner0_.id=pets1_.owner_id where owner0_.last_name like ?
Hibernate: insert into owners (id, first_name, last_name, address, city, telephone) values (null, ?, ?, ?, ?, ?)
Hibernate: select distinct owner0_.id as id1_0_, owner0_.first_name as first_na2_0_, owner0_.last_name as last_nam3_0_, owner0_.address as address4_0_, owner0_.city as city5_0_, owner0_.telephone as telephon6_0_ from owners owner0_ left outer join pets pets1_ on owner0_.id=pets1_.owner_id where owner0_.last_name like ?
2022-03-15 08:47:28.883  INFO 21427 --- [           main] o.s.t.c.transaction.TransactionContext   : Rolled back transaction for test: [DefaultTestContext@51743658 testClass = ClinicServiceTests, testInstance = org.springframework.samples.petclinic.service.ClinicServiceTests@60e20a40, testMethod = shouldInsertOwner@ClinicServiceTests, testException = [null], mergedContextConfiguration = [MergedContextConfiguration@539f34df testClass = ClinicServiceTests, locations = '{}', classes = '{class org.springframework.samples.petclinic.PetClinicApplication}', contextInitializerClasses = '[]', activeProfiles = '{}', propertySourceLocations = '{}', propertySourceProperties = '{org.springframework.boot.test.autoconfigure.orm.jpa.DataJpaTestContextBootstrapper=true}', contextCustomizers = set[[ImportsContextCustomizer@5ced1c1c key = [org.springframework.boot.autoconfigure.cache.CacheAutoConfiguration, org.springframework.boot.autoconfigure.data.jpa.JpaRepositoriesAutoConfiguration, org.springframework.boot.autoconfigure.flyway.FlywayAutoConfiguration, org.springframework.boot.autoconfigure.jdbc.DataSourceAutoConfiguration, org.springframework.boot.autoconfigure.jdbc.DataSourceTransactionManagerAutoConfiguration, org.springframework.boot.autoconfigure.jdbc.JdbcTemplateAutoConfiguration, org.springframework.boot.autoconfigure.liquibase.LiquibaseAutoConfiguration, org.springframework.boot.autoconfigure.orm.jpa.HibernateJpaAutoConfiguration, org.springframework.boot.autoconfigure.sql.init.SqlInitializationAutoConfiguration, org.springframework.boot.autoconfigure.transaction.TransactionAutoConfiguration, org.springframework.boot.test.autoconfigure.jdbc.TestDatabaseAutoConfiguration, org.springframework.boot.test.autoconfigure.orm.jpa.TestEntityManagerAutoConfiguration]], org.springframework.boot.test.context.filter.ExcludeFilterContextCustomizer@4f8caaf3, org.springframework.boot.test.json.DuplicateJsonObjectContextCustomizerFactory$DuplicateJsonObjectContextCustomizer@41c62850, org.springframework.boot.test.mock.mockito.MockitoContextCustomizer@0, org.springframework.boot.test.autoconfigure.OverrideAutoConfigurationContextCustomizerFactory$DisableAutoConfigurationContextCustomizer@3003697, org.springframework.boot.test.autoconfigure.actuate.metrics.MetricsExportContextCustomizerFactory$DisableMetricExportContextCustomizer@410e94e, org.springframework.boot.test.autoconfigure.filter.TypeExcludeFiltersContextCustomizer@de550dbc, org.springframework.boot.test.autoconfigure.properties.PropertyMappingContextCustomizer@61e9a211, org.springframework.boot.test.autoconfigure.web.servlet.WebDriverContextCustomizerFactory$Customizer@452c8a40, org.springframework.boot.test.context.SpringBootTestArgs@1, org.springframework.boot.test.context.SpringBootTestWebEnvironment@0], contextLoader = 'org.springframework.boot.test.context.SpringBootContextLoader', parent = [null]], attributes = map['org.springframework.test.context.event.ApplicationEventsTestExecutionListener.recordApplicationEvents' -> false]]
2022-03-15 08:47:28.891  INFO 21427 --- [           main] o.s.t.c.transaction.TransactionContext   : Began transaction (1) for test context [DefaultTestContext@51743658 testClass = ClinicServiceTests, testInstance = org.springframework.samples.petclinic.service.ClinicServiceTests@2588df7b, testMethod = shouldFindSingleOwnerWithPet@ClinicServiceTests, testException = [null], mergedContextConfiguration = [MergedContextConfiguration@539f34df testClass = ClinicServiceTests, locations = '{}', classes = '{class org.springframework.samples.petclinic.PetClinicApplication}', contextInitializerClasses = '[]', activeProfiles = '{}', propertySourceLocations = '{}', propertySourceProperties = '{org.springframework.boot.test.autoconfigure.orm.jpa.DataJpaTestContextBootstrapper=true}', contextCustomizers = set[[ImportsContextCustomizer@5ced1c1c key = [org.springframework.boot.autoconfigure.cache.CacheAutoConfiguration, org.springframework.boot.autoconfigure.data.jpa.JpaRepositoriesAutoConfiguration, org.springframework.boot.autoconfigure.flyway.FlywayAutoConfiguration, org.springframework.boot.autoconfigure.jdbc.DataSourceAutoConfiguration, org.springframework.boot.autoconfigure.jdbc.DataSourceTransactionManagerAutoConfiguration, org.springframework.boot.autoconfigure.jdbc.JdbcTemplateAutoConfiguration, org.springframework.boot.autoconfigure.liquibase.LiquibaseAutoConfiguration, org.springframework.boot.autoconfigure.orm.jpa.HibernateJpaAutoConfiguration, org.springframework.boot.autoconfigure.sql.init.SqlInitializationAutoConfiguration, org.springframework.boot.autoconfigure.transaction.TransactionAutoConfiguration, org.springframework.boot.test.autoconfigure.jdbc.TestDatabaseAutoConfiguration, org.springframework.boot.test.autoconfigure.orm.jpa.TestEntityManagerAutoConfiguration]], org.springframework.boot.test.context.filter.ExcludeFilterContextCustomizer@4f8caaf3, org.springframework.boot.test.json.DuplicateJsonObjectContextCustomizerFactory$DuplicateJsonObjectContextCustomizer@41c62850, org.springframework.boot.test.mock.mockito.MockitoContextCustomizer@0, org.springframework.boot.test.autoconfigure.OverrideAutoConfigurationContextCustomizerFactory$DisableAutoConfigurationContextCustomizer@3003697, org.springframework.boot.test.autoconfigure.actuate.metrics.MetricsExportContextCustomizerFactory$DisableMetricExportContextCustomizer@410e94e, org.springframework.boot.test.autoconfigure.filter.TypeExcludeFiltersContextCustomizer@de550dbc, org.springframework.boot.test.autoconfigure.properties.PropertyMappingContextCustomizer@61e9a211, org.springframework.boot.test.autoconfigure.web.servlet.WebDriverContextCustomizerFactory$Customizer@452c8a40, org.springframework.boot.test.context.SpringBootTestArgs@1, org.springframework.boot.test.context.SpringBootTestWebEnvironment@0], contextLoader = 'org.springframework.boot.test.context.SpringBootContextLoader', parent = [null]], attributes = map['org.springframework.test.context.event.ApplicationEventsTestExecutionListener.recordApplicationEvents' -> false]]; transaction manager [org.springframework.orm.jpa.JpaTransactionManager@6b6f3e45]; rollback [true]
Hibernate: select owner0_.id as id1_0_0_, pets1_.id as id1_1_1_, owner0_.first_name as first_na2_0_0_, owner0_.last_name as last_nam3_0_0_, owner0_.address as address4_0_0_, owner0_.city as city5_0_0_, owner0_.telephone as telephon6_0_0_, pets1_.name as name2_1_1_, pets1_.birth_date as birth_da3_1_1_, pets1_.type_id as type_id4_1_1_, pets1_.owner_id as owner_id5_1_0__, pets1_.id as id1_1_0__ from owners owner0_ left outer join pets pets1_ on owner0_.id=pets1_.owner_id where owner0_.id=? order by pets1_.name
Hibernate: select pettype0_.id as id1_3_0_, pettype0_.name as name2_3_0_ from types pettype0_ where pettype0_.id=?
Hibernate: select visits0_.pet_id as pet_id4_6_0_, visits0_.id as id1_6_0_, visits0_.id as id1_6_1_, visits0_.visit_date as visit_da2_6_1_, visits0_.description as descript3_6_1_ from visits visits0_ where visits0_.pet_id=? order by visits0_.visit_date asc
2022-03-15 08:47:28.919  INFO 21427 --- [           main] o.s.t.c.transaction.TransactionContext   : Rolled back transaction for test: [DefaultTestContext@51743658 testClass = ClinicServiceTests, testInstance = org.springframework.samples.petclinic.service.ClinicServiceTests@2588df7b, testMethod = shouldFindSingleOwnerWithPet@ClinicServiceTests, testException = [null], mergedContextConfiguration = [MergedContextConfiguration@539f34df testClass = ClinicServiceTests, locations = '{}', classes = '{class org.springframework.samples.petclinic.PetClinicApplication}', contextInitializerClasses = '[]', activeProfiles = '{}', propertySourceLocations = '{}', propertySourceProperties = '{org.springframework.boot.test.autoconfigure.orm.jpa.DataJpaTestContextBootstrapper=true}', contextCustomizers = set[[ImportsContextCustomizer@5ced1c1c key = [org.springframework.boot.autoconfigure.cache.CacheAutoConfiguration, org.springframework.boot.autoconfigure.data.jpa.JpaRepositoriesAutoConfiguration, org.springframework.boot.autoconfigure.flyway.FlywayAutoConfiguration, org.springframework.boot.autoconfigure.jdbc.DataSourceAutoConfiguration, org.springframework.boot.autoconfigure.jdbc.DataSourceTransactionManagerAutoConfiguration, org.springframework.boot.autoconfigure.jdbc.JdbcTemplateAutoConfiguration, org.springframework.boot.autoconfigure.liquibase.LiquibaseAutoConfiguration, org.springframework.boot.autoconfigure.orm.jpa.HibernateJpaAutoConfiguration, org.springframework.boot.autoconfigure.sql.init.SqlInitializationAutoConfiguration, org.springframework.boot.autoconfigure.transaction.TransactionAutoConfiguration, org.springframework.boot.test.autoconfigure.jdbc.TestDatabaseAutoConfiguration, org.springframework.boot.test.autoconfigure.orm.jpa.TestEntityManagerAutoConfiguration]], org.springframework.boot.test.context.filter.ExcludeFilterContextCustomizer@4f8caaf3, org.springframework.boot.test.json.DuplicateJsonObjectContextCustomizerFactory$DuplicateJsonObjectContextCustomizer@41c62850, org.springframework.boot.test.mock.mockito.MockitoContextCustomizer@0, org.springframework.boot.test.autoconfigure.OverrideAutoConfigurationContextCustomizerFactory$DisableAutoConfigurationContextCustomizer@3003697, org.springframework.boot.test.autoconfigure.actuate.metrics.MetricsExportContextCustomizerFactory$DisableMetricExportContextCustomizer@410e94e, org.springframework.boot.test.autoconfigure.filter.TypeExcludeFiltersContextCustomizer@de550dbc, org.springframework.boot.test.autoconfigure.properties.PropertyMappingContextCustomizer@61e9a211, org.springframework.boot.test.autoconfigure.web.servlet.WebDriverContextCustomizerFactory$Customizer@452c8a40, org.springframework.boot.test.context.SpringBootTestArgs@1, org.springframework.boot.test.context.SpringBootTestWebEnvironment@0], contextLoader = 'org.springframework.boot.test.context.SpringBootContextLoader', parent = [null]], attributes = map['org.springframework.test.context.event.ApplicationEventsTestExecutionListener.recordApplicationEvents' -> false]]
2022-03-15 08:47:28.923  INFO 21427 --- [           main] o.s.t.c.transaction.TransactionContext   : Began transaction (1) for test context [DefaultTestContext@51743658 testClass = ClinicServiceTests, testInstance = org.springframework.samples.petclinic.service.ClinicServiceTests@40bbb235, testMethod = shouldUpdatePetName@ClinicServiceTests, testException = [null], mergedContextConfiguration = [MergedContextConfiguration@539f34df testClass = ClinicServiceTests, locations = '{}', classes = '{class org.springframework.samples.petclinic.PetClinicApplication}', contextInitializerClasses = '[]', activeProfiles = '{}', propertySourceLocations = '{}', propertySourceProperties = '{org.springframework.boot.test.autoconfigure.orm.jpa.DataJpaTestContextBootstrapper=true}', contextCustomizers = set[[ImportsContextCustomizer@5ced1c1c key = [org.springframework.boot.autoconfigure.cache.CacheAutoConfiguration, org.springframework.boot.autoconfigure.data.jpa.JpaRepositoriesAutoConfiguration, org.springframework.boot.autoconfigure.flyway.FlywayAutoConfiguration, org.springframework.boot.autoconfigure.jdbc.DataSourceAutoConfiguration, org.springframework.boot.autoconfigure.jdbc.DataSourceTransactionManagerAutoConfiguration, org.springframework.boot.autoconfigure.jdbc.JdbcTemplateAutoConfiguration, org.springframework.boot.autoconfigure.liquibase.LiquibaseAutoConfiguration, org.springframework.boot.autoconfigure.orm.jpa.HibernateJpaAutoConfiguration, org.springframework.boot.autoconfigure.sql.init.SqlInitializationAutoConfiguration, org.springframework.boot.autoconfigure.transaction.TransactionAutoConfiguration, org.springframework.boot.test.autoconfigure.jdbc.TestDatabaseAutoConfiguration, org.springframework.boot.test.autoconfigure.orm.jpa.TestEntityManagerAutoConfiguration]], org.springframework.boot.test.context.filter.ExcludeFilterContextCustomizer@4f8caaf3, org.springframework.boot.test.json.DuplicateJsonObjectContextCustomizerFactory$DuplicateJsonObjectContextCustomizer@41c62850, org.springframework.boot.test.mock.mockito.MockitoContextCustomizer@0, org.springframework.boot.test.autoconfigure.OverrideAutoConfigurationContextCustomizerFactory$DisableAutoConfigurationContextCustomizer@3003697, org.springframework.boot.test.autoconfigure.actuate.metrics.MetricsExportContextCustomizerFactory$DisableMetricExportContextCustomizer@410e94e, org.springframework.boot.test.autoconfigure.filter.TypeExcludeFiltersContextCustomizer@de550dbc, org.springframework.boot.test.autoconfigure.properties.PropertyMappingContextCustomizer@61e9a211, org.springframework.boot.test.autoconfigure.web.servlet.WebDriverContextCustomizerFactory$Customizer@452c8a40, org.springframework.boot.test.context.SpringBootTestArgs@1, org.springframework.boot.test.context.SpringBootTestWebEnvironment@0], contextLoader = 'org.springframework.boot.test.context.SpringBootContextLoader', parent = [null]], attributes = map['org.springframework.test.context.event.ApplicationEventsTestExecutionListener.recordApplicationEvents' -> false]]; transaction manager [org.springframework.orm.jpa.JpaTransactionManager@6b6f3e45]; rollback [true]
Hibernate: select owner0_.id as id1_0_0_, pets1_.id as id1_1_1_, owner0_.first_name as first_na2_0_0_, owner0_.last_name as last_nam3_0_0_, owner0_.address as address4_0_0_, owner0_.city as city5_0_0_, owner0_.telephone as telephon6_0_0_, pets1_.name as name2_1_1_, pets1_.birth_date as birth_da3_1_1_, pets1_.type_id as type_id4_1_1_, pets1_.owner_id as owner_id5_1_0__, pets1_.id as id1_1_0__ from owners owner0_ left outer join pets pets1_ on owner0_.id=pets1_.owner_id where owner0_.id=? order by pets1_.name
Hibernate: select pettype0_.id as id1_3_0_, pettype0_.name as name2_3_0_ from types pettype0_ where pettype0_.id=?
Hibernate: select visits0_.pet_id as pet_id4_6_0_, visits0_.id as id1_6_0_, visits0_.id as id1_6_1_, visits0_.visit_date as visit_da2_6_1_, visits0_.description as descript3_6_1_ from visits visits0_ where visits0_.pet_id=? order by visits0_.visit_date asc
Hibernate: select visits0_.pet_id as pet_id4_6_0_, visits0_.id as id1_6_0_, visits0_.id as id1_6_1_, visits0_.visit_date as visit_da2_6_1_, visits0_.description as descript3_6_1_ from visits visits0_ where visits0_.pet_id=? order by visits0_.visit_date asc
Hibernate: update pets set name=?, birth_date=?, type_id=? where id=?
Hibernate: select owner0_.id as id1_0_0_, pets1_.id as id1_1_1_, owner0_.first_name as first_na2_0_0_, owner0_.last_name as last_nam3_0_0_, owner0_.address as address4_0_0_, owner0_.city as city5_0_0_, owner0_.telephone as telephon6_0_0_, pets1_.name as name2_1_1_, pets1_.birth_date as birth_da3_1_1_, pets1_.type_id as type_id4_1_1_, pets1_.owner_id as owner_id5_1_0__, pets1_.id as id1_1_0__ from owners owner0_ left outer join pets pets1_ on owner0_.id=pets1_.owner_id where owner0_.id=? order by pets1_.name
2022-03-15 08:47:28.957  INFO 21427 --- [           main] o.s.t.c.transaction.TransactionContext   : Rolled back transaction for test: [DefaultTestContext@51743658 testClass = ClinicServiceTests, testInstance = org.springframework.samples.petclinic.service.ClinicServiceTests@40bbb235, testMethod = shouldUpdatePetName@ClinicServiceTests, testException = [null], mergedContextConfiguration = [MergedContextConfiguration@539f34df testClass = ClinicServiceTests, locations = '{}', classes = '{class org.springframework.samples.petclinic.PetClinicApplication}', contextInitializerClasses = '[]', activeProfiles = '{}', propertySourceLocations = '{}', propertySourceProperties = '{org.springframework.boot.test.autoconfigure.orm.jpa.DataJpaTestContextBootstrapper=true}', contextCustomizers = set[[ImportsContextCustomizer@5ced1c1c key = [org.springframework.boot.autoconfigure.cache.CacheAutoConfiguration, org.springframework.boot.autoconfigure.data.jpa.JpaRepositoriesAutoConfiguration, org.springframework.boot.autoconfigure.flyway.FlywayAutoConfiguration, org.springframework.boot.autoconfigure.jdbc.DataSourceAutoConfiguration, org.springframework.boot.autoconfigure.jdbc.DataSourceTransactionManagerAutoConfiguration, org.springframework.boot.autoconfigure.jdbc.JdbcTemplateAutoConfiguration, org.springframework.boot.autoconfigure.liquibase.LiquibaseAutoConfiguration, org.springframework.boot.autoconfigure.orm.jpa.HibernateJpaAutoConfiguration, org.springframework.boot.autoconfigure.sql.init.SqlInitializationAutoConfiguration, org.springframework.boot.autoconfigure.transaction.TransactionAutoConfiguration, org.springframework.boot.test.autoconfigure.jdbc.TestDatabaseAutoConfiguration, org.springframework.boot.test.autoconfigure.orm.jpa.TestEntityManagerAutoConfiguration]], org.springframework.boot.test.context.filter.ExcludeFilterContextCustomizer@4f8caaf3, org.springframework.boot.test.json.DuplicateJsonObjectContextCustomizerFactory$DuplicateJsonObjectContextCustomizer@41c62850, org.springframework.boot.test.mock.mockito.MockitoContextCustomizer@0, org.springframework.boot.test.autoconfigure.OverrideAutoConfigurationContextCustomizerFactory$DisableAutoConfigurationContextCustomizer@3003697, org.springframework.boot.test.autoconfigure.actuate.metrics.MetricsExportContextCustomizerFactory$DisableMetricExportContextCustomizer@410e94e, org.springframework.boot.test.autoconfigure.filter.TypeExcludeFiltersContextCustomizer@de550dbc, org.springframework.boot.test.autoconfigure.properties.PropertyMappingContextCustomizer@61e9a211, org.springframework.boot.test.autoconfigure.web.servlet.WebDriverContextCustomizerFactory$Customizer@452c8a40, org.springframework.boot.test.context.SpringBootTestArgs@1, org.springframework.boot.test.context.SpringBootTestWebEnvironment@0], contextLoader = 'org.springframework.boot.test.context.SpringBootContextLoader', parent = [null]], attributes = map['org.springframework.test.context.event.ApplicationEventsTestExecutionListener.recordApplicationEvents' -> false]]
2022-03-15 08:47:28.962  INFO 21427 --- [           main] o.s.t.c.transaction.TransactionContext   : Began transaction (1) for test context [DefaultTestContext@51743658 testClass = ClinicServiceTests, testInstance = org.springframework.samples.petclinic.service.ClinicServiceTests@3762e38, testMethod = shouldFindAllPetTypes@ClinicServiceTests, testException = [null], mergedContextConfiguration = [MergedContextConfiguration@539f34df testClass = ClinicServiceTests, locations = '{}', classes = '{class org.springframework.samples.petclinic.PetClinicApplication}', contextInitializerClasses = '[]', activeProfiles = '{}', propertySourceLocations = '{}', propertySourceProperties = '{org.springframework.boot.test.autoconfigure.orm.jpa.DataJpaTestContextBootstrapper=true}', contextCustomizers = set[[ImportsContextCustomizer@5ced1c1c key = [org.springframework.boot.autoconfigure.cache.CacheAutoConfiguration, org.springframework.boot.autoconfigure.data.jpa.JpaRepositoriesAutoConfiguration, org.springframework.boot.autoconfigure.flyway.FlywayAutoConfiguration, org.springframework.boot.autoconfigure.jdbc.DataSourceAutoConfiguration, org.springframework.boot.autoconfigure.jdbc.DataSourceTransactionManagerAutoConfiguration, org.springframework.boot.autoconfigure.jdbc.JdbcTemplateAutoConfiguration, org.springframework.boot.autoconfigure.liquibase.LiquibaseAutoConfiguration, org.springframework.boot.autoconfigure.orm.jpa.HibernateJpaAutoConfiguration, org.springframework.boot.autoconfigure.sql.init.SqlInitializationAutoConfiguration, org.springframework.boot.autoconfigure.transaction.TransactionAutoConfiguration, org.springframework.boot.test.autoconfigure.jdbc.TestDatabaseAutoConfiguration, org.springframework.boot.test.autoconfigure.orm.jpa.TestEntityManagerAutoConfiguration]], org.springframework.boot.test.context.filter.ExcludeFilterContextCustomizer@4f8caaf3, org.springframework.boot.test.json.DuplicateJsonObjectContextCustomizerFactory$DuplicateJsonObjectContextCustomizer@41c62850, org.springframework.boot.test.mock.mockito.MockitoContextCustomizer@0, org.springframework.boot.test.autoconfigure.OverrideAutoConfigurationContextCustomizerFactory$DisableAutoConfigurationContextCustomizer@3003697, org.springframework.boot.test.autoconfigure.actuate.metrics.MetricsExportContextCustomizerFactory$DisableMetricExportContextCustomizer@410e94e, org.springframework.boot.test.autoconfigure.filter.TypeExcludeFiltersContextCustomizer@de550dbc, org.springframework.boot.test.autoconfigure.properties.PropertyMappingContextCustomizer@61e9a211, org.springframework.boot.test.autoconfigure.web.servlet.WebDriverContextCustomizerFactory$Customizer@452c8a40, org.springframework.boot.test.context.SpringBootTestArgs@1, org.springframework.boot.test.context.SpringBootTestWebEnvironment@0], contextLoader = 'org.springframework.boot.test.context.SpringBootContextLoader', parent = [null]], attributes = map['org.springframework.test.context.event.ApplicationEventsTestExecutionListener.recordApplicationEvents' -> false]]; transaction manager [org.springframework.orm.jpa.JpaTransactionManager@6b6f3e45]; rollback [true]
Hibernate: select pettype0_.id as id1_3_, pettype0_.name as name2_3_ from types pettype0_ order by pettype0_.name
2022-03-15 08:47:28.973  INFO 21427 --- [           main] o.s.t.c.transaction.TransactionContext   : Rolled back transaction for test: [DefaultTestContext@51743658 testClass = ClinicServiceTests, testInstance = org.springframework.samples.petclinic.service.ClinicServiceTests@3762e38, testMethod = shouldFindAllPetTypes@ClinicServiceTests, testException = [null], mergedContextConfiguration = [MergedContextConfiguration@539f34df testClass = ClinicServiceTests, locations = '{}', classes = '{class org.springframework.samples.petclinic.PetClinicApplication}', contextInitializerClasses = '[]', activeProfiles = '{}', propertySourceLocations = '{}', propertySourceProperties = '{org.springframework.boot.test.autoconfigure.orm.jpa.DataJpaTestContextBootstrapper=true}', contextCustomizers = set[[ImportsContextCustomizer@5ced1c1c key = [org.springframework.boot.autoconfigure.cache.CacheAutoConfiguration, org.springframework.boot.autoconfigure.data.jpa.JpaRepositoriesAutoConfiguration, org.springframework.boot.autoconfigure.flyway.FlywayAutoConfiguration, org.springframework.boot.autoconfigure.jdbc.DataSourceAutoConfiguration, org.springframework.boot.autoconfigure.jdbc.DataSourceTransactionManagerAutoConfiguration, org.springframework.boot.autoconfigure.jdbc.JdbcTemplateAutoConfiguration, org.springframework.boot.autoconfigure.liquibase.LiquibaseAutoConfiguration, org.springframework.boot.autoconfigure.orm.jpa.HibernateJpaAutoConfiguration, org.springframework.boot.autoconfigure.sql.init.SqlInitializationAutoConfiguration, org.springframework.boot.autoconfigure.transaction.TransactionAutoConfiguration, org.springframework.boot.test.autoconfigure.jdbc.TestDatabaseAutoConfiguration, org.springframework.boot.test.autoconfigure.orm.jpa.TestEntityManagerAutoConfiguration]], org.springframework.boot.test.context.filter.ExcludeFilterContextCustomizer@4f8caaf3, org.springframework.boot.test.json.DuplicateJsonObjectContextCustomizerFactory$DuplicateJsonObjectContextCustomizer@41c62850, org.springframework.boot.test.mock.mockito.MockitoContextCustomizer@0, org.springframework.boot.test.autoconfigure.OverrideAutoConfigurationContextCustomizerFactory$DisableAutoConfigurationContextCustomizer@3003697, org.springframework.boot.test.autoconfigure.actuate.metrics.MetricsExportContextCustomizerFactory$DisableMetricExportContextCustomizer@410e94e, org.springframework.boot.test.autoconfigure.filter.TypeExcludeFiltersContextCustomizer@de550dbc, org.springframework.boot.test.autoconfigure.properties.PropertyMappingContextCustomizer@61e9a211, org.springframework.boot.test.autoconfigure.web.servlet.WebDriverContextCustomizerFactory$Customizer@452c8a40, org.springframework.boot.test.context.SpringBootTestArgs@1, org.springframework.boot.test.context.SpringBootTestWebEnvironment@0], contextLoader = 'org.springframework.boot.test.context.SpringBootContextLoader', parent = [null]], attributes = map['org.springframework.test.context.event.ApplicationEventsTestExecutionListener.recordApplicationEvents' -> false]]
[INFO] Tests run: 10, Failures: 0, Errors: 0, Skipped: 0, Time elapsed: 8.652 s - in org.springframework.samples.petclinic.service.ClinicServiceTests
[INFO] Running org.springframework.samples.petclinic.PetclinicIntegrationTests
2022-03-15 08:47:28.984  INFO 21427 --- [           main] .b.t.c.SpringBootTestContextBootstrapper : Neither @ContextConfiguration nor @ContextHierarchy found for test class [org.springframework.samples.petclinic.PetclinicIntegrationTests], using SpringBootContextLoader
2022-03-15 08:47:28.985  INFO 21427 --- [           main] o.s.t.c.support.AbstractContextLoader    : Could not detect default resource locations for test class [org.springframework.samples.petclinic.PetclinicIntegrationTests]: no resource found for suffixes {-context.xml, Context.groovy}.
2022-03-15 08:47:28.985  INFO 21427 --- [           main] t.c.s.AnnotationConfigContextLoaderUtils : Could not detect default configuration classes for test class [org.springframework.samples.petclinic.PetclinicIntegrationTests]: PetclinicIntegrationTests does not declare any static, non-private, non-final, nested classes annotated with @Configuration.
2022-03-15 08:47:28.990  INFO 21427 --- [           main] .b.t.c.SpringBootTestContextBootstrapper : Found @SpringBootConfiguration org.springframework.samples.petclinic.PetClinicApplication for test class org.springframework.samples.petclinic.PetclinicIntegrationTests
2022-03-15 08:47:28.999  INFO 21427 --- [           main] .b.t.c.SpringBootTestContextBootstrapper : Loaded default TestExecutionListener class names from location [META-INF/spring.factories]: [org.springframework.boot.test.mock.mockito.MockitoTestExecutionListener, org.springframework.boot.test.mock.mockito.ResetMocksTestExecutionListener, org.springframework.boot.test.autoconfigure.restdocs.RestDocsTestExecutionListener, org.springframework.boot.test.autoconfigure.web.client.MockRestServiceServerResetTestExecutionListener, org.springframework.boot.test.autoconfigure.web.servlet.MockMvcPrintOnlyOnFailureTestExecutionListener, org.springframework.boot.test.autoconfigure.web.servlet.WebDriverTestExecutionListener, org.springframework.boot.test.autoconfigure.webservices.client.MockWebServiceServerTestExecutionListener, org.springframework.test.context.web.ServletTestExecutionListener, org.springframework.test.context.support.DirtiesContextBeforeModesTestExecutionListener, org.springframework.test.context.event.ApplicationEventsTestExecutionListener, org.springframework.test.context.support.DependencyInjectionTestExecutionListener, org.springframework.test.context.support.DirtiesContextTestExecutionListener, org.springframework.test.context.transaction.TransactionalTestExecutionListener, org.springframework.test.context.jdbc.SqlScriptsTestExecutionListener, org.springframework.test.context.event.EventPublishingTestExecutionListener]
2022-03-15 08:47:29.000  INFO 21427 --- [           main] .b.t.c.SpringBootTestContextBootstrapper : Using TestExecutionListeners: [org.springframework.test.context.web.ServletTestExecutionListener@7f3fd239, org.springframework.test.context.support.DirtiesContextBeforeModesTestExecutionListener@4dec78bf, org.springframework.test.context.event.ApplicationEventsTestExecutionListener@2605a63e, org.springframework.boot.test.mock.mockito.MockitoTestExecutionListener@43b1dc08, org.springframework.boot.test.autoconfigure.SpringBootDependencyInjectionTestExecutionListener@429e705d, org.springframework.test.context.support.DirtiesContextTestExecutionListener@6c99d131, org.springframework.test.context.transaction.TransactionalTestExecutionListener@6726beca, org.springframework.test.context.jdbc.SqlScriptsTestExecutionListener@2a3a6fba, org.springframework.test.context.event.EventPublishingTestExecutionListener@1b97fe38, org.springframework.boot.test.mock.mockito.ResetMocksTestExecutionListener@3925b422, org.springframework.boot.test.autoconfigure.restdocs.RestDocsTestExecutionListener@6b279d22, org.springframework.boot.test.autoconfigure.web.client.MockRestServiceServerResetTestExecutionListener@12196843, org.springframework.boot.test.autoconfigure.web.servlet.MockMvcPrintOnlyOnFailureTestExecutionListener@36db3206, org.springframework.boot.test.autoconfigure.web.servlet.WebDriverTestExecutionListener@22cb045b, org.springframework.boot.test.autoconfigure.webservices.client.MockWebServiceServerTestExecutionListener@755243ad]


              |\      _,,,--,,_
             /,`.-'`'   ._  \-;;,_
  _______ __|,4-  ) )_   .;.(__`'-'__     ___ __    _ ___ _______
 |       | '---''(_/._)-'(_\_)   |   |   |   |  |  | |   |       |
 |    _  |    ___|_     _|       |   |   |   |   |_| |   |       | __ _ _
 |   |_| |   |___  |   | |       |   |   |   |       |   |       | \ \ \ \
 |    ___|    ___| |   | |      _|   |___|   |  _    |   |      _|  \ \ \ \
 |   |   |   |___  |   | |     |_|       |   | | |   |   |     |_    ) ) ) )
 |___|   |_______| |___| |_______|_______|___|_|  |__|___|_______|  / / / /
 ==================================================================/_/_/_/

:: Built with Spring Boot :: 2.6.3


2022-03-15 08:47:29.044  INFO 21427 --- [           main] o.s.s.p.PetclinicIntegrationTests        : Starting PetclinicIntegrationTests using Java 15.0.1 on MARCOS-MBP.station with PID 21427 (started by kralizec in /Users/kralizec/University/mutation/spring-petclinic_v1)
2022-03-15 08:47:29.045  INFO 21427 --- [           main] o.s.s.p.PetclinicIntegrationTests        : No active profile set, falling back to default profiles: default
2022-03-15 08:47:29.831  INFO 21427 --- [           main] .s.d.r.c.RepositoryConfigurationDelegate : Bootstrapping Spring Data JPA repositories in DEFAULT mode.
2022-03-15 08:47:29.844  INFO 21427 --- [           main] .s.d.r.c.RepositoryConfigurationDelegate : Finished Spring Data repository scanning in 11 ms. Found 2 JPA repository interfaces.
2022-03-15 08:47:30.710  INFO 21427 --- [           main] o.s.b.w.embedded.tomcat.TomcatWebServer  : Tomcat initialized with port(s): 0 (http)
2022-03-15 08:47:30.735  INFO 21427 --- [           main] o.apache.catalina.core.StandardService   : Starting service [Tomcat]
2022-03-15 08:47:30.736  INFO 21427 --- [           main] org.apache.catalina.core.StandardEngine  : Starting Servlet engine: [Apache Tomcat/9.0.56]
2022-03-15 08:47:30.949  INFO 21427 --- [           main] o.a.c.c.C.[Tomcat].[localhost].[/]       : Initializing Spring embedded WebApplicationContext
2022-03-15 08:47:30.950  INFO 21427 --- [           main] w.s.c.ServletWebServerApplicationContext : Root WebApplicationContext: initialization completed in 1902 ms
2022-03-15 08:47:31.463  INFO 21427 --- [           main] com.zaxxer.hikari.HikariDataSource       : HikariPool-2 - Starting...
2022-03-15 08:47:31.467  INFO 21427 --- [           main] com.zaxxer.hikari.HikariDataSource       : HikariPool-2 - Start completed.
2022-03-15 08:47:32.137  INFO 21427 --- [           main] org.ehcache.core.EhcacheManager          : Cache 'vets' created in EhcacheManager.
2022-03-15 08:47:32.149  INFO 21427 --- [           main] org.ehcache.jsr107.Eh107CacheManager     : Registering Ehcache MBean javax.cache:type=CacheStatistics,CacheManager=urn.X-ehcache.jsr107-default-config,Cache=vets
2022-03-15 08:47:32.161  INFO 21427 --- [           main] org.ehcache.jsr107.Eh107CacheManager     : Registering Ehcache MBean javax.cache:type=CacheStatistics,CacheManager=urn.X-ehcache.jsr107-default-config,Cache=vets
2022-03-15 08:47:32.207  INFO 21427 --- [           main] o.hibernate.jpa.internal.util.LogHelper  : HHH000204: Processing PersistenceUnitInfo [name: default]
2022-03-15 08:47:32.213  INFO 21427 --- [           main] org.hibernate.dialect.Dialect            : HHH000400: Using dialect: org.hibernate.dialect.H2Dialect
2022-03-15 08:47:32.393  INFO 21427 --- [           main] o.h.e.t.j.p.i.JtaPlatformInitiator       : HHH000490: Using JtaPlatform implementation: [org.hibernate.engine.transaction.jta.platform.internal.NoJtaPlatform]
2022-03-15 08:47:32.393  INFO 21427 --- [           main] j.LocalContainerEntityManagerFactoryBean : Initialized JPA EntityManagerFactory for persistence unit 'default'
2022-03-15 08:47:34.359  INFO 21427 --- [           main] o.s.b.a.e.web.EndpointLinksResolver      : Exposing 13 endpoint(s) beneath base path '/actuator'
2022-03-15 08:47:34.546  INFO 21427 --- [           main] o.s.b.w.embedded.tomcat.TomcatWebServer  : Tomcat started on port(s): 57836 (http) with context path ''
2022-03-15 08:47:34.557  INFO 21427 --- [           main] o.s.s.p.PetclinicIntegrationTests        : Started PetclinicIntegrationTests in 5.553 seconds (JVM running for 31.987)
2022-03-15 08:47:34.812  INFO 21427 --- [o-auto-1-exec-1] o.a.c.c.C.[Tomcat].[localhost].[/]       : Initializing Spring DispatcherServlet 'dispatcherServlet'
2022-03-15 08:47:34.813  INFO 21427 --- [o-auto-1-exec-1] o.s.web.servlet.DispatcherServlet        : Initializing Servlet 'dispatcherServlet'
2022-03-15 08:47:34.815  INFO 21427 --- [o-auto-1-exec-1] o.s.web.servlet.DispatcherServlet        : Completed initialization in 2 ms
[INFO] Tests run: 2, Failures: 0, Errors: 0, Skipped: 0, Time elapsed: 5.763 s - in org.springframework.samples.petclinic.PetclinicIntegrationTests
2022-03-15 08:47:34.942  INFO 21427 --- [ionShutdownHook] j.LocalContainerEntityManagerFactoryBean : Closing JPA EntityManagerFactory for persistence unit 'default'
2022-03-15 08:47:34.945  INFO 21427 --- [ionShutdownHook] com.zaxxer.hikari.HikariDataSource       : HikariPool-1 - Shutdown initiated...
2022-03-15 08:47:34.947  INFO 21427 --- [ionShutdownHook] com.zaxxer.hikari.HikariDataSource       : HikariPool-1 - Shutdown completed.
2022-03-15 08:47:35.371  INFO 21427 --- [ionShutdownHook] j.LocalContainerEntityManagerFactoryBean : Closing JPA EntityManagerFactory for persistence unit 'default'
2022-03-15 08:47:35.381  INFO 21427 --- [ionShutdownHook] org.ehcache.core.EhcacheManager          : Cache 'vets' removed from EhcacheManager.
2022-03-15 08:47:35.388  INFO 21427 --- [ionShutdownHook] com.zaxxer.hikari.HikariDataSource       : HikariPool-2 - Shutdown initiated...
2022-03-15 08:47:35.395  INFO 21427 --- [ionShutdownHook] com.zaxxer.hikari.HikariDataSource       : HikariPool-2 - Shutdown completed.
[INFO] 
[INFO] Results:
[INFO] 
[ERROR] Errors: 
[ERROR]   VetControllerTests.setup:72->helen:66 » NullPointer Cannot invoke "java.util.S...
[ERROR]   VetControllerTests.setup:72->helen:66 » NullPointer Cannot invoke "java.util.S...
[INFO] 
[ERROR] Tests run: 40, Failures: 0, Errors: 2, Skipped: 1
[INFO] 
[INFO] ------------------------------------------------------------------------
[INFO] BUILD FAILURE
[INFO] ------------------------------------------------------------------------
[INFO] Total time:  47.038 s
[INFO] Finished at: 2022-03-15T08:47:35+01:00
[INFO] ------------------------------------------------------------------------
[ERROR] Failed to execute goal org.apache.maven.plugins:maven-surefire-plugin:2.22.2:test (default-test) on project spring-petclinic: There are test failures.
[ERROR] 
[ERROR] Please refer to /Users/kralizec/University/mutation/spring-petclinic_v1/target/surefire-reports for the individual test results.
[ERROR] Please refer to dump files (if any exist) [date].dump, [date]-jvmRun[N].dump and [date].dumpstream.
[ERROR] -> [Help 1]
[ERROR] 
[ERROR] To see the full stack trace of the errors, re-run Maven with the -e switch.
[ERROR] Re-run Maven using the -X switch to enable full debug logging.
[ERROR] 
[ERROR] For more information about the errors and possible solutions, please read the following articles:
[ERROR] [Help 1] http://cwiki.apache.org/confluence/display/MAVEN/MojoFailureException
