[INFO] Scanning for projects...
[INFO] 
[INFO] ------------< org.springframework.samples:spring-petclinic >------------
[INFO] Building petclinic 2.6.0-SNAPSHOT
[INFO] --------------------------------[ jar ]---------------------------------
[INFO] 
[INFO] --- spring-javaformat-maven-plugin:0.0.31:validate (default) @ spring-petclinic ---
[INFO] 
[INFO] --- maven-checkstyle-plugin:3.1.2:check (nohttp-checkstyle-validation) @ spring-petclinic ---
[INFO] You have 0 Checkstyle violations.
[INFO] 
[INFO] --- jacoco-maven-plugin:0.8.7:prepare-agent (default) @ spring-petclinic ---
[INFO] argLine set to -javaagent:/Users/kralizec/.m2/repository/org/jacoco/org.jacoco.agent/0.8.7/org.jacoco.agent-0.8.7-runtime.jar=destfile=/Users/kralizec/University/mutation/spring-petclinic_v4/target/jacoco.exec
[INFO] 
[INFO] --- git-commit-id-plugin:4.9.10:revision (default) @ spring-petclinic ---
[INFO] dotGitDirectory is null, aborting execution!
[INFO] 
[INFO] --- spring-boot-maven-plugin:2.6.3:build-info (default) @ spring-petclinic ---
[INFO] 
[INFO] --- maven-resources-plugin:3.2.0:resources (default-resources) @ spring-petclinic ---
[INFO] Using 'UTF-8' encoding to copy filtered resources.
[INFO] Using 'UTF-8' encoding to copy filtered properties files.
[INFO] Copying 3 resources
[INFO] Copying 43 resources
[INFO] 
[INFO] --- maven-compiler-plugin:3.8.1:compile (default-compile) @ spring-petclinic ---
[INFO] Changes detected - recompiling the module!
[INFO] Compiling 23 source files to /Users/kralizec/University/mutation/spring-petclinic_v4/target/classes
[INFO] 
[INFO] --- maven-resources-plugin:3.2.0:testResources (default-testResources) @ spring-petclinic ---
[INFO] Using 'UTF-8' encoding to copy filtered resources.
[INFO] Using 'UTF-8' encoding to copy filtered properties files.
[INFO] skip non existing resourceDirectory /Users/kralizec/University/mutation/spring-petclinic_v4/src/test/resources
[INFO] 
[INFO] --- maven-compiler-plugin:3.8.1:testCompile (default-testCompile) @ spring-petclinic ---
[INFO] Changes detected - recompiling the module!
[INFO] Compiling 11 source files to /Users/kralizec/University/mutation/spring-petclinic_v4/target/test-classes
[INFO] 
[INFO] --- maven-surefire-plugin:2.22.2:test (default-test) @ spring-petclinic ---
[INFO] 
[INFO] -------------------------------------------------------
[INFO]  T E S T S
[INFO] -------------------------------------------------------
[INFO] Running org.springframework.samples.petclinic.vet.VetControllerTests
08:53:13.293 [main] DEBUG org.springframework.test.context.BootstrapUtils - Instantiating CacheAwareContextLoaderDelegate from class [org.springframework.test.context.cache.DefaultCacheAwareContextLoaderDelegate]
08:53:13.320 [main] DEBUG org.springframework.test.context.BootstrapUtils - Instantiating BootstrapContext using constructor [public org.springframework.test.context.support.DefaultBootstrapContext(java.lang.Class,org.springframework.test.context.CacheAwareContextLoaderDelegate)]
08:53:13.427 [main] DEBUG org.springframework.test.context.BootstrapUtils - Instantiating TestContextBootstrapper for test class [org.springframework.samples.petclinic.vet.VetControllerTests] from class [org.springframework.boot.test.autoconfigure.web.servlet.WebMvcTestContextBootstrapper]
08:53:13.458 [main] INFO org.springframework.boot.test.autoconfigure.web.servlet.WebMvcTestContextBootstrapper - Neither @ContextConfiguration nor @ContextHierarchy found for test class [org.springframework.samples.petclinic.vet.VetControllerTests], using SpringBootContextLoader
08:53:13.471 [main] DEBUG org.springframework.test.context.support.AbstractContextLoader - Did not detect default resource location for test class [org.springframework.samples.petclinic.vet.VetControllerTests]: class path resource [org/springframework/samples/petclinic/vet/VetControllerTests-context.xml] does not exist
08:53:13.472 [main] DEBUG org.springframework.test.context.support.AbstractContextLoader - Did not detect default resource location for test class [org.springframework.samples.petclinic.vet.VetControllerTests]: class path resource [org/springframework/samples/petclinic/vet/VetControllerTestsContext.groovy] does not exist
08:53:13.473 [main] INFO org.springframework.test.context.support.AbstractContextLoader - Could not detect default resource locations for test class [org.springframework.samples.petclinic.vet.VetControllerTests]: no resource found for suffixes {-context.xml, Context.groovy}.
08:53:13.475 [main] INFO org.springframework.test.context.support.AnnotationConfigContextLoaderUtils - Could not detect default configuration classes for test class [org.springframework.samples.petclinic.vet.VetControllerTests]: VetControllerTests does not declare any static, non-private, non-final, nested classes annotated with @Configuration.
08:53:13.660 [main] DEBUG org.springframework.test.context.support.ActiveProfilesUtils - Could not find an 'annotation declaring class' for annotation type [org.springframework.test.context.ActiveProfiles] and class [org.springframework.samples.petclinic.vet.VetControllerTests]
08:53:13.829 [main] DEBUG org.springframework.context.annotation.ClassPathScanningCandidateComponentProvider - Identified candidate component class: file [/Users/kralizec/University/mutation/spring-petclinic_v4/target/classes/org/springframework/samples/petclinic/PetClinicApplication.class]
08:53:13.831 [main] INFO org.springframework.boot.test.context.SpringBootTestContextBootstrapper - Found @SpringBootConfiguration org.springframework.samples.petclinic.PetClinicApplication for test class org.springframework.samples.petclinic.vet.VetControllerTests
08:53:13.837 [main] DEBUG org.springframework.boot.test.autoconfigure.web.servlet.WebMvcTestContextBootstrapper - @TestExecutionListeners is not present for class [org.springframework.samples.petclinic.vet.VetControllerTests]: using defaults.
08:53:13.838 [main] INFO org.springframework.boot.test.autoconfigure.web.servlet.WebMvcTestContextBootstrapper - Loaded default TestExecutionListener class names from location [META-INF/spring.factories]: [org.springframework.boot.test.mock.mockito.MockitoTestExecutionListener, org.springframework.boot.test.mock.mockito.ResetMocksTestExecutionListener, org.springframework.boot.test.autoconfigure.restdocs.RestDocsTestExecutionListener, org.springframework.boot.test.autoconfigure.web.client.MockRestServiceServerResetTestExecutionListener, org.springframework.boot.test.autoconfigure.web.servlet.MockMvcPrintOnlyOnFailureTestExecutionListener, org.springframework.boot.test.autoconfigure.web.servlet.WebDriverTestExecutionListener, org.springframework.boot.test.autoconfigure.webservices.client.MockWebServiceServerTestExecutionListener, org.springframework.test.context.web.ServletTestExecutionListener, org.springframework.test.context.support.DirtiesContextBeforeModesTestExecutionListener, org.springframework.test.context.event.ApplicationEventsTestExecutionListener, org.springframework.test.context.support.DependencyInjectionTestExecutionListener, org.springframework.test.context.support.DirtiesContextTestExecutionListener, org.springframework.test.context.transaction.TransactionalTestExecutionListener, org.springframework.test.context.jdbc.SqlScriptsTestExecutionListener, org.springframework.test.context.event.EventPublishingTestExecutionListener]
08:53:13.890 [main] INFO org.springframework.boot.test.autoconfigure.web.servlet.WebMvcTestContextBootstrapper - Using TestExecutionListeners: [org.springframework.test.context.web.ServletTestExecutionListener@1b29d52b, org.springframework.test.context.support.DirtiesContextBeforeModesTestExecutionListener@47547132, org.springframework.test.context.event.ApplicationEventsTestExecutionListener@655523dd, org.springframework.boot.test.mock.mockito.MockitoTestExecutionListener@6f7e336b, org.springframework.boot.test.autoconfigure.SpringBootDependencyInjectionTestExecutionListener@3a2b2322, org.springframework.test.context.support.DirtiesContextTestExecutionListener@5e1218b4, org.springframework.test.context.transaction.TransactionalTestExecutionListener@12958360, org.springframework.test.context.jdbc.SqlScriptsTestExecutionListener@c6e0f32, org.springframework.test.context.event.EventPublishingTestExecutionListener@6f3f0fae, org.springframework.boot.test.mock.mockito.ResetMocksTestExecutionListener@21a66d45, org.springframework.boot.test.autoconfigure.restdocs.RestDocsTestExecutionListener@1f966492, org.springframework.boot.test.autoconfigure.web.client.MockRestServiceServerResetTestExecutionListener@63fdffcd, org.springframework.boot.test.autoconfigure.web.servlet.MockMvcPrintOnlyOnFailureTestExecutionListener@7428de63, org.springframework.boot.test.autoconfigure.web.servlet.WebDriverTestExecutionListener@66f659e6, org.springframework.boot.test.autoconfigure.webservices.client.MockWebServiceServerTestExecutionListener@4a68135e]
08:53:13.899 [main] DEBUG org.springframework.test.context.support.AbstractDirtiesContextTestExecutionListener - Before test class: context [DefaultTestContext@616b241a testClass = VetControllerTests, testInstance = [null], testMethod = [null], testException = [null], mergedContextConfiguration = [WebMergedContextConfiguration@b8e246c testClass = VetControllerTests, locations = '{}', classes = '{class org.springframework.samples.petclinic.PetClinicApplication}', contextInitializerClasses = '[]', activeProfiles = '{}', propertySourceLocations = '{}', propertySourceProperties = '{org.springframework.boot.test.autoconfigure.web.servlet.WebMvcTestContextBootstrapper=true}', contextCustomizers = set[[ImportsContextCustomizer@1f387978 key = [org.springframework.boot.autoconfigure.cache.CacheAutoConfiguration, org.springframework.boot.autoconfigure.context.MessageSourceAutoConfiguration, org.springframework.boot.autoconfigure.data.web.SpringDataWebAutoConfiguration, org.springframework.boot.autoconfigure.freemarker.FreeMarkerAutoConfiguration, org.springframework.boot.autoconfigure.groovy.template.GroovyTemplateAutoConfiguration, org.springframework.boot.autoconfigure.gson.GsonAutoConfiguration, org.springframework.boot.autoconfigure.hateoas.HypermediaAutoConfiguration, org.springframework.boot.autoconfigure.http.HttpMessageConvertersAutoConfiguration, org.springframework.boot.autoconfigure.jackson.JacksonAutoConfiguration, org.springframework.boot.autoconfigure.jsonb.JsonbAutoConfiguration, org.springframework.boot.autoconfigure.mustache.MustacheAutoConfiguration, org.springframework.boot.autoconfigure.task.TaskExecutionAutoConfiguration, org.springframework.boot.autoconfigure.thymeleaf.ThymeleafAutoConfiguration, org.springframework.boot.autoconfigure.validation.ValidationAutoConfiguration, org.springframework.boot.autoconfigure.web.servlet.error.ErrorMvcAutoConfiguration, org.springframework.boot.autoconfigure.web.servlet.HttpEncodingAutoConfiguration, org.springframework.boot.autoconfigure.web.servlet.WebMvcAutoConfiguration, org.springframework.boot.test.autoconfigure.web.servlet.MockMvcAutoConfiguration, org.springframework.boot.test.autoconfigure.web.servlet.MockMvcWebClientAutoConfiguration, org.springframework.boot.test.autoconfigure.web.servlet.MockMvcWebDriverAutoConfiguration, org.springframework.boot.autoconfigure.security.oauth2.client.servlet.OAuth2ClientAutoConfiguration, org.springframework.boot.autoconfigure.security.oauth2.resource.servlet.OAuth2ResourceServerAutoConfiguration, org.springframework.boot.autoconfigure.security.servlet.SecurityAutoConfiguration, org.springframework.boot.autoconfigure.security.servlet.SecurityFilterAutoConfiguration, org.springframework.boot.autoconfigure.security.servlet.UserDetailsServiceAutoConfiguration, org.springframework.boot.test.autoconfigure.web.servlet.MockMvcSecurityConfiguration, org.springframework.boot.test.autoconfigure.web.reactive.WebTestClientAutoConfiguration]], org.springframework.boot.test.context.filter.ExcludeFilterContextCustomizer@2b50150, org.springframework.boot.test.json.DuplicateJsonObjectContextCustomizerFactory$DuplicateJsonObjectContextCustomizer@6b530eb9, org.springframework.boot.test.mock.mockito.MockitoContextCustomizer@aba88b52, org.springframework.boot.test.autoconfigure.OverrideAutoConfigurationContextCustomizerFactory$DisableAutoConfigurationContextCustomizer@64d43929, org.springframework.boot.test.autoconfigure.actuate.metrics.MetricsExportContextCustomizerFactory$DisableMetricExportContextCustomizer@2d691f3d, org.springframework.boot.test.autoconfigure.filter.TypeExcludeFiltersContextCustomizer@d184e093, org.springframework.boot.test.autoconfigure.properties.PropertyMappingContextCustomizer@d9df9181, org.springframework.boot.test.autoconfigure.web.servlet.WebDriverContextCustomizerFactory$Customizer@534243e4, org.springframework.boot.test.context.SpringBootTestArgs@1, org.springframework.boot.test.context.SpringBootTestWebEnvironment@0], resourceBasePath = 'src/main/webapp', contextLoader = 'org.springframework.boot.test.context.SpringBootContextLoader', parent = [null]], attributes = map[[empty]]], class annotated with @DirtiesContext [false] with mode [null].


              |\      _,,,--,,_
             /,`.-'`'   ._  \-;;,_
  _______ __|,4-  ) )_   .;.(__`'-'__     ___ __    _ ___ _______
 |       | '---''(_/._)-'(_\_)   |   |   |   |  |  | |   |       |
 |    _  |    ___|_     _|       |   |   |   |   |_| |   |       | __ _ _
 |   |_| |   |___  |   | |       |   |   |   |       |   |       | \ \ \ \
 |    ___|    ___| |   | |      _|   |___|   |  _    |   |      _|  \ \ \ \
 |   |   |   |___  |   | |     |_|       |   | | |   |   |     |_    ) ) ) )
 |___|   |_______| |___| |_______|_______|___|_|  |__|___|_______|  / / / /
 ==================================================================/_/_/_/

:: Built with Spring Boot :: 2.6.3


2022-03-15 08:53:14.953  INFO 23519 --- [           main] o.s.s.petclinic.vet.VetControllerTests   : Starting VetControllerTests using Java 15.0.1 on MARCOS-MBP.station with PID 23519 (started by kralizec in /Users/kralizec/University/mutation/spring-petclinic_v4)
2022-03-15 08:53:14.960  INFO 23519 --- [           main] o.s.s.petclinic.vet.VetControllerTests   : No active profile set, falling back to default profiles: default
2022-03-15 08:53:19.616  INFO 23519 --- [           main] o.s.b.t.m.w.SpringBootMockServletContext : Initializing Spring TestDispatcherServlet ''
2022-03-15 08:53:19.616  INFO 23519 --- [           main] o.s.t.web.servlet.TestDispatcherServlet  : Initializing Servlet ''
2022-03-15 08:53:19.618  INFO 23519 --- [           main] o.s.t.web.servlet.TestDispatcherServlet  : Completed initialization in 2 ms
2022-03-15 08:53:19.668  INFO 23519 --- [           main] o.s.s.petclinic.vet.VetControllerTests   : Started VetControllerTests in 5.612 seconds (JVM running for 8.712)

MockHttpServletRequest:
      HTTP Method = GET
      Request URI = /vets
       Parameters = {}
          Headers = [Accept:"application/json"]
             Body = null
    Session Attrs = {}

Handler:
             Type = org.springframework.samples.petclinic.vet.VetController
           Method = org.springframework.samples.petclinic.vet.VetController#showResourcesVetList()

Async:
    Async started = false
     Async result = null

Resolved Exception:
             Type = null

ModelAndView:
        View name = null
             View = null
            Model = null

FlashMap:
       Attributes = null

MockHttpServletResponse:
           Status = 200
    Error message = null
          Headers = [Content-Type:"application/json"]
     Content type = application/json
             Body = {"vetList":[{"id":null,"firstName":"James","lastName":"Carter","specialties":[],"nrOfSpecialties":0,"new":false},{"id":null,"firstName":"Helen","lastName":"Leary","specialties":[{"id":null,"name":"radiology","new":false}],"nrOfSpecialties":1,"new":false}]}
    Forwarded URL = null
   Redirected URL = null
          Cookies = []
[ERROR] Tests run: 2, Failures: 1, Errors: 0, Skipped: 0, Time elapsed: 7.586 s <<< FAILURE! - in org.springframework.samples.petclinic.vet.VetControllerTests
[ERROR] testShowResourcesVetList  Time elapsed: 0.197 s  <<< FAILURE!
java.lang.AssertionError: JSON path "$.vetList[0].id" expected:<1> but was:<null>
	at org.springframework.samples.petclinic.vet.VetControllerTests.testShowResourcesVetList(VetControllerTests.java:91)

[INFO] Running org.springframework.samples.petclinic.vet.VetTests
[INFO] Tests run: 1, Failures: 0, Errors: 0, Skipped: 0, Time elapsed: 0.196 s - in org.springframework.samples.petclinic.vet.VetTests
[INFO] Running org.springframework.samples.petclinic.owner.OwnerControllerTests
2022-03-15 08:53:20.946  INFO 23519 --- [           main] .b.t.a.w.s.WebMvcTestContextBootstrapper : Neither @ContextConfiguration nor @ContextHierarchy found for test class [org.springframework.samples.petclinic.owner.OwnerControllerTests], using SpringBootContextLoader
2022-03-15 08:53:20.949  INFO 23519 --- [           main] o.s.t.c.support.AbstractContextLoader    : Could not detect default resource locations for test class [org.springframework.samples.petclinic.owner.OwnerControllerTests]: no resource found for suffixes {-context.xml, Context.groovy}.
2022-03-15 08:53:20.949  INFO 23519 --- [           main] t.c.s.AnnotationConfigContextLoaderUtils : Could not detect default configuration classes for test class [org.springframework.samples.petclinic.owner.OwnerControllerTests]: OwnerControllerTests does not declare any static, non-private, non-final, nested classes annotated with @Configuration.
2022-03-15 08:53:20.975  INFO 23519 --- [           main] .b.t.c.SpringBootTestContextBootstrapper : Found @SpringBootConfiguration org.springframework.samples.petclinic.PetClinicApplication for test class org.springframework.samples.petclinic.owner.OwnerControllerTests
2022-03-15 08:53:20.984  INFO 23519 --- [           main] .b.t.a.w.s.WebMvcTestContextBootstrapper : Loaded default TestExecutionListener class names from location [META-INF/spring.factories]: [org.springframework.boot.test.mock.mockito.MockitoTestExecutionListener, org.springframework.boot.test.mock.mockito.ResetMocksTestExecutionListener, org.springframework.boot.test.autoconfigure.restdocs.RestDocsTestExecutionListener, org.springframework.boot.test.autoconfigure.web.client.MockRestServiceServerResetTestExecutionListener, org.springframework.boot.test.autoconfigure.web.servlet.MockMvcPrintOnlyOnFailureTestExecutionListener, org.springframework.boot.test.autoconfigure.web.servlet.WebDriverTestExecutionListener, org.springframework.boot.test.autoconfigure.webservices.client.MockWebServiceServerTestExecutionListener, org.springframework.test.context.web.ServletTestExecutionListener, org.springframework.test.context.support.DirtiesContextBeforeModesTestExecutionListener, org.springframework.test.context.event.ApplicationEventsTestExecutionListener, org.springframework.test.context.support.DependencyInjectionTestExecutionListener, org.springframework.test.context.support.DirtiesContextTestExecutionListener, org.springframework.test.context.transaction.TransactionalTestExecutionListener, org.springframework.test.context.jdbc.SqlScriptsTestExecutionListener, org.springframework.test.context.event.EventPublishingTestExecutionListener]
2022-03-15 08:53:20.985  INFO 23519 --- [           main] .b.t.a.w.s.WebMvcTestContextBootstrapper : Using TestExecutionListeners: [org.springframework.test.context.web.ServletTestExecutionListener@7546be68, org.springframework.test.context.support.DirtiesContextBeforeModesTestExecutionListener@2992d955, org.springframework.test.context.event.ApplicationEventsTestExecutionListener@7cf311eb, org.springframework.boot.test.mock.mockito.MockitoTestExecutionListener@ce1c5f3, org.springframework.boot.test.autoconfigure.SpringBootDependencyInjectionTestExecutionListener@4c949ff9, org.springframework.test.context.support.DirtiesContextTestExecutionListener@73f3bf4f, org.springframework.test.context.transaction.TransactionalTestExecutionListener@176b8493, org.springframework.test.context.jdbc.SqlScriptsTestExecutionListener@152705d0, org.springframework.test.context.event.EventPublishingTestExecutionListener@7da43bda, org.springframework.boot.test.mock.mockito.ResetMocksTestExecutionListener@1343eae6, org.springframework.boot.test.autoconfigure.restdocs.RestDocsTestExecutionListener@58c7bb01, org.springframework.boot.test.autoconfigure.web.client.MockRestServiceServerResetTestExecutionListener@75e32c4c, org.springframework.boot.test.autoconfigure.web.servlet.MockMvcPrintOnlyOnFailureTestExecutionListener@2945a3c1, org.springframework.boot.test.autoconfigure.web.servlet.WebDriverTestExecutionListener@255d68d5, org.springframework.boot.test.autoconfigure.webservices.client.MockWebServiceServerTestExecutionListener@40a7c0cc]


              |\      _,,,--,,_
             /,`.-'`'   ._  \-;;,_
  _______ __|,4-  ) )_   .;.(__`'-'__     ___ __    _ ___ _______
 |       | '---''(_/._)-'(_\_)   |   |   |   |  |  | |   |       |
 |    _  |    ___|_     _|       |   |   |   |   |_| |   |       | __ _ _
 |   |_| |   |___  |   | |       |   |   |   |       |   |       | \ \ \ \
 |    ___|    ___| |   | |      _|   |___|   |  _    |   |      _|  \ \ \ \
 |   |   |   |___  |   | |     |_|       |   | | |   |   |     |_    ) ) ) )
 |___|   |_______| |___| |_______|_______|___|_|  |__|___|_______|  / / / /
 ==================================================================/_/_/_/

:: Built with Spring Boot :: 2.6.3


2022-03-15 08:53:21.142  INFO 23519 --- [           main] o.s.s.p.owner.OwnerControllerTests       : Starting OwnerControllerTests using Java 15.0.1 on MARCOS-MBP.station with PID 23519 (started by kralizec in /Users/kralizec/University/mutation/spring-petclinic_v4)
2022-03-15 08:53:21.148  INFO 23519 --- [           main] o.s.s.p.owner.OwnerControllerTests       : No active profile set, falling back to default profiles: default
2022-03-15 08:53:22.957  INFO 23519 --- [           main] o.s.b.t.m.w.SpringBootMockServletContext : Initializing Spring TestDispatcherServlet ''
2022-03-15 08:53:22.957  INFO 23519 --- [           main] o.s.t.web.servlet.TestDispatcherServlet  : Initializing Servlet ''
2022-03-15 08:53:22.959  INFO 23519 --- [           main] o.s.t.web.servlet.TestDispatcherServlet  : Completed initialization in 1 ms
2022-03-15 08:53:22.994  INFO 23519 --- [           main] o.s.s.p.owner.OwnerControllerTests       : Started OwnerControllerTests in 2.0 seconds (JVM running for 12.038)

MockHttpServletRequest:
      HTTP Method = GET
      Request URI = /owners
       Parameters = {page=[1], lastName=[Franklin]}
          Headers = []
             Body = null
    Session Attrs = {}

Handler:
             Type = org.springframework.samples.petclinic.owner.OwnerController
           Method = org.springframework.samples.petclinic.owner.OwnerController#processFindForm(int, Owner, BindingResult, Model)

Async:
    Async started = false
     Async result = null

Resolved Exception:
             Type = null

ModelAndView:
        View name = redirect:/owners/null
             View = null
            Model = null

FlashMap:
       Attributes = null

MockHttpServletResponse:
           Status = 302
    Error message = null
          Headers = [Content-Language:"en", Location:"/owners/null"]
     Content type = null
             Body = 
    Forwarded URL = null
   Redirected URL = /owners/null
          Cookies = []
[ERROR] Tests run: 11, Failures: 1, Errors: 0, Skipped: 0, Time elapsed: 3.415 s <<< FAILURE! - in org.springframework.samples.petclinic.owner.OwnerControllerTests
[ERROR] testProcessFindFormByLastName  Time elapsed: 0.03 s  <<< FAILURE!
java.lang.AssertionError: View name expected:<redirect:/owners/1> but was:<redirect:/owners/null>
	at org.springframework.samples.petclinic.owner.OwnerControllerTests.testProcessFindFormByLastName(OwnerControllerTests.java:142)

[INFO] Running org.springframework.samples.petclinic.owner.PetControllerTests
2022-03-15 08:53:24.370  INFO 23519 --- [           main] .b.t.a.w.s.WebMvcTestContextBootstrapper : Neither @ContextConfiguration nor @ContextHierarchy found for test class [org.springframework.samples.petclinic.owner.PetControllerTests], using SpringBootContextLoader
2022-03-15 08:53:24.378  INFO 23519 --- [           main] o.s.t.c.support.AbstractContextLoader    : Could not detect default resource locations for test class [org.springframework.samples.petclinic.owner.PetControllerTests]: no resource found for suffixes {-context.xml, Context.groovy}.
2022-03-15 08:53:24.380  INFO 23519 --- [           main] t.c.s.AnnotationConfigContextLoaderUtils : Could not detect default configuration classes for test class [org.springframework.samples.petclinic.owner.PetControllerTests]: PetControllerTests does not declare any static, non-private, non-final, nested classes annotated with @Configuration.
2022-03-15 08:53:24.392  INFO 23519 --- [           main] .b.t.c.SpringBootTestContextBootstrapper : Found @SpringBootConfiguration org.springframework.samples.petclinic.PetClinicApplication for test class org.springframework.samples.petclinic.owner.PetControllerTests
2022-03-15 08:53:24.397  INFO 23519 --- [           main] .b.t.a.w.s.WebMvcTestContextBootstrapper : Loaded default TestExecutionListener class names from location [META-INF/spring.factories]: [org.springframework.boot.test.mock.mockito.MockitoTestExecutionListener, org.springframework.boot.test.mock.mockito.ResetMocksTestExecutionListener, org.springframework.boot.test.autoconfigure.restdocs.RestDocsTestExecutionListener, org.springframework.boot.test.autoconfigure.web.client.MockRestServiceServerResetTestExecutionListener, org.springframework.boot.test.autoconfigure.web.servlet.MockMvcPrintOnlyOnFailureTestExecutionListener, org.springframework.boot.test.autoconfigure.web.servlet.WebDriverTestExecutionListener, org.springframework.boot.test.autoconfigure.webservices.client.MockWebServiceServerTestExecutionListener, org.springframework.test.context.web.ServletTestExecutionListener, org.springframework.test.context.support.DirtiesContextBeforeModesTestExecutionListener, org.springframework.test.context.event.ApplicationEventsTestExecutionListener, org.springframework.test.context.support.DependencyInjectionTestExecutionListener, org.springframework.test.context.support.DirtiesContextTestExecutionListener, org.springframework.test.context.transaction.TransactionalTestExecutionListener, org.springframework.test.context.jdbc.SqlScriptsTestExecutionListener, org.springframework.test.context.event.EventPublishingTestExecutionListener]
2022-03-15 08:53:24.399  INFO 23519 --- [           main] .b.t.a.w.s.WebMvcTestContextBootstrapper : Using TestExecutionListeners: [org.springframework.test.context.web.ServletTestExecutionListener@7190b5ce, org.springframework.test.context.support.DirtiesContextBeforeModesTestExecutionListener@1231e446, org.springframework.test.context.event.ApplicationEventsTestExecutionListener@32c60fec, org.springframework.boot.test.mock.mockito.MockitoTestExecutionListener@4d5a21cc, org.springframework.boot.test.autoconfigure.SpringBootDependencyInjectionTestExecutionListener@3990c36c, org.springframework.test.context.support.DirtiesContextTestExecutionListener@241e03cc, org.springframework.test.context.transaction.TransactionalTestExecutionListener@2625c1cc, org.springframework.test.context.jdbc.SqlScriptsTestExecutionListener@3a6dd085, org.springframework.test.context.event.EventPublishingTestExecutionListener@559ff07, org.springframework.boot.test.mock.mockito.ResetMocksTestExecutionListener@510d8c03, org.springframework.boot.test.autoconfigure.restdocs.RestDocsTestExecutionListener@592e1c4f, org.springframework.boot.test.autoconfigure.web.client.MockRestServiceServerResetTestExecutionListener@d931617, org.springframework.boot.test.autoconfigure.web.servlet.MockMvcPrintOnlyOnFailureTestExecutionListener@47786165, org.springframework.boot.test.autoconfigure.web.servlet.WebDriverTestExecutionListener@7aa8801d, org.springframework.boot.test.autoconfigure.webservices.client.MockWebServiceServerTestExecutionListener@53cd2763]


              |\      _,,,--,,_
             /,`.-'`'   ._  \-;;,_
  _______ __|,4-  ) )_   .;.(__`'-'__     ___ __    _ ___ _______
 |       | '---''(_/._)-'(_\_)   |   |   |   |  |  | |   |       |
 |    _  |    ___|_     _|       |   |   |   |   |_| |   |       | __ _ _
 |   |_| |   |___  |   | |       |   |   |   |       |   |       | \ \ \ \
 |    ___|    ___| |   | |      _|   |___|   |  _    |   |      _|  \ \ \ \
 |   |   |   |___  |   | |     |_|       |   | | |   |   |     |_    ) ) ) )
 |___|   |_______| |___| |_______|_______|___|_|  |__|___|_______|  / / / /
 ==================================================================/_/_/_/

:: Built with Spring Boot :: 2.6.3


2022-03-15 08:53:24.468  INFO 23519 --- [           main] o.s.s.p.owner.PetControllerTests         : Starting PetControllerTests using Java 15.0.1 on MARCOS-MBP.station with PID 23519 (started by kralizec in /Users/kralizec/University/mutation/spring-petclinic_v4)
2022-03-15 08:53:24.469  INFO 23519 --- [           main] o.s.s.p.owner.PetControllerTests         : No active profile set, falling back to default profiles: default
2022-03-15 08:53:25.916  INFO 23519 --- [           main] o.s.b.t.m.w.SpringBootMockServletContext : Initializing Spring TestDispatcherServlet ''
2022-03-15 08:53:25.917  INFO 23519 --- [           main] o.s.t.web.servlet.TestDispatcherServlet  : Initializing Servlet ''
2022-03-15 08:53:25.918  INFO 23519 --- [           main] o.s.t.web.servlet.TestDispatcherServlet  : Completed initialization in 1 ms
2022-03-15 08:53:25.936  INFO 23519 --- [           main] o.s.s.p.owner.PetControllerTests         : Started PetControllerTests in 1.524 seconds (JVM running for 14.98)
[ERROR] Tests run: 6, Failures: 0, Errors: 1, Skipped: 0, Time elapsed: 1.97 s <<< FAILURE! - in org.springframework.samples.petclinic.owner.PetControllerTests
[ERROR] testInitUpdateForm  Time elapsed: 0.056 s  <<< ERROR!
org.springframework.web.util.NestedServletException: Request processing failed; nested exception is java.lang.NullPointerException: Cannot invoke "java.lang.Integer.equals(Object)" because "compId" is null
	at org.springframework.samples.petclinic.owner.PetControllerTests.testInitUpdateForm(PetControllerTests.java:90)
Caused by: java.lang.NullPointerException: Cannot invoke "java.lang.Integer.equals(Object)" because "compId" is null
	at org.springframework.samples.petclinic.owner.PetControllerTests.testInitUpdateForm(PetControllerTests.java:90)

[INFO] Running org.springframework.samples.petclinic.owner.VisitControllerTests
2022-03-15 08:53:26.357  INFO 23519 --- [           main] .b.t.a.w.s.WebMvcTestContextBootstrapper : Neither @ContextConfiguration nor @ContextHierarchy found for test class [org.springframework.samples.petclinic.owner.VisitControllerTests], using SpringBootContextLoader
2022-03-15 08:53:26.361  INFO 23519 --- [           main] o.s.t.c.support.AbstractContextLoader    : Could not detect default resource locations for test class [org.springframework.samples.petclinic.owner.VisitControllerTests]: no resource found for suffixes {-context.xml, Context.groovy}.
2022-03-15 08:53:26.364  INFO 23519 --- [           main] t.c.s.AnnotationConfigContextLoaderUtils : Could not detect default configuration classes for test class [org.springframework.samples.petclinic.owner.VisitControllerTests]: VisitControllerTests does not declare any static, non-private, non-final, nested classes annotated with @Configuration.
2022-03-15 08:53:26.383  INFO 23519 --- [           main] .b.t.c.SpringBootTestContextBootstrapper : Found @SpringBootConfiguration org.springframework.samples.petclinic.PetClinicApplication for test class org.springframework.samples.petclinic.owner.VisitControllerTests
2022-03-15 08:53:26.387  INFO 23519 --- [           main] .b.t.a.w.s.WebMvcTestContextBootstrapper : Loaded default TestExecutionListener class names from location [META-INF/spring.factories]: [org.springframework.boot.test.mock.mockito.MockitoTestExecutionListener, org.springframework.boot.test.mock.mockito.ResetMocksTestExecutionListener, org.springframework.boot.test.autoconfigure.restdocs.RestDocsTestExecutionListener, org.springframework.boot.test.autoconfigure.web.client.MockRestServiceServerResetTestExecutionListener, org.springframework.boot.test.autoconfigure.web.servlet.MockMvcPrintOnlyOnFailureTestExecutionListener, org.springframework.boot.test.autoconfigure.web.servlet.WebDriverTestExecutionListener, org.springframework.boot.test.autoconfigure.webservices.client.MockWebServiceServerTestExecutionListener, org.springframework.test.context.web.ServletTestExecutionListener, org.springframework.test.context.support.DirtiesContextBeforeModesTestExecutionListener, org.springframework.test.context.event.ApplicationEventsTestExecutionListener, org.springframework.test.context.support.DependencyInjectionTestExecutionListener, org.springframework.test.context.support.DirtiesContextTestExecutionListener, org.springframework.test.context.transaction.TransactionalTestExecutionListener, org.springframework.test.context.jdbc.SqlScriptsTestExecutionListener, org.springframework.test.context.event.EventPublishingTestExecutionListener]
2022-03-15 08:53:26.389  INFO 23519 --- [           main] .b.t.a.w.s.WebMvcTestContextBootstrapper : Using TestExecutionListeners: [org.springframework.test.context.web.ServletTestExecutionListener@7279d0f8, org.springframework.test.context.support.DirtiesContextBeforeModesTestExecutionListener@bb6bf68, org.springframework.test.context.event.ApplicationEventsTestExecutionListener@58a5b377, org.springframework.boot.test.mock.mockito.MockitoTestExecutionListener@54c8b990, org.springframework.boot.test.autoconfigure.SpringBootDependencyInjectionTestExecutionListener@680a5de1, org.springframework.test.context.support.DirtiesContextTestExecutionListener@5679e277, org.springframework.test.context.transaction.TransactionalTestExecutionListener@23b2ddc4, org.springframework.test.context.jdbc.SqlScriptsTestExecutionListener@32a7f41b, org.springframework.test.context.event.EventPublishingTestExecutionListener@87852fb, org.springframework.boot.test.mock.mockito.ResetMocksTestExecutionListener@118b73d9, org.springframework.boot.test.autoconfigure.restdocs.RestDocsTestExecutionListener@24e2d0d1, org.springframework.boot.test.autoconfigure.web.client.MockRestServiceServerResetTestExecutionListener@2968ff7a, org.springframework.boot.test.autoconfigure.web.servlet.MockMvcPrintOnlyOnFailureTestExecutionListener@63cd8f26, org.springframework.boot.test.autoconfigure.web.servlet.WebDriverTestExecutionListener@29923d3d, org.springframework.boot.test.autoconfigure.webservices.client.MockWebServiceServerTestExecutionListener@1bc41486]


              |\      _,,,--,,_
             /,`.-'`'   ._  \-;;,_
  _______ __|,4-  ) )_   .;.(__`'-'__     ___ __    _ ___ _______
 |       | '---''(_/._)-'(_\_)   |   |   |   |  |  | |   |       |
 |    _  |    ___|_     _|       |   |   |   |   |_| |   |       | __ _ _
 |   |_| |   |___  |   | |       |   |   |   |       |   |       | \ \ \ \
 |    ___|    ___| |   | |      _|   |___|   |  _    |   |      _|  \ \ \ \
 |   |   |   |___  |   | |     |_|       |   | | |   |   |     |_    ) ) ) )
 |___|   |_______| |___| |_______|_______|___|_|  |__|___|_______|  / / / /
 ==================================================================/_/_/_/

:: Built with Spring Boot :: 2.6.3


2022-03-15 08:53:26.479  INFO 23519 --- [           main] o.s.s.p.owner.VisitControllerTests       : Starting VisitControllerTests using Java 15.0.1 on MARCOS-MBP.station with PID 23519 (started by kralizec in /Users/kralizec/University/mutation/spring-petclinic_v4)
2022-03-15 08:53:26.479  INFO 23519 --- [           main] o.s.s.p.owner.VisitControllerTests       : No active profile set, falling back to default profiles: default
2022-03-15 08:53:27.606  INFO 23519 --- [           main] o.s.b.t.m.w.SpringBootMockServletContext : Initializing Spring TestDispatcherServlet ''
2022-03-15 08:53:27.607  INFO 23519 --- [           main] o.s.t.web.servlet.TestDispatcherServlet  : Initializing Servlet ''
2022-03-15 08:53:27.608  INFO 23519 --- [           main] o.s.t.web.servlet.TestDispatcherServlet  : Completed initialization in 1 ms
2022-03-15 08:53:27.624  INFO 23519 --- [           main] o.s.s.p.owner.VisitControllerTests       : Started VisitControllerTests in 1.232 seconds (JVM running for 16.669)
[ERROR] Tests run: 3, Failures: 0, Errors: 3, Skipped: 0, Time elapsed: 1.313 s <<< FAILURE! - in org.springframework.samples.petclinic.owner.VisitControllerTests
[ERROR] testProcessNewVisitFormHasErrors  Time elapsed: 0.008 s  <<< ERROR!
org.springframework.web.util.NestedServletException: Request processing failed; nested exception is java.lang.NullPointerException: Cannot invoke "java.lang.Integer.equals(Object)" because "compId" is null
	at org.springframework.samples.petclinic.owner.VisitControllerTests.testProcessNewVisitFormHasErrors(VisitControllerTests.java:75)
Caused by: java.lang.NullPointerException: Cannot invoke "java.lang.Integer.equals(Object)" because "compId" is null
	at org.springframework.samples.petclinic.owner.VisitControllerTests.testProcessNewVisitFormHasErrors(VisitControllerTests.java:75)

[ERROR] testProcessNewVisitFormSuccess  Time elapsed: 0.01 s  <<< ERROR!
org.springframework.web.util.NestedServletException: Request processing failed; nested exception is java.lang.NullPointerException: Cannot invoke "java.lang.Integer.equals(Object)" because "compId" is null
	at org.springframework.samples.petclinic.owner.VisitControllerTests.testProcessNewVisitFormSuccess(VisitControllerTests.java:68)
Caused by: java.lang.NullPointerException: Cannot invoke "java.lang.Integer.equals(Object)" because "compId" is null
	at org.springframework.samples.petclinic.owner.VisitControllerTests.testProcessNewVisitFormSuccess(VisitControllerTests.java:68)

[ERROR] testInitNewVisitForm  Time elapsed: 0.012 s  <<< ERROR!
org.springframework.web.util.NestedServletException: Request processing failed; nested exception is java.lang.NullPointerException: Cannot invoke "java.lang.Integer.equals(Object)" because "compId" is null
	at org.springframework.samples.petclinic.owner.VisitControllerTests.testInitNewVisitForm(VisitControllerTests.java:62)
Caused by: java.lang.NullPointerException: Cannot invoke "java.lang.Integer.equals(Object)" because "compId" is null
	at org.springframework.samples.petclinic.owner.VisitControllerTests.testInitNewVisitForm(VisitControllerTests.java:62)

[INFO] Running org.springframework.samples.petclinic.owner.PetTypeFormatterTests
[INFO] Tests run: 3, Failures: 0, Errors: 0, Skipped: 0, Time elapsed: 0.044 s - in org.springframework.samples.petclinic.owner.PetTypeFormatterTests
[INFO] Running org.springframework.samples.petclinic.system.CrashControllerTests
[WARNING] Tests run: 1, Failures: 0, Errors: 0, Skipped: 1, Time elapsed: 0.001 s - in org.springframework.samples.petclinic.system.CrashControllerTests
[INFO] Running org.springframework.samples.petclinic.model.ValidatorTests
[INFO] Tests run: 1, Failures: 0, Errors: 0, Skipped: 0, Time elapsed: 0.037 s - in org.springframework.samples.petclinic.model.ValidatorTests
[INFO] Running org.springframework.samples.petclinic.service.ClinicServiceTests
2022-03-15 08:53:27.810  INFO 23519 --- [           main] b.t.a.o.j.DataJpaTestContextBootstrapper : Neither @ContextConfiguration nor @ContextHierarchy found for test class [org.springframework.samples.petclinic.service.ClinicServiceTests], using SpringBootContextLoader
2022-03-15 08:53:27.812  INFO 23519 --- [           main] o.s.t.c.support.AbstractContextLoader    : Could not detect default resource locations for test class [org.springframework.samples.petclinic.service.ClinicServiceTests]: no resource found for suffixes {-context.xml, Context.groovy}.
2022-03-15 08:53:27.812  INFO 23519 --- [           main] t.c.s.AnnotationConfigContextLoaderUtils : Could not detect default configuration classes for test class [org.springframework.samples.petclinic.service.ClinicServiceTests]: ClinicServiceTests does not declare any static, non-private, non-final, nested classes annotated with @Configuration.
2022-03-15 08:53:27.865  INFO 23519 --- [           main] .b.t.c.SpringBootTestContextBootstrapper : Found @SpringBootConfiguration org.springframework.samples.petclinic.PetClinicApplication for test class org.springframework.samples.petclinic.service.ClinicServiceTests
2022-03-15 08:53:27.911  INFO 23519 --- [           main] b.t.a.o.j.DataJpaTestContextBootstrapper : Loaded default TestExecutionListener class names from location [META-INF/spring.factories]: [org.springframework.boot.test.mock.mockito.MockitoTestExecutionListener, org.springframework.boot.test.mock.mockito.ResetMocksTestExecutionListener, org.springframework.boot.test.autoconfigure.restdocs.RestDocsTestExecutionListener, org.springframework.boot.test.autoconfigure.web.client.MockRestServiceServerResetTestExecutionListener, org.springframework.boot.test.autoconfigure.web.servlet.MockMvcPrintOnlyOnFailureTestExecutionListener, org.springframework.boot.test.autoconfigure.web.servlet.WebDriverTestExecutionListener, org.springframework.boot.test.autoconfigure.webservices.client.MockWebServiceServerTestExecutionListener, org.springframework.test.context.web.ServletTestExecutionListener, org.springframework.test.context.support.DirtiesContextBeforeModesTestExecutionListener, org.springframework.test.context.event.ApplicationEventsTestExecutionListener, org.springframework.test.context.support.DependencyInjectionTestExecutionListener, org.springframework.test.context.support.DirtiesContextTestExecutionListener, org.springframework.test.context.transaction.TransactionalTestExecutionListener, org.springframework.test.context.jdbc.SqlScriptsTestExecutionListener, org.springframework.test.context.event.EventPublishingTestExecutionListener]
2022-03-15 08:53:27.912  INFO 23519 --- [           main] b.t.a.o.j.DataJpaTestContextBootstrapper : Using TestExecutionListeners: [org.springframework.test.context.web.ServletTestExecutionListener@7c76d466, org.springframework.test.context.support.DirtiesContextBeforeModesTestExecutionListener@5748ffe3, org.springframework.test.context.event.ApplicationEventsTestExecutionListener@3528740f, org.springframework.boot.test.mock.mockito.MockitoTestExecutionListener@2a292566, org.springframework.boot.test.autoconfigure.SpringBootDependencyInjectionTestExecutionListener@603601a1, org.springframework.test.context.support.DirtiesContextTestExecutionListener@70915da3, org.springframework.test.context.transaction.TransactionalTestExecutionListener@66fd7b2, org.springframework.test.context.jdbc.SqlScriptsTestExecutionListener@658ec00c, org.springframework.test.context.event.EventPublishingTestExecutionListener@3565ee15, org.springframework.boot.test.mock.mockito.ResetMocksTestExecutionListener@4fe3d15f, org.springframework.boot.test.autoconfigure.restdocs.RestDocsTestExecutionListener@37495d56, org.springframework.boot.test.autoconfigure.web.client.MockRestServiceServerResetTestExecutionListener@24546513, org.springframework.boot.test.autoconfigure.web.servlet.MockMvcPrintOnlyOnFailureTestExecutionListener@3e5b32ca, org.springframework.boot.test.autoconfigure.web.servlet.WebDriverTestExecutionListener@6fe37577, org.springframework.boot.test.autoconfigure.webservices.client.MockWebServiceServerTestExecutionListener@12bd2630]


              |\      _,,,--,,_
             /,`.-'`'   ._  \-;;,_
  _______ __|,4-  ) )_   .;.(__`'-'__     ___ __    _ ___ _______
 |       | '---''(_/._)-'(_\_)   |   |   |   |  |  | |   |       |
 |    _  |    ___|_     _|       |   |   |   |   |_| |   |       | __ _ _
 |   |_| |   |___  |   | |       |   |   |   |       |   |       | \ \ \ \
 |    ___|    ___| |   | |      _|   |___|   |  _    |   |      _|  \ \ \ \
 |   |   |   |___  |   | |     |_|       |   | | |   |   |     |_    ) ) ) )
 |___|   |_______| |___| |_______|_______|___|_|  |__|___|_______|  / / / /
 ==================================================================/_/_/_/

:: Built with Spring Boot :: 2.6.3


2022-03-15 08:53:28.044  INFO 23519 --- [           main] o.s.s.p.service.ClinicServiceTests       : Starting ClinicServiceTests using Java 15.0.1 on MARCOS-MBP.station with PID 23519 (started by kralizec in /Users/kralizec/University/mutation/spring-petclinic_v4)
2022-03-15 08:53:28.044  INFO 23519 --- [           main] o.s.s.p.service.ClinicServiceTests       : No active profile set, falling back to default profiles: default
2022-03-15 08:53:28.473  INFO 23519 --- [           main] .s.d.r.c.RepositoryConfigurationDelegate : Bootstrapping Spring Data JPA repositories in DEFAULT mode.
2022-03-15 08:53:28.626  INFO 23519 --- [           main] .s.d.r.c.RepositoryConfigurationDelegate : Finished Spring Data repository scanning in 132 ms. Found 2 JPA repository interfaces.
2022-03-15 08:53:29.527  INFO 23519 --- [           main] com.zaxxer.hikari.HikariDataSource       : HikariPool-1 - Starting...
2022-03-15 08:53:30.407  INFO 23519 --- [           main] com.zaxxer.hikari.HikariDataSource       : HikariPool-1 - Start completed.
2022-03-15 08:53:31.314  INFO 23519 --- [           main] o.hibernate.jpa.internal.util.LogHelper  : HHH000204: Processing PersistenceUnitInfo [name: default]
2022-03-15 08:53:31.688  INFO 23519 --- [           main] org.hibernate.Version                    : HHH000412: Hibernate ORM core version 5.6.4.Final
2022-03-15 08:53:31.791  INFO 23519 --- [           main] o.hibernate.annotations.common.Version   : HCANN000001: Hibernate Commons Annotations {5.1.2.Final}
2022-03-15 08:53:32.323  INFO 23519 --- [           main] org.hibernate.dialect.Dialect            : HHH000400: Using dialect: org.hibernate.dialect.H2Dialect
2022-03-15 08:53:34.808  INFO 23519 --- [           main] o.h.e.t.j.p.i.JtaPlatformInitiator       : HHH000490: Using JtaPlatform implementation: [org.hibernate.engine.transaction.jta.platform.internal.NoJtaPlatform]
2022-03-15 08:53:34.839  INFO 23519 --- [           main] j.LocalContainerEntityManagerFactoryBean : Initialized JPA EntityManagerFactory for persistence unit 'default'
2022-03-15 08:53:36.356  INFO 23519 --- [           main] o.s.s.p.service.ClinicServiceTests       : Started ClinicServiceTests in 8.423 seconds (JVM running for 25.4)
2022-03-15 08:53:36.394  INFO 23519 --- [           main] o.s.t.c.transaction.TransactionContext   : Began transaction (1) for test context [DefaultTestContext@14675dc7 testClass = ClinicServiceTests, testInstance = org.springframework.samples.petclinic.service.ClinicServiceTests@2d563ec4, testMethod = shouldFindVets@ClinicServiceTests, testException = [null], mergedContextConfiguration = [MergedContextConfiguration@25b31c9 testClass = ClinicServiceTests, locations = '{}', classes = '{class org.springframework.samples.petclinic.PetClinicApplication}', contextInitializerClasses = '[]', activeProfiles = '{}', propertySourceLocations = '{}', propertySourceProperties = '{org.springframework.boot.test.autoconfigure.orm.jpa.DataJpaTestContextBootstrapper=true}', contextCustomizers = set[[ImportsContextCustomizer@5b74818c key = [org.springframework.boot.autoconfigure.cache.CacheAutoConfiguration, org.springframework.boot.autoconfigure.data.jpa.JpaRepositoriesAutoConfiguration, org.springframework.boot.autoconfigure.flyway.FlywayAutoConfiguration, org.springframework.boot.autoconfigure.jdbc.DataSourceAutoConfiguration, org.springframework.boot.autoconfigure.jdbc.DataSourceTransactionManagerAutoConfiguration, org.springframework.boot.autoconfigure.jdbc.JdbcTemplateAutoConfiguration, org.springframework.boot.autoconfigure.liquibase.LiquibaseAutoConfiguration, org.springframework.boot.autoconfigure.orm.jpa.HibernateJpaAutoConfiguration, org.springframework.boot.autoconfigure.sql.init.SqlInitializationAutoConfiguration, org.springframework.boot.autoconfigure.transaction.TransactionAutoConfiguration, org.springframework.boot.test.autoconfigure.jdbc.TestDatabaseAutoConfiguration, org.springframework.boot.test.autoconfigure.orm.jpa.TestEntityManagerAutoConfiguration]], org.springframework.boot.test.context.filter.ExcludeFilterContextCustomizer@2b50150, org.springframework.boot.test.json.DuplicateJsonObjectContextCustomizerFactory$DuplicateJsonObjectContextCustomizer@6b530eb9, org.springframework.boot.test.mock.mockito.MockitoContextCustomizer@0, org.springframework.boot.test.autoconfigure.OverrideAutoConfigurationContextCustomizerFactory$DisableAutoConfigurationContextCustomizer@64d43929, org.springframework.boot.test.autoconfigure.actuate.metrics.MetricsExportContextCustomizerFactory$DisableMetricExportContextCustomizer@2d691f3d, org.springframework.boot.test.autoconfigure.filter.TypeExcludeFiltersContextCustomizer@1ab3052c, org.springframework.boot.test.autoconfigure.properties.PropertyMappingContextCustomizer@6aad0935, org.springframework.boot.test.autoconfigure.web.servlet.WebDriverContextCustomizerFactory$Customizer@534243e4, org.springframework.boot.test.context.SpringBootTestArgs@1, org.springframework.boot.test.context.SpringBootTestWebEnvironment@0], contextLoader = 'org.springframework.boot.test.context.SpringBootContextLoader', parent = [null]], attributes = map['org.springframework.test.context.event.ApplicationEventsTestExecutionListener.recordApplicationEvents' -> false]]; transaction manager [org.springframework.orm.jpa.JpaTransactionManager@204f76da]; rollback [true]
Hibernate: select vet0_.id as id1_5_, vet0_.first_name as first_na2_5_, vet0_.last_name as last_nam3_5_ from vets vet0_
Hibernate: select specialtie0_.vet_id as vet_id1_4_0_, specialtie0_.specialty_id as specialt2_4_0_, specialty1_.id as id1_2_1_, specialty1_.name as name2_2_1_ from vet_specialties specialtie0_ inner join specialties specialty1_ on specialtie0_.specialty_id=specialty1_.id where specialtie0_.vet_id=?
Hibernate: select specialtie0_.vet_id as vet_id1_4_0_, specialtie0_.specialty_id as specialt2_4_0_, specialty1_.id as id1_2_1_, specialty1_.name as name2_2_1_ from vet_specialties specialtie0_ inner join specialties specialty1_ on specialtie0_.specialty_id=specialty1_.id where specialtie0_.vet_id=?
Hibernate: select specialtie0_.vet_id as vet_id1_4_0_, specialtie0_.specialty_id as specialt2_4_0_, specialty1_.id as id1_2_1_, specialty1_.name as name2_2_1_ from vet_specialties specialtie0_ inner join specialties specialty1_ on specialtie0_.specialty_id=specialty1_.id where specialtie0_.vet_id=?
Hibernate: select specialtie0_.vet_id as vet_id1_4_0_, specialtie0_.specialty_id as specialt2_4_0_, specialty1_.id as id1_2_1_, specialty1_.name as name2_2_1_ from vet_specialties specialtie0_ inner join specialties specialty1_ on specialtie0_.specialty_id=specialty1_.id where specialtie0_.vet_id=?
Hibernate: select specialtie0_.vet_id as vet_id1_4_0_, specialtie0_.specialty_id as specialt2_4_0_, specialty1_.id as id1_2_1_, specialty1_.name as name2_2_1_ from vet_specialties specialtie0_ inner join specialties specialty1_ on specialtie0_.specialty_id=specialty1_.id where specialtie0_.vet_id=?
Hibernate: select specialtie0_.vet_id as vet_id1_4_0_, specialtie0_.specialty_id as specialt2_4_0_, specialty1_.id as id1_2_1_, specialty1_.name as name2_2_1_ from vet_specialties specialtie0_ inner join specialties specialty1_ on specialtie0_.specialty_id=specialty1_.id where specialtie0_.vet_id=?
2022-03-15 08:53:36.639  INFO 23519 --- [           main] o.s.t.c.transaction.TransactionContext   : Rolled back transaction for test: [DefaultTestContext@14675dc7 testClass = ClinicServiceTests, testInstance = org.springframework.samples.petclinic.service.ClinicServiceTests@2d563ec4, testMethod = shouldFindVets@ClinicServiceTests, testException = java.lang.NullPointerException: Cannot invoke "java.lang.Integer.intValue()" because the return value of "org.springframework.samples.petclinic.model.BaseEntity.getId()" is null, mergedContextConfiguration = [MergedContextConfiguration@25b31c9 testClass = ClinicServiceTests, locations = '{}', classes = '{class org.springframework.samples.petclinic.PetClinicApplication}', contextInitializerClasses = '[]', activeProfiles = '{}', propertySourceLocations = '{}', propertySourceProperties = '{org.springframework.boot.test.autoconfigure.orm.jpa.DataJpaTestContextBootstrapper=true}', contextCustomizers = set[[ImportsContextCustomizer@5b74818c key = [org.springframework.boot.autoconfigure.cache.CacheAutoConfiguration, org.springframework.boot.autoconfigure.data.jpa.JpaRepositoriesAutoConfiguration, org.springframework.boot.autoconfigure.flyway.FlywayAutoConfiguration, org.springframework.boot.autoconfigure.jdbc.DataSourceAutoConfiguration, org.springframework.boot.autoconfigure.jdbc.DataSourceTransactionManagerAutoConfiguration, org.springframework.boot.autoconfigure.jdbc.JdbcTemplateAutoConfiguration, org.springframework.boot.autoconfigure.liquibase.LiquibaseAutoConfiguration, org.springframework.boot.autoconfigure.orm.jpa.HibernateJpaAutoConfiguration, org.springframework.boot.autoconfigure.sql.init.SqlInitializationAutoConfiguration, org.springframework.boot.autoconfigure.transaction.TransactionAutoConfiguration, org.springframework.boot.test.autoconfigure.jdbc.TestDatabaseAutoConfiguration, org.springframework.boot.test.autoconfigure.orm.jpa.TestEntityManagerAutoConfiguration]], org.springframework.boot.test.context.filter.ExcludeFilterContextCustomizer@2b50150, org.springframework.boot.test.json.DuplicateJsonObjectContextCustomizerFactory$DuplicateJsonObjectContextCustomizer@6b530eb9, org.springframework.boot.test.mock.mockito.MockitoContextCustomizer@0, org.springframework.boot.test.autoconfigure.OverrideAutoConfigurationContextCustomizerFactory$DisableAutoConfigurationContextCustomizer@64d43929, org.springframework.boot.test.autoconfigure.actuate.metrics.MetricsExportContextCustomizerFactory$DisableMetricExportContextCustomizer@2d691f3d, org.springframework.boot.test.autoconfigure.filter.TypeExcludeFiltersContextCustomizer@1ab3052c, org.springframework.boot.test.autoconfigure.properties.PropertyMappingContextCustomizer@6aad0935, org.springframework.boot.test.autoconfigure.web.servlet.WebDriverContextCustomizerFactory$Customizer@534243e4, org.springframework.boot.test.context.SpringBootTestArgs@1, org.springframework.boot.test.context.SpringBootTestWebEnvironment@0], contextLoader = 'org.springframework.boot.test.context.SpringBootContextLoader', parent = [null]], attributes = map['org.springframework.test.context.event.ApplicationEventsTestExecutionListener.recordApplicationEvents' -> false]]
2022-03-15 08:53:36.648  INFO 23519 --- [           main] o.s.t.c.transaction.TransactionContext   : Began transaction (1) for test context [DefaultTestContext@14675dc7 testClass = ClinicServiceTests, testInstance = org.springframework.samples.petclinic.service.ClinicServiceTests@3cc7e061, testMethod = shouldFindOwnersByLastName@ClinicServiceTests, testException = [null], mergedContextConfiguration = [MergedContextConfiguration@25b31c9 testClass = ClinicServiceTests, locations = '{}', classes = '{class org.springframework.samples.petclinic.PetClinicApplication}', contextInitializerClasses = '[]', activeProfiles = '{}', propertySourceLocations = '{}', propertySourceProperties = '{org.springframework.boot.test.autoconfigure.orm.jpa.DataJpaTestContextBootstrapper=true}', contextCustomizers = set[[ImportsContextCustomizer@5b74818c key = [org.springframework.boot.autoconfigure.cache.CacheAutoConfiguration, org.springframework.boot.autoconfigure.data.jpa.JpaRepositoriesAutoConfiguration, org.springframework.boot.autoconfigure.flyway.FlywayAutoConfiguration, org.springframework.boot.autoconfigure.jdbc.DataSourceAutoConfiguration, org.springframework.boot.autoconfigure.jdbc.DataSourceTransactionManagerAutoConfiguration, org.springframework.boot.autoconfigure.jdbc.JdbcTemplateAutoConfiguration, org.springframework.boot.autoconfigure.liquibase.LiquibaseAutoConfiguration, org.springframework.boot.autoconfigure.orm.jpa.HibernateJpaAutoConfiguration, org.springframework.boot.autoconfigure.sql.init.SqlInitializationAutoConfiguration, org.springframework.boot.autoconfigure.transaction.TransactionAutoConfiguration, org.springframework.boot.test.autoconfigure.jdbc.TestDatabaseAutoConfiguration, org.springframework.boot.test.autoconfigure.orm.jpa.TestEntityManagerAutoConfiguration]], org.springframework.boot.test.context.filter.ExcludeFilterContextCustomizer@2b50150, org.springframework.boot.test.json.DuplicateJsonObjectContextCustomizerFactory$DuplicateJsonObjectContextCustomizer@6b530eb9, org.springframework.boot.test.mock.mockito.MockitoContextCustomizer@0, org.springframework.boot.test.autoconfigure.OverrideAutoConfigurationContextCustomizerFactory$DisableAutoConfigurationContextCustomizer@64d43929, org.springframework.boot.test.autoconfigure.actuate.metrics.MetricsExportContextCustomizerFactory$DisableMetricExportContextCustomizer@2d691f3d, org.springframework.boot.test.autoconfigure.filter.TypeExcludeFiltersContextCustomizer@1ab3052c, org.springframework.boot.test.autoconfigure.properties.PropertyMappingContextCustomizer@6aad0935, org.springframework.boot.test.autoconfigure.web.servlet.WebDriverContextCustomizerFactory$Customizer@534243e4, org.springframework.boot.test.context.SpringBootTestArgs@1, org.springframework.boot.test.context.SpringBootTestWebEnvironment@0], contextLoader = 'org.springframework.boot.test.context.SpringBootContextLoader', parent = [null]], attributes = map['org.springframework.test.context.event.ApplicationEventsTestExecutionListener.recordApplicationEvents' -> false]]; transaction manager [org.springframework.orm.jpa.JpaTransactionManager@204f76da]; rollback [true]
Hibernate: select distinct owner0_.id as id1_0_, owner0_.first_name as first_na2_0_, owner0_.last_name as last_nam3_0_, owner0_.address as address4_0_, owner0_.city as city5_0_, owner0_.telephone as telephon6_0_ from owners owner0_ left outer join pets pets1_ on owner0_.id=pets1_.owner_id where owner0_.last_name like ?
Hibernate: select pets0_.owner_id as owner_id5_1_0_, pets0_.id as id1_1_0_, pets0_.id as id1_1_1_, pets0_.name as name2_1_1_, pets0_.birth_date as birth_da3_1_1_, pets0_.type_id as type_id4_1_1_, pettype1_.id as id1_3_2_, pettype1_.name as name2_3_2_ from pets pets0_ left outer join types pettype1_ on pets0_.type_id=pettype1_.id where pets0_.owner_id=? order by pets0_.name
Hibernate: select visits0_.pet_id as pet_id4_6_0_, visits0_.id as id1_6_0_, visits0_.id as id1_6_1_, visits0_.visit_date as visit_da2_6_1_, visits0_.description as descript3_6_1_ from visits visits0_ where visits0_.pet_id=? order by visits0_.visit_date asc
Hibernate: select pets0_.owner_id as owner_id5_1_0_, pets0_.id as id1_1_0_, pets0_.id as id1_1_1_, pets0_.name as name2_1_1_, pets0_.birth_date as birth_da3_1_1_, pets0_.type_id as type_id4_1_1_, pettype1_.id as id1_3_2_, pettype1_.name as name2_3_2_ from pets pets0_ left outer join types pettype1_ on pets0_.type_id=pettype1_.id where pets0_.owner_id=? order by pets0_.name
Hibernate: select visits0_.pet_id as pet_id4_6_0_, visits0_.id as id1_6_0_, visits0_.id as id1_6_1_, visits0_.visit_date as visit_da2_6_1_, visits0_.description as descript3_6_1_ from visits visits0_ where visits0_.pet_id=? order by visits0_.visit_date asc
Hibernate: select distinct owner0_.id as id1_0_, owner0_.first_name as first_na2_0_, owner0_.last_name as last_nam3_0_, owner0_.address as address4_0_, owner0_.city as city5_0_, owner0_.telephone as telephon6_0_ from owners owner0_ left outer join pets pets1_ on owner0_.id=pets1_.owner_id where owner0_.last_name like ?
2022-03-15 08:53:36.899  INFO 23519 --- [           main] o.s.t.c.transaction.TransactionContext   : Rolled back transaction for test: [DefaultTestContext@14675dc7 testClass = ClinicServiceTests, testInstance = org.springframework.samples.petclinic.service.ClinicServiceTests@3cc7e061, testMethod = shouldFindOwnersByLastName@ClinicServiceTests, testException = [null], mergedContextConfiguration = [MergedContextConfiguration@25b31c9 testClass = ClinicServiceTests, locations = '{}', classes = '{class org.springframework.samples.petclinic.PetClinicApplication}', contextInitializerClasses = '[]', activeProfiles = '{}', propertySourceLocations = '{}', propertySourceProperties = '{org.springframework.boot.test.autoconfigure.orm.jpa.DataJpaTestContextBootstrapper=true}', contextCustomizers = set[[ImportsContextCustomizer@5b74818c key = [org.springframework.boot.autoconfigure.cache.CacheAutoConfiguration, org.springframework.boot.autoconfigure.data.jpa.JpaRepositoriesAutoConfiguration, org.springframework.boot.autoconfigure.flyway.FlywayAutoConfiguration, org.springframework.boot.autoconfigure.jdbc.DataSourceAutoConfiguration, org.springframework.boot.autoconfigure.jdbc.DataSourceTransactionManagerAutoConfiguration, org.springframework.boot.autoconfigure.jdbc.JdbcTemplateAutoConfiguration, org.springframework.boot.autoconfigure.liquibase.LiquibaseAutoConfiguration, org.springframework.boot.autoconfigure.orm.jpa.HibernateJpaAutoConfiguration, org.springframework.boot.autoconfigure.sql.init.SqlInitializationAutoConfiguration, org.springframework.boot.autoconfigure.transaction.TransactionAutoConfiguration, org.springframework.boot.test.autoconfigure.jdbc.TestDatabaseAutoConfiguration, org.springframework.boot.test.autoconfigure.orm.jpa.TestEntityManagerAutoConfiguration]], org.springframework.boot.test.context.filter.ExcludeFilterContextCustomizer@2b50150, org.springframework.boot.test.json.DuplicateJsonObjectContextCustomizerFactory$DuplicateJsonObjectContextCustomizer@6b530eb9, org.springframework.boot.test.mock.mockito.MockitoContextCustomizer@0, org.springframework.boot.test.autoconfigure.OverrideAutoConfigurationContextCustomizerFactory$DisableAutoConfigurationContextCustomizer@64d43929, org.springframework.boot.test.autoconfigure.actuate.metrics.MetricsExportContextCustomizerFactory$DisableMetricExportContextCustomizer@2d691f3d, org.springframework.boot.test.autoconfigure.filter.TypeExcludeFiltersContextCustomizer@1ab3052c, org.springframework.boot.test.autoconfigure.properties.PropertyMappingContextCustomizer@6aad0935, org.springframework.boot.test.autoconfigure.web.servlet.WebDriverContextCustomizerFactory$Customizer@534243e4, org.springframework.boot.test.context.SpringBootTestArgs@1, org.springframework.boot.test.context.SpringBootTestWebEnvironment@0], contextLoader = 'org.springframework.boot.test.context.SpringBootContextLoader', parent = [null]], attributes = map['org.springframework.test.context.event.ApplicationEventsTestExecutionListener.recordApplicationEvents' -> false]]
2022-03-15 08:53:36.915  INFO 23519 --- [           main] o.s.t.c.transaction.TransactionContext   : Began transaction (1) for test context [DefaultTestContext@14675dc7 testClass = ClinicServiceTests, testInstance = org.springframework.samples.petclinic.service.ClinicServiceTests@6c90ff73, testMethod = shouldAddNewVisitForPet@ClinicServiceTests, testException = [null], mergedContextConfiguration = [MergedContextConfiguration@25b31c9 testClass = ClinicServiceTests, locations = '{}', classes = '{class org.springframework.samples.petclinic.PetClinicApplication}', contextInitializerClasses = '[]', activeProfiles = '{}', propertySourceLocations = '{}', propertySourceProperties = '{org.springframework.boot.test.autoconfigure.orm.jpa.DataJpaTestContextBootstrapper=true}', contextCustomizers = set[[ImportsContextCustomizer@5b74818c key = [org.springframework.boot.autoconfigure.cache.CacheAutoConfiguration, org.springframework.boot.autoconfigure.data.jpa.JpaRepositoriesAutoConfiguration, org.springframework.boot.autoconfigure.flyway.FlywayAutoConfiguration, org.springframework.boot.autoconfigure.jdbc.DataSourceAutoConfiguration, org.springframework.boot.autoconfigure.jdbc.DataSourceTransactionManagerAutoConfiguration, org.springframework.boot.autoconfigure.jdbc.JdbcTemplateAutoConfiguration, org.springframework.boot.autoconfigure.liquibase.LiquibaseAutoConfiguration, org.springframework.boot.autoconfigure.orm.jpa.HibernateJpaAutoConfiguration, org.springframework.boot.autoconfigure.sql.init.SqlInitializationAutoConfiguration, org.springframework.boot.autoconfigure.transaction.TransactionAutoConfiguration, org.springframework.boot.test.autoconfigure.jdbc.TestDatabaseAutoConfiguration, org.springframework.boot.test.autoconfigure.orm.jpa.TestEntityManagerAutoConfiguration]], org.springframework.boot.test.context.filter.ExcludeFilterContextCustomizer@2b50150, org.springframework.boot.test.json.DuplicateJsonObjectContextCustomizerFactory$DuplicateJsonObjectContextCustomizer@6b530eb9, org.springframework.boot.test.mock.mockito.MockitoContextCustomizer@0, org.springframework.boot.test.autoconfigure.OverrideAutoConfigurationContextCustomizerFactory$DisableAutoConfigurationContextCustomizer@64d43929, org.springframework.boot.test.autoconfigure.actuate.metrics.MetricsExportContextCustomizerFactory$DisableMetricExportContextCustomizer@2d691f3d, org.springframework.boot.test.autoconfigure.filter.TypeExcludeFiltersContextCustomizer@1ab3052c, org.springframework.boot.test.autoconfigure.properties.PropertyMappingContextCustomizer@6aad0935, org.springframework.boot.test.autoconfigure.web.servlet.WebDriverContextCustomizerFactory$Customizer@534243e4, org.springframework.boot.test.context.SpringBootTestArgs@1, org.springframework.boot.test.context.SpringBootTestWebEnvironment@0], contextLoader = 'org.springframework.boot.test.context.SpringBootContextLoader', parent = [null]], attributes = map['org.springframework.test.context.event.ApplicationEventsTestExecutionListener.recordApplicationEvents' -> false]]; transaction manager [org.springframework.orm.jpa.JpaTransactionManager@204f76da]; rollback [true]
Hibernate: select owner0_.id as id1_0_0_, pets1_.id as id1_1_1_, owner0_.first_name as first_na2_0_0_, owner0_.last_name as last_nam3_0_0_, owner0_.address as address4_0_0_, owner0_.city as city5_0_0_, owner0_.telephone as telephon6_0_0_, pets1_.name as name2_1_1_, pets1_.birth_date as birth_da3_1_1_, pets1_.type_id as type_id4_1_1_, pets1_.owner_id as owner_id5_1_0__, pets1_.id as id1_1_0__ from owners owner0_ left outer join pets pets1_ on owner0_.id=pets1_.owner_id where owner0_.id=? order by pets1_.name
Hibernate: select pettype0_.id as id1_3_0_, pettype0_.name as name2_3_0_ from types pettype0_ where pettype0_.id=?
Hibernate: select visits0_.pet_id as pet_id4_6_0_, visits0_.id as id1_6_0_, visits0_.id as id1_6_1_, visits0_.visit_date as visit_da2_6_1_, visits0_.description as descript3_6_1_ from visits visits0_ where visits0_.pet_id=? order by visits0_.visit_date asc
Hibernate: select visits0_.pet_id as pet_id4_6_0_, visits0_.id as id1_6_0_, visits0_.id as id1_6_1_, visits0_.visit_date as visit_da2_6_1_, visits0_.description as descript3_6_1_ from visits visits0_ where visits0_.pet_id=? order by visits0_.visit_date asc
2022-03-15 08:53:36.969  INFO 23519 --- [           main] o.s.t.c.transaction.TransactionContext   : Rolled back transaction for test: [DefaultTestContext@14675dc7 testClass = ClinicServiceTests, testInstance = org.springframework.samples.petclinic.service.ClinicServiceTests@6c90ff73, testMethod = shouldAddNewVisitForPet@ClinicServiceTests, testException = java.lang.NullPointerException: Cannot invoke "java.lang.Integer.equals(Object)" because "compId" is null, mergedContextConfiguration = [MergedContextConfiguration@25b31c9 testClass = ClinicServiceTests, locations = '{}', classes = '{class org.springframework.samples.petclinic.PetClinicApplication}', contextInitializerClasses = '[]', activeProfiles = '{}', propertySourceLocations = '{}', propertySourceProperties = '{org.springframework.boot.test.autoconfigure.orm.jpa.DataJpaTestContextBootstrapper=true}', contextCustomizers = set[[ImportsContextCustomizer@5b74818c key = [org.springframework.boot.autoconfigure.cache.CacheAutoConfiguration, org.springframework.boot.autoconfigure.data.jpa.JpaRepositoriesAutoConfiguration, org.springframework.boot.autoconfigure.flyway.FlywayAutoConfiguration, org.springframework.boot.autoconfigure.jdbc.DataSourceAutoConfiguration, org.springframework.boot.autoconfigure.jdbc.DataSourceTransactionManagerAutoConfiguration, org.springframework.boot.autoconfigure.jdbc.JdbcTemplateAutoConfiguration, org.springframework.boot.autoconfigure.liquibase.LiquibaseAutoConfiguration, org.springframework.boot.autoconfigure.orm.jpa.HibernateJpaAutoConfiguration, org.springframework.boot.autoconfigure.sql.init.SqlInitializationAutoConfiguration, org.springframework.boot.autoconfigure.transaction.TransactionAutoConfiguration, org.springframework.boot.test.autoconfigure.jdbc.TestDatabaseAutoConfiguration, org.springframework.boot.test.autoconfigure.orm.jpa.TestEntityManagerAutoConfiguration]], org.springframework.boot.test.context.filter.ExcludeFilterContextCustomizer@2b50150, org.springframework.boot.test.json.DuplicateJsonObjectContextCustomizerFactory$DuplicateJsonObjectContextCustomizer@6b530eb9, org.springframework.boot.test.mock.mockito.MockitoContextCustomizer@0, org.springframework.boot.test.autoconfigure.OverrideAutoConfigurationContextCustomizerFactory$DisableAutoConfigurationContextCustomizer@64d43929, org.springframework.boot.test.autoconfigure.actuate.metrics.MetricsExportContextCustomizerFactory$DisableMetricExportContextCustomizer@2d691f3d, org.springframework.boot.test.autoconfigure.filter.TypeExcludeFiltersContextCustomizer@1ab3052c, org.springframework.boot.test.autoconfigure.properties.PropertyMappingContextCustomizer@6aad0935, org.springframework.boot.test.autoconfigure.web.servlet.WebDriverContextCustomizerFactory$Customizer@534243e4, org.springframework.boot.test.context.SpringBootTestArgs@1, org.springframework.boot.test.context.SpringBootTestWebEnvironment@0], contextLoader = 'org.springframework.boot.test.context.SpringBootContextLoader', parent = [null]], attributes = map['org.springframework.test.context.event.ApplicationEventsTestExecutionListener.recordApplicationEvents' -> false]]
2022-03-15 08:53:36.982  INFO 23519 --- [           main] o.s.t.c.transaction.TransactionContext   : Began transaction (1) for test context [DefaultTestContext@14675dc7 testClass = ClinicServiceTests, testInstance = org.springframework.samples.petclinic.service.ClinicServiceTests@7c764a04, testMethod = shouldUpdateOwner@ClinicServiceTests, testException = [null], mergedContextConfiguration = [MergedContextConfiguration@25b31c9 testClass = ClinicServiceTests, locations = '{}', classes = '{class org.springframework.samples.petclinic.PetClinicApplication}', contextInitializerClasses = '[]', activeProfiles = '{}', propertySourceLocations = '{}', propertySourceProperties = '{org.springframework.boot.test.autoconfigure.orm.jpa.DataJpaTestContextBootstrapper=true}', contextCustomizers = set[[ImportsContextCustomizer@5b74818c key = [org.springframework.boot.autoconfigure.cache.CacheAutoConfiguration, org.springframework.boot.autoconfigure.data.jpa.JpaRepositoriesAutoConfiguration, org.springframework.boot.autoconfigure.flyway.FlywayAutoConfiguration, org.springframework.boot.autoconfigure.jdbc.DataSourceAutoConfiguration, org.springframework.boot.autoconfigure.jdbc.DataSourceTransactionManagerAutoConfiguration, org.springframework.boot.autoconfigure.jdbc.JdbcTemplateAutoConfiguration, org.springframework.boot.autoconfigure.liquibase.LiquibaseAutoConfiguration, org.springframework.boot.autoconfigure.orm.jpa.HibernateJpaAutoConfiguration, org.springframework.boot.autoconfigure.sql.init.SqlInitializationAutoConfiguration, org.springframework.boot.autoconfigure.transaction.TransactionAutoConfiguration, org.springframework.boot.test.autoconfigure.jdbc.TestDatabaseAutoConfiguration, org.springframework.boot.test.autoconfigure.orm.jpa.TestEntityManagerAutoConfiguration]], org.springframework.boot.test.context.filter.ExcludeFilterContextCustomizer@2b50150, org.springframework.boot.test.json.DuplicateJsonObjectContextCustomizerFactory$DuplicateJsonObjectContextCustomizer@6b530eb9, org.springframework.boot.test.mock.mockito.MockitoContextCustomizer@0, org.springframework.boot.test.autoconfigure.OverrideAutoConfigurationContextCustomizerFactory$DisableAutoConfigurationContextCustomizer@64d43929, org.springframework.boot.test.autoconfigure.actuate.metrics.MetricsExportContextCustomizerFactory$DisableMetricExportContextCustomizer@2d691f3d, org.springframework.boot.test.autoconfigure.filter.TypeExcludeFiltersContextCustomizer@1ab3052c, org.springframework.boot.test.autoconfigure.properties.PropertyMappingContextCustomizer@6aad0935, org.springframework.boot.test.autoconfigure.web.servlet.WebDriverContextCustomizerFactory$Customizer@534243e4, org.springframework.boot.test.context.SpringBootTestArgs@1, org.springframework.boot.test.context.SpringBootTestWebEnvironment@0], contextLoader = 'org.springframework.boot.test.context.SpringBootContextLoader', parent = [null]], attributes = map['org.springframework.test.context.event.ApplicationEventsTestExecutionListener.recordApplicationEvents' -> false]]; transaction manager [org.springframework.orm.jpa.JpaTransactionManager@204f76da]; rollback [true]
Hibernate: select owner0_.id as id1_0_0_, pets1_.id as id1_1_1_, owner0_.first_name as first_na2_0_0_, owner0_.last_name as last_nam3_0_0_, owner0_.address as address4_0_0_, owner0_.city as city5_0_0_, owner0_.telephone as telephon6_0_0_, pets1_.name as name2_1_1_, pets1_.birth_date as birth_da3_1_1_, pets1_.type_id as type_id4_1_1_, pets1_.owner_id as owner_id5_1_0__, pets1_.id as id1_1_0__ from owners owner0_ left outer join pets pets1_ on owner0_.id=pets1_.owner_id where owner0_.id=? order by pets1_.name
Hibernate: select pettype0_.id as id1_3_0_, pettype0_.name as name2_3_0_ from types pettype0_ where pettype0_.id=?
Hibernate: select visits0_.pet_id as pet_id4_6_0_, visits0_.id as id1_6_0_, visits0_.id as id1_6_1_, visits0_.visit_date as visit_da2_6_1_, visits0_.description as descript3_6_1_ from visits visits0_ where visits0_.pet_id=? order by visits0_.visit_date asc
Hibernate: update owners set first_name=?, last_name=?, address=?, city=?, telephone=? where id=?
Hibernate: select owner0_.id as id1_0_0_, pets1_.id as id1_1_1_, owner0_.first_name as first_na2_0_0_, owner0_.last_name as last_nam3_0_0_, owner0_.address as address4_0_0_, owner0_.city as city5_0_0_, owner0_.telephone as telephon6_0_0_, pets1_.name as name2_1_1_, pets1_.birth_date as birth_da3_1_1_, pets1_.type_id as type_id4_1_1_, pets1_.owner_id as owner_id5_1_0__, pets1_.id as id1_1_0__ from owners owner0_ left outer join pets pets1_ on owner0_.id=pets1_.owner_id where owner0_.id=? order by pets1_.name
2022-03-15 08:53:37.209  INFO 23519 --- [           main] o.s.t.c.transaction.TransactionContext   : Rolled back transaction for test: [DefaultTestContext@14675dc7 testClass = ClinicServiceTests, testInstance = org.springframework.samples.petclinic.service.ClinicServiceTests@7c764a04, testMethod = shouldUpdateOwner@ClinicServiceTests, testException = [null], mergedContextConfiguration = [MergedContextConfiguration@25b31c9 testClass = ClinicServiceTests, locations = '{}', classes = '{class org.springframework.samples.petclinic.PetClinicApplication}', contextInitializerClasses = '[]', activeProfiles = '{}', propertySourceLocations = '{}', propertySourceProperties = '{org.springframework.boot.test.autoconfigure.orm.jpa.DataJpaTestContextBootstrapper=true}', contextCustomizers = set[[ImportsContextCustomizer@5b74818c key = [org.springframework.boot.autoconfigure.cache.CacheAutoConfiguration, org.springframework.boot.autoconfigure.data.jpa.JpaRepositoriesAutoConfiguration, org.springframework.boot.autoconfigure.flyway.FlywayAutoConfiguration, org.springframework.boot.autoconfigure.jdbc.DataSourceAutoConfiguration, org.springframework.boot.autoconfigure.jdbc.DataSourceTransactionManagerAutoConfiguration, org.springframework.boot.autoconfigure.jdbc.JdbcTemplateAutoConfiguration, org.springframework.boot.autoconfigure.liquibase.LiquibaseAutoConfiguration, org.springframework.boot.autoconfigure.orm.jpa.HibernateJpaAutoConfiguration, org.springframework.boot.autoconfigure.sql.init.SqlInitializationAutoConfiguration, org.springframework.boot.autoconfigure.transaction.TransactionAutoConfiguration, org.springframework.boot.test.autoconfigure.jdbc.TestDatabaseAutoConfiguration, org.springframework.boot.test.autoconfigure.orm.jpa.TestEntityManagerAutoConfiguration]], org.springframework.boot.test.context.filter.ExcludeFilterContextCustomizer@2b50150, org.springframework.boot.test.json.DuplicateJsonObjectContextCustomizerFactory$DuplicateJsonObjectContextCustomizer@6b530eb9, org.springframework.boot.test.mock.mockito.MockitoContextCustomizer@0, org.springframework.boot.test.autoconfigure.OverrideAutoConfigurationContextCustomizerFactory$DisableAutoConfigurationContextCustomizer@64d43929, org.springframework.boot.test.autoconfigure.actuate.metrics.MetricsExportContextCustomizerFactory$DisableMetricExportContextCustomizer@2d691f3d, org.springframework.boot.test.autoconfigure.filter.TypeExcludeFiltersContextCustomizer@1ab3052c, org.springframework.boot.test.autoconfigure.properties.PropertyMappingContextCustomizer@6aad0935, org.springframework.boot.test.autoconfigure.web.servlet.WebDriverContextCustomizerFactory$Customizer@534243e4, org.springframework.boot.test.context.SpringBootTestArgs@1, org.springframework.boot.test.context.SpringBootTestWebEnvironment@0], contextLoader = 'org.springframework.boot.test.context.SpringBootContextLoader', parent = [null]], attributes = map['org.springframework.test.context.event.ApplicationEventsTestExecutionListener.recordApplicationEvents' -> false]]
2022-03-15 08:53:37.222  INFO 23519 --- [           main] o.s.t.c.transaction.TransactionContext   : Began transaction (1) for test context [DefaultTestContext@14675dc7 testClass = ClinicServiceTests, testInstance = org.springframework.samples.petclinic.service.ClinicServiceTests@1087867, testMethod = shouldFindVisitsByPetId@ClinicServiceTests, testException = [null], mergedContextConfiguration = [MergedContextConfiguration@25b31c9 testClass = ClinicServiceTests, locations = '{}', classes = '{class org.springframework.samples.petclinic.PetClinicApplication}', contextInitializerClasses = '[]', activeProfiles = '{}', propertySourceLocations = '{}', propertySourceProperties = '{org.springframework.boot.test.autoconfigure.orm.jpa.DataJpaTestContextBootstrapper=true}', contextCustomizers = set[[ImportsContextCustomizer@5b74818c key = [org.springframework.boot.autoconfigure.cache.CacheAutoConfiguration, org.springframework.boot.autoconfigure.data.jpa.JpaRepositoriesAutoConfiguration, org.springframework.boot.autoconfigure.flyway.FlywayAutoConfiguration, org.springframework.boot.autoconfigure.jdbc.DataSourceAutoConfiguration, org.springframework.boot.autoconfigure.jdbc.DataSourceTransactionManagerAutoConfiguration, org.springframework.boot.autoconfigure.jdbc.JdbcTemplateAutoConfiguration, org.springframework.boot.autoconfigure.liquibase.LiquibaseAutoConfiguration, org.springframework.boot.autoconfigure.orm.jpa.HibernateJpaAutoConfiguration, org.springframework.boot.autoconfigure.sql.init.SqlInitializationAutoConfiguration, org.springframework.boot.autoconfigure.transaction.TransactionAutoConfiguration, org.springframework.boot.test.autoconfigure.jdbc.TestDatabaseAutoConfiguration, org.springframework.boot.test.autoconfigure.orm.jpa.TestEntityManagerAutoConfiguration]], org.springframework.boot.test.context.filter.ExcludeFilterContextCustomizer@2b50150, org.springframework.boot.test.json.DuplicateJsonObjectContextCustomizerFactory$DuplicateJsonObjectContextCustomizer@6b530eb9, org.springframework.boot.test.mock.mockito.MockitoContextCustomizer@0, org.springframework.boot.test.autoconfigure.OverrideAutoConfigurationContextCustomizerFactory$DisableAutoConfigurationContextCustomizer@64d43929, org.springframework.boot.test.autoconfigure.actuate.metrics.MetricsExportContextCustomizerFactory$DisableMetricExportContextCustomizer@2d691f3d, org.springframework.boot.test.autoconfigure.filter.TypeExcludeFiltersContextCustomizer@1ab3052c, org.springframework.boot.test.autoconfigure.properties.PropertyMappingContextCustomizer@6aad0935, org.springframework.boot.test.autoconfigure.web.servlet.WebDriverContextCustomizerFactory$Customizer@534243e4, org.springframework.boot.test.context.SpringBootTestArgs@1, org.springframework.boot.test.context.SpringBootTestWebEnvironment@0], contextLoader = 'org.springframework.boot.test.context.SpringBootContextLoader', parent = [null]], attributes = map['org.springframework.test.context.event.ApplicationEventsTestExecutionListener.recordApplicationEvents' -> false]]; transaction manager [org.springframework.orm.jpa.JpaTransactionManager@204f76da]; rollback [true]
Hibernate: select owner0_.id as id1_0_0_, pets1_.id as id1_1_1_, owner0_.first_name as first_na2_0_0_, owner0_.last_name as last_nam3_0_0_, owner0_.address as address4_0_0_, owner0_.city as city5_0_0_, owner0_.telephone as telephon6_0_0_, pets1_.name as name2_1_1_, pets1_.birth_date as birth_da3_1_1_, pets1_.type_id as type_id4_1_1_, pets1_.owner_id as owner_id5_1_0__, pets1_.id as id1_1_0__ from owners owner0_ left outer join pets pets1_ on owner0_.id=pets1_.owner_id where owner0_.id=? order by pets1_.name
Hibernate: select pettype0_.id as id1_3_0_, pettype0_.name as name2_3_0_ from types pettype0_ where pettype0_.id=?
Hibernate: select visits0_.pet_id as pet_id4_6_0_, visits0_.id as id1_6_0_, visits0_.id as id1_6_1_, visits0_.visit_date as visit_da2_6_1_, visits0_.description as descript3_6_1_ from visits visits0_ where visits0_.pet_id=? order by visits0_.visit_date asc
Hibernate: select visits0_.pet_id as pet_id4_6_0_, visits0_.id as id1_6_0_, visits0_.id as id1_6_1_, visits0_.visit_date as visit_da2_6_1_, visits0_.description as descript3_6_1_ from visits visits0_ where visits0_.pet_id=? order by visits0_.visit_date asc
2022-03-15 08:53:37.250  INFO 23519 --- [           main] o.s.t.c.transaction.TransactionContext   : Rolled back transaction for test: [DefaultTestContext@14675dc7 testClass = ClinicServiceTests, testInstance = org.springframework.samples.petclinic.service.ClinicServiceTests@1087867, testMethod = shouldFindVisitsByPetId@ClinicServiceTests, testException = java.lang.NullPointerException: Cannot invoke "java.lang.Integer.equals(Object)" because "compId" is null, mergedContextConfiguration = [MergedContextConfiguration@25b31c9 testClass = ClinicServiceTests, locations = '{}', classes = '{class org.springframework.samples.petclinic.PetClinicApplication}', contextInitializerClasses = '[]', activeProfiles = '{}', propertySourceLocations = '{}', propertySourceProperties = '{org.springframework.boot.test.autoconfigure.orm.jpa.DataJpaTestContextBootstrapper=true}', contextCustomizers = set[[ImportsContextCustomizer@5b74818c key = [org.springframework.boot.autoconfigure.cache.CacheAutoConfiguration, org.springframework.boot.autoconfigure.data.jpa.JpaRepositoriesAutoConfiguration, org.springframework.boot.autoconfigure.flyway.FlywayAutoConfiguration, org.springframework.boot.autoconfigure.jdbc.DataSourceAutoConfiguration, org.springframework.boot.autoconfigure.jdbc.DataSourceTransactionManagerAutoConfiguration, org.springframework.boot.autoconfigure.jdbc.JdbcTemplateAutoConfiguration, org.springframework.boot.autoconfigure.liquibase.LiquibaseAutoConfiguration, org.springframework.boot.autoconfigure.orm.jpa.HibernateJpaAutoConfiguration, org.springframework.boot.autoconfigure.sql.init.SqlInitializationAutoConfiguration, org.springframework.boot.autoconfigure.transaction.TransactionAutoConfiguration, org.springframework.boot.test.autoconfigure.jdbc.TestDatabaseAutoConfiguration, org.springframework.boot.test.autoconfigure.orm.jpa.TestEntityManagerAutoConfiguration]], org.springframework.boot.test.context.filter.ExcludeFilterContextCustomizer@2b50150, org.springframework.boot.test.json.DuplicateJsonObjectContextCustomizerFactory$DuplicateJsonObjectContextCustomizer@6b530eb9, org.springframework.boot.test.mock.mockito.MockitoContextCustomizer@0, org.springframework.boot.test.autoconfigure.OverrideAutoConfigurationContextCustomizerFactory$DisableAutoConfigurationContextCustomizer@64d43929, org.springframework.boot.test.autoconfigure.actuate.metrics.MetricsExportContextCustomizerFactory$DisableMetricExportContextCustomizer@2d691f3d, org.springframework.boot.test.autoconfigure.filter.TypeExcludeFiltersContextCustomizer@1ab3052c, org.springframework.boot.test.autoconfigure.properties.PropertyMappingContextCustomizer@6aad0935, org.springframework.boot.test.autoconfigure.web.servlet.WebDriverContextCustomizerFactory$Customizer@534243e4, org.springframework.boot.test.context.SpringBootTestArgs@1, org.springframework.boot.test.context.SpringBootTestWebEnvironment@0], contextLoader = 'org.springframework.boot.test.context.SpringBootContextLoader', parent = [null]], attributes = map['org.springframework.test.context.event.ApplicationEventsTestExecutionListener.recordApplicationEvents' -> false]]
2022-03-15 08:53:37.258  INFO 23519 --- [           main] o.s.t.c.transaction.TransactionContext   : Began transaction (1) for test context [DefaultTestContext@14675dc7 testClass = ClinicServiceTests, testInstance = org.springframework.samples.petclinic.service.ClinicServiceTests@2e862623, testMethod = shouldInsertPetIntoDatabaseAndGenerateId@ClinicServiceTests, testException = [null], mergedContextConfiguration = [MergedContextConfiguration@25b31c9 testClass = ClinicServiceTests, locations = '{}', classes = '{class org.springframework.samples.petclinic.PetClinicApplication}', contextInitializerClasses = '[]', activeProfiles = '{}', propertySourceLocations = '{}', propertySourceProperties = '{org.springframework.boot.test.autoconfigure.orm.jpa.DataJpaTestContextBootstrapper=true}', contextCustomizers = set[[ImportsContextCustomizer@5b74818c key = [org.springframework.boot.autoconfigure.cache.CacheAutoConfiguration, org.springframework.boot.autoconfigure.data.jpa.JpaRepositoriesAutoConfiguration, org.springframework.boot.autoconfigure.flyway.FlywayAutoConfiguration, org.springframework.boot.autoconfigure.jdbc.DataSourceAutoConfiguration, org.springframework.boot.autoconfigure.jdbc.DataSourceTransactionManagerAutoConfiguration, org.springframework.boot.autoconfigure.jdbc.JdbcTemplateAutoConfiguration, org.springframework.boot.autoconfigure.liquibase.LiquibaseAutoConfiguration, org.springframework.boot.autoconfigure.orm.jpa.HibernateJpaAutoConfiguration, org.springframework.boot.autoconfigure.sql.init.SqlInitializationAutoConfiguration, org.springframework.boot.autoconfigure.transaction.TransactionAutoConfiguration, org.springframework.boot.test.autoconfigure.jdbc.TestDatabaseAutoConfiguration, org.springframework.boot.test.autoconfigure.orm.jpa.TestEntityManagerAutoConfiguration]], org.springframework.boot.test.context.filter.ExcludeFilterContextCustomizer@2b50150, org.springframework.boot.test.json.DuplicateJsonObjectContextCustomizerFactory$DuplicateJsonObjectContextCustomizer@6b530eb9, org.springframework.boot.test.mock.mockito.MockitoContextCustomizer@0, org.springframework.boot.test.autoconfigure.OverrideAutoConfigurationContextCustomizerFactory$DisableAutoConfigurationContextCustomizer@64d43929, org.springframework.boot.test.autoconfigure.actuate.metrics.MetricsExportContextCustomizerFactory$DisableMetricExportContextCustomizer@2d691f3d, org.springframework.boot.test.autoconfigure.filter.TypeExcludeFiltersContextCustomizer@1ab3052c, org.springframework.boot.test.autoconfigure.properties.PropertyMappingContextCustomizer@6aad0935, org.springframework.boot.test.autoconfigure.web.servlet.WebDriverContextCustomizerFactory$Customizer@534243e4, org.springframework.boot.test.context.SpringBootTestArgs@1, org.springframework.boot.test.context.SpringBootTestWebEnvironment@0], contextLoader = 'org.springframework.boot.test.context.SpringBootContextLoader', parent = [null]], attributes = map['org.springframework.test.context.event.ApplicationEventsTestExecutionListener.recordApplicationEvents' -> false]]; transaction manager [org.springframework.orm.jpa.JpaTransactionManager@204f76da]; rollback [true]
Hibernate: select owner0_.id as id1_0_0_, pets1_.id as id1_1_1_, owner0_.first_name as first_na2_0_0_, owner0_.last_name as last_nam3_0_0_, owner0_.address as address4_0_0_, owner0_.city as city5_0_0_, owner0_.telephone as telephon6_0_0_, pets1_.name as name2_1_1_, pets1_.birth_date as birth_da3_1_1_, pets1_.type_id as type_id4_1_1_, pets1_.owner_id as owner_id5_1_0__, pets1_.id as id1_1_0__ from owners owner0_ left outer join pets pets1_ on owner0_.id=pets1_.owner_id where owner0_.id=? order by pets1_.name
Hibernate: select pettype0_.id as id1_3_0_, pettype0_.name as name2_3_0_ from types pettype0_ where pettype0_.id=?
Hibernate: select visits0_.pet_id as pet_id4_6_0_, visits0_.id as id1_6_0_, visits0_.id as id1_6_1_, visits0_.visit_date as visit_da2_6_1_, visits0_.description as descript3_6_1_ from visits visits0_ where visits0_.pet_id=? order by visits0_.visit_date asc
Hibernate: select visits0_.pet_id as pet_id4_6_0_, visits0_.id as id1_6_0_, visits0_.id as id1_6_1_, visits0_.visit_date as visit_da2_6_1_, visits0_.description as descript3_6_1_ from visits visits0_ where visits0_.pet_id=? order by visits0_.visit_date asc
Hibernate: select pettype0_.id as id1_3_, pettype0_.name as name2_3_ from types pettype0_ order by pettype0_.name
2022-03-15 08:53:37.325  INFO 23519 --- [           main] o.s.t.c.transaction.TransactionContext   : Rolled back transaction for test: [DefaultTestContext@14675dc7 testClass = ClinicServiceTests, testInstance = org.springframework.samples.petclinic.service.ClinicServiceTests@2e862623, testMethod = shouldInsertPetIntoDatabaseAndGenerateId@ClinicServiceTests, testException = java.lang.NullPointerException: Cannot invoke "java.lang.Integer.intValue()" because the return value of "org.springframework.samples.petclinic.model.BaseEntity.getId()" is null, mergedContextConfiguration = [MergedContextConfiguration@25b31c9 testClass = ClinicServiceTests, locations = '{}', classes = '{class org.springframework.samples.petclinic.PetClinicApplication}', contextInitializerClasses = '[]', activeProfiles = '{}', propertySourceLocations = '{}', propertySourceProperties = '{org.springframework.boot.test.autoconfigure.orm.jpa.DataJpaTestContextBootstrapper=true}', contextCustomizers = set[[ImportsContextCustomizer@5b74818c key = [org.springframework.boot.autoconfigure.cache.CacheAutoConfiguration, org.springframework.boot.autoconfigure.data.jpa.JpaRepositoriesAutoConfiguration, org.springframework.boot.autoconfigure.flyway.FlywayAutoConfiguration, org.springframework.boot.autoconfigure.jdbc.DataSourceAutoConfiguration, org.springframework.boot.autoconfigure.jdbc.DataSourceTransactionManagerAutoConfiguration, org.springframework.boot.autoconfigure.jdbc.JdbcTemplateAutoConfiguration, org.springframework.boot.autoconfigure.liquibase.LiquibaseAutoConfiguration, org.springframework.boot.autoconfigure.orm.jpa.HibernateJpaAutoConfiguration, org.springframework.boot.autoconfigure.sql.init.SqlInitializationAutoConfiguration, org.springframework.boot.autoconfigure.transaction.TransactionAutoConfiguration, org.springframework.boot.test.autoconfigure.jdbc.TestDatabaseAutoConfiguration, org.springframework.boot.test.autoconfigure.orm.jpa.TestEntityManagerAutoConfiguration]], org.springframework.boot.test.context.filter.ExcludeFilterContextCustomizer@2b50150, org.springframework.boot.test.json.DuplicateJsonObjectContextCustomizerFactory$DuplicateJsonObjectContextCustomizer@6b530eb9, org.springframework.boot.test.mock.mockito.MockitoContextCustomizer@0, org.springframework.boot.test.autoconfigure.OverrideAutoConfigurationContextCustomizerFactory$DisableAutoConfigurationContextCustomizer@64d43929, org.springframework.boot.test.autoconfigure.actuate.metrics.MetricsExportContextCustomizerFactory$DisableMetricExportContextCustomizer@2d691f3d, org.springframework.boot.test.autoconfigure.filter.TypeExcludeFiltersContextCustomizer@1ab3052c, org.springframework.boot.test.autoconfigure.properties.PropertyMappingContextCustomizer@6aad0935, org.springframework.boot.test.autoconfigure.web.servlet.WebDriverContextCustomizerFactory$Customizer@534243e4, org.springframework.boot.test.context.SpringBootTestArgs@1, org.springframework.boot.test.context.SpringBootTestWebEnvironment@0], contextLoader = 'org.springframework.boot.test.context.SpringBootContextLoader', parent = [null]], attributes = map['org.springframework.test.context.event.ApplicationEventsTestExecutionListener.recordApplicationEvents' -> false]]
2022-03-15 08:53:37.335  INFO 23519 --- [           main] o.s.t.c.transaction.TransactionContext   : Began transaction (1) for test context [DefaultTestContext@14675dc7 testClass = ClinicServiceTests, testInstance = org.springframework.samples.petclinic.service.ClinicServiceTests@54d69e9a, testMethod = shouldInsertOwner@ClinicServiceTests, testException = [null], mergedContextConfiguration = [MergedContextConfiguration@25b31c9 testClass = ClinicServiceTests, locations = '{}', classes = '{class org.springframework.samples.petclinic.PetClinicApplication}', contextInitializerClasses = '[]', activeProfiles = '{}', propertySourceLocations = '{}', propertySourceProperties = '{org.springframework.boot.test.autoconfigure.orm.jpa.DataJpaTestContextBootstrapper=true}', contextCustomizers = set[[ImportsContextCustomizer@5b74818c key = [org.springframework.boot.autoconfigure.cache.CacheAutoConfiguration, org.springframework.boot.autoconfigure.data.jpa.JpaRepositoriesAutoConfiguration, org.springframework.boot.autoconfigure.flyway.FlywayAutoConfiguration, org.springframework.boot.autoconfigure.jdbc.DataSourceAutoConfiguration, org.springframework.boot.autoconfigure.jdbc.DataSourceTransactionManagerAutoConfiguration, org.springframework.boot.autoconfigure.jdbc.JdbcTemplateAutoConfiguration, org.springframework.boot.autoconfigure.liquibase.LiquibaseAutoConfiguration, org.springframework.boot.autoconfigure.orm.jpa.HibernateJpaAutoConfiguration, org.springframework.boot.autoconfigure.sql.init.SqlInitializationAutoConfiguration, org.springframework.boot.autoconfigure.transaction.TransactionAutoConfiguration, org.springframework.boot.test.autoconfigure.jdbc.TestDatabaseAutoConfiguration, org.springframework.boot.test.autoconfigure.orm.jpa.TestEntityManagerAutoConfiguration]], org.springframework.boot.test.context.filter.ExcludeFilterContextCustomizer@2b50150, org.springframework.boot.test.json.DuplicateJsonObjectContextCustomizerFactory$DuplicateJsonObjectContextCustomizer@6b530eb9, org.springframework.boot.test.mock.mockito.MockitoContextCustomizer@0, org.springframework.boot.test.autoconfigure.OverrideAutoConfigurationContextCustomizerFactory$DisableAutoConfigurationContextCustomizer@64d43929, org.springframework.boot.test.autoconfigure.actuate.metrics.MetricsExportContextCustomizerFactory$DisableMetricExportContextCustomizer@2d691f3d, org.springframework.boot.test.autoconfigure.filter.TypeExcludeFiltersContextCustomizer@1ab3052c, org.springframework.boot.test.autoconfigure.properties.PropertyMappingContextCustomizer@6aad0935, org.springframework.boot.test.autoconfigure.web.servlet.WebDriverContextCustomizerFactory$Customizer@534243e4, org.springframework.boot.test.context.SpringBootTestArgs@1, org.springframework.boot.test.context.SpringBootTestWebEnvironment@0], contextLoader = 'org.springframework.boot.test.context.SpringBootContextLoader', parent = [null]], attributes = map['org.springframework.test.context.event.ApplicationEventsTestExecutionListener.recordApplicationEvents' -> false]]; transaction manager [org.springframework.orm.jpa.JpaTransactionManager@204f76da]; rollback [true]
Hibernate: select distinct owner0_.id as id1_0_, owner0_.first_name as first_na2_0_, owner0_.last_name as last_nam3_0_, owner0_.address as address4_0_, owner0_.city as city5_0_, owner0_.telephone as telephon6_0_ from owners owner0_ left outer join pets pets1_ on owner0_.id=pets1_.owner_id where owner0_.last_name like ?
Hibernate: insert into owners (id, first_name, last_name, address, city, telephone) values (null, ?, ?, ?, ?, ?)
2022-03-15 08:53:37.386  INFO 23519 --- [           main] o.s.t.c.transaction.TransactionContext   : Rolled back transaction for test: [DefaultTestContext@14675dc7 testClass = ClinicServiceTests, testInstance = org.springframework.samples.petclinic.service.ClinicServiceTests@54d69e9a, testMethod = shouldInsertOwner@ClinicServiceTests, testException = java.lang.NullPointerException: Cannot invoke "java.lang.Integer.longValue()" because the return value of "org.springframework.samples.petclinic.owner.Owner.getId()" is null, mergedContextConfiguration = [MergedContextConfiguration@25b31c9 testClass = ClinicServiceTests, locations = '{}', classes = '{class org.springframework.samples.petclinic.PetClinicApplication}', contextInitializerClasses = '[]', activeProfiles = '{}', propertySourceLocations = '{}', propertySourceProperties = '{org.springframework.boot.test.autoconfigure.orm.jpa.DataJpaTestContextBootstrapper=true}', contextCustomizers = set[[ImportsContextCustomizer@5b74818c key = [org.springframework.boot.autoconfigure.cache.CacheAutoConfiguration, org.springframework.boot.autoconfigure.data.jpa.JpaRepositoriesAutoConfiguration, org.springframework.boot.autoconfigure.flyway.FlywayAutoConfiguration, org.springframework.boot.autoconfigure.jdbc.DataSourceAutoConfiguration, org.springframework.boot.autoconfigure.jdbc.DataSourceTransactionManagerAutoConfiguration, org.springframework.boot.autoconfigure.jdbc.JdbcTemplateAutoConfiguration, org.springframework.boot.autoconfigure.liquibase.LiquibaseAutoConfiguration, org.springframework.boot.autoconfigure.orm.jpa.HibernateJpaAutoConfiguration, org.springframework.boot.autoconfigure.sql.init.SqlInitializationAutoConfiguration, org.springframework.boot.autoconfigure.transaction.TransactionAutoConfiguration, org.springframework.boot.test.autoconfigure.jdbc.TestDatabaseAutoConfiguration, org.springframework.boot.test.autoconfigure.orm.jpa.TestEntityManagerAutoConfiguration]], org.springframework.boot.test.context.filter.ExcludeFilterContextCustomizer@2b50150, org.springframework.boot.test.json.DuplicateJsonObjectContextCustomizerFactory$DuplicateJsonObjectContextCustomizer@6b530eb9, org.springframework.boot.test.mock.mockito.MockitoContextCustomizer@0, org.springframework.boot.test.autoconfigure.OverrideAutoConfigurationContextCustomizerFactory$DisableAutoConfigurationContextCustomizer@64d43929, org.springframework.boot.test.autoconfigure.actuate.metrics.MetricsExportContextCustomizerFactory$DisableMetricExportContextCustomizer@2d691f3d, org.springframework.boot.test.autoconfigure.filter.TypeExcludeFiltersContextCustomizer@1ab3052c, org.springframework.boot.test.autoconfigure.properties.PropertyMappingContextCustomizer@6aad0935, org.springframework.boot.test.autoconfigure.web.servlet.WebDriverContextCustomizerFactory$Customizer@534243e4, org.springframework.boot.test.context.SpringBootTestArgs@1, org.springframework.boot.test.context.SpringBootTestWebEnvironment@0], contextLoader = 'org.springframework.boot.test.context.SpringBootContextLoader', parent = [null]], attributes = map['org.springframework.test.context.event.ApplicationEventsTestExecutionListener.recordApplicationEvents' -> false]]
2022-03-15 08:53:37.399  INFO 23519 --- [           main] o.s.t.c.transaction.TransactionContext   : Began transaction (1) for test context [DefaultTestContext@14675dc7 testClass = ClinicServiceTests, testInstance = org.springframework.samples.petclinic.service.ClinicServiceTests@70d68e55, testMethod = shouldFindSingleOwnerWithPet@ClinicServiceTests, testException = [null], mergedContextConfiguration = [MergedContextConfiguration@25b31c9 testClass = ClinicServiceTests, locations = '{}', classes = '{class org.springframework.samples.petclinic.PetClinicApplication}', contextInitializerClasses = '[]', activeProfiles = '{}', propertySourceLocations = '{}', propertySourceProperties = '{org.springframework.boot.test.autoconfigure.orm.jpa.DataJpaTestContextBootstrapper=true}', contextCustomizers = set[[ImportsContextCustomizer@5b74818c key = [org.springframework.boot.autoconfigure.cache.CacheAutoConfiguration, org.springframework.boot.autoconfigure.data.jpa.JpaRepositoriesAutoConfiguration, org.springframework.boot.autoconfigure.flyway.FlywayAutoConfiguration, org.springframework.boot.autoconfigure.jdbc.DataSourceAutoConfiguration, org.springframework.boot.autoconfigure.jdbc.DataSourceTransactionManagerAutoConfiguration, org.springframework.boot.autoconfigure.jdbc.JdbcTemplateAutoConfiguration, org.springframework.boot.autoconfigure.liquibase.LiquibaseAutoConfiguration, org.springframework.boot.autoconfigure.orm.jpa.HibernateJpaAutoConfiguration, org.springframework.boot.autoconfigure.sql.init.SqlInitializationAutoConfiguration, org.springframework.boot.autoconfigure.transaction.TransactionAutoConfiguration, org.springframework.boot.test.autoconfigure.jdbc.TestDatabaseAutoConfiguration, org.springframework.boot.test.autoconfigure.orm.jpa.TestEntityManagerAutoConfiguration]], org.springframework.boot.test.context.filter.ExcludeFilterContextCustomizer@2b50150, org.springframework.boot.test.json.DuplicateJsonObjectContextCustomizerFactory$DuplicateJsonObjectContextCustomizer@6b530eb9, org.springframework.boot.test.mock.mockito.MockitoContextCustomizer@0, org.springframework.boot.test.autoconfigure.OverrideAutoConfigurationContextCustomizerFactory$DisableAutoConfigurationContextCustomizer@64d43929, org.springframework.boot.test.autoconfigure.actuate.metrics.MetricsExportContextCustomizerFactory$DisableMetricExportContextCustomizer@2d691f3d, org.springframework.boot.test.autoconfigure.filter.TypeExcludeFiltersContextCustomizer@1ab3052c, org.springframework.boot.test.autoconfigure.properties.PropertyMappingContextCustomizer@6aad0935, org.springframework.boot.test.autoconfigure.web.servlet.WebDriverContextCustomizerFactory$Customizer@534243e4, org.springframework.boot.test.context.SpringBootTestArgs@1, org.springframework.boot.test.context.SpringBootTestWebEnvironment@0], contextLoader = 'org.springframework.boot.test.context.SpringBootContextLoader', parent = [null]], attributes = map['org.springframework.test.context.event.ApplicationEventsTestExecutionListener.recordApplicationEvents' -> false]]; transaction manager [org.springframework.orm.jpa.JpaTransactionManager@204f76da]; rollback [true]
Hibernate: select owner0_.id as id1_0_0_, pets1_.id as id1_1_1_, owner0_.first_name as first_na2_0_0_, owner0_.last_name as last_nam3_0_0_, owner0_.address as address4_0_0_, owner0_.city as city5_0_0_, owner0_.telephone as telephon6_0_0_, pets1_.name as name2_1_1_, pets1_.birth_date as birth_da3_1_1_, pets1_.type_id as type_id4_1_1_, pets1_.owner_id as owner_id5_1_0__, pets1_.id as id1_1_0__ from owners owner0_ left outer join pets pets1_ on owner0_.id=pets1_.owner_id where owner0_.id=? order by pets1_.name
Hibernate: select pettype0_.id as id1_3_0_, pettype0_.name as name2_3_0_ from types pettype0_ where pettype0_.id=?
Hibernate: select visits0_.pet_id as pet_id4_6_0_, visits0_.id as id1_6_0_, visits0_.id as id1_6_1_, visits0_.visit_date as visit_da2_6_1_, visits0_.description as descript3_6_1_ from visits visits0_ where visits0_.pet_id=? order by visits0_.visit_date asc
2022-03-15 08:53:37.425  INFO 23519 --- [           main] o.s.t.c.transaction.TransactionContext   : Rolled back transaction for test: [DefaultTestContext@14675dc7 testClass = ClinicServiceTests, testInstance = org.springframework.samples.petclinic.service.ClinicServiceTests@70d68e55, testMethod = shouldFindSingleOwnerWithPet@ClinicServiceTests, testException = [null], mergedContextConfiguration = [MergedContextConfiguration@25b31c9 testClass = ClinicServiceTests, locations = '{}', classes = '{class org.springframework.samples.petclinic.PetClinicApplication}', contextInitializerClasses = '[]', activeProfiles = '{}', propertySourceLocations = '{}', propertySourceProperties = '{org.springframework.boot.test.autoconfigure.orm.jpa.DataJpaTestContextBootstrapper=true}', contextCustomizers = set[[ImportsContextCustomizer@5b74818c key = [org.springframework.boot.autoconfigure.cache.CacheAutoConfiguration, org.springframework.boot.autoconfigure.data.jpa.JpaRepositoriesAutoConfiguration, org.springframework.boot.autoconfigure.flyway.FlywayAutoConfiguration, org.springframework.boot.autoconfigure.jdbc.DataSourceAutoConfiguration, org.springframework.boot.autoconfigure.jdbc.DataSourceTransactionManagerAutoConfiguration, org.springframework.boot.autoconfigure.jdbc.JdbcTemplateAutoConfiguration, org.springframework.boot.autoconfigure.liquibase.LiquibaseAutoConfiguration, org.springframework.boot.autoconfigure.orm.jpa.HibernateJpaAutoConfiguration, org.springframework.boot.autoconfigure.sql.init.SqlInitializationAutoConfiguration, org.springframework.boot.autoconfigure.transaction.TransactionAutoConfiguration, org.springframework.boot.test.autoconfigure.jdbc.TestDatabaseAutoConfiguration, org.springframework.boot.test.autoconfigure.orm.jpa.TestEntityManagerAutoConfiguration]], org.springframework.boot.test.context.filter.ExcludeFilterContextCustomizer@2b50150, org.springframework.boot.test.json.DuplicateJsonObjectContextCustomizerFactory$DuplicateJsonObjectContextCustomizer@6b530eb9, org.springframework.boot.test.mock.mockito.MockitoContextCustomizer@0, org.springframework.boot.test.autoconfigure.OverrideAutoConfigurationContextCustomizerFactory$DisableAutoConfigurationContextCustomizer@64d43929, org.springframework.boot.test.autoconfigure.actuate.metrics.MetricsExportContextCustomizerFactory$DisableMetricExportContextCustomizer@2d691f3d, org.springframework.boot.test.autoconfigure.filter.TypeExcludeFiltersContextCustomizer@1ab3052c, org.springframework.boot.test.autoconfigure.properties.PropertyMappingContextCustomizer@6aad0935, org.springframework.boot.test.autoconfigure.web.servlet.WebDriverContextCustomizerFactory$Customizer@534243e4, org.springframework.boot.test.context.SpringBootTestArgs@1, org.springframework.boot.test.context.SpringBootTestWebEnvironment@0], contextLoader = 'org.springframework.boot.test.context.SpringBootContextLoader', parent = [null]], attributes = map['org.springframework.test.context.event.ApplicationEventsTestExecutionListener.recordApplicationEvents' -> false]]
2022-03-15 08:53:37.432  INFO 23519 --- [           main] o.s.t.c.transaction.TransactionContext   : Began transaction (1) for test context [DefaultTestContext@14675dc7 testClass = ClinicServiceTests, testInstance = org.springframework.samples.petclinic.service.ClinicServiceTests@38c4e3eb, testMethod = shouldUpdatePetName@ClinicServiceTests, testException = [null], mergedContextConfiguration = [MergedContextConfiguration@25b31c9 testClass = ClinicServiceTests, locations = '{}', classes = '{class org.springframework.samples.petclinic.PetClinicApplication}', contextInitializerClasses = '[]', activeProfiles = '{}', propertySourceLocations = '{}', propertySourceProperties = '{org.springframework.boot.test.autoconfigure.orm.jpa.DataJpaTestContextBootstrapper=true}', contextCustomizers = set[[ImportsContextCustomizer@5b74818c key = [org.springframework.boot.autoconfigure.cache.CacheAutoConfiguration, org.springframework.boot.autoconfigure.data.jpa.JpaRepositoriesAutoConfiguration, org.springframework.boot.autoconfigure.flyway.FlywayAutoConfiguration, org.springframework.boot.autoconfigure.jdbc.DataSourceAutoConfiguration, org.springframework.boot.autoconfigure.jdbc.DataSourceTransactionManagerAutoConfiguration, org.springframework.boot.autoconfigure.jdbc.JdbcTemplateAutoConfiguration, org.springframework.boot.autoconfigure.liquibase.LiquibaseAutoConfiguration, org.springframework.boot.autoconfigure.orm.jpa.HibernateJpaAutoConfiguration, org.springframework.boot.autoconfigure.sql.init.SqlInitializationAutoConfiguration, org.springframework.boot.autoconfigure.transaction.TransactionAutoConfiguration, org.springframework.boot.test.autoconfigure.jdbc.TestDatabaseAutoConfiguration, org.springframework.boot.test.autoconfigure.orm.jpa.TestEntityManagerAutoConfiguration]], org.springframework.boot.test.context.filter.ExcludeFilterContextCustomizer@2b50150, org.springframework.boot.test.json.DuplicateJsonObjectContextCustomizerFactory$DuplicateJsonObjectContextCustomizer@6b530eb9, org.springframework.boot.test.mock.mockito.MockitoContextCustomizer@0, org.springframework.boot.test.autoconfigure.OverrideAutoConfigurationContextCustomizerFactory$DisableAutoConfigurationContextCustomizer@64d43929, org.springframework.boot.test.autoconfigure.actuate.metrics.MetricsExportContextCustomizerFactory$DisableMetricExportContextCustomizer@2d691f3d, org.springframework.boot.test.autoconfigure.filter.TypeExcludeFiltersContextCustomizer@1ab3052c, org.springframework.boot.test.autoconfigure.properties.PropertyMappingContextCustomizer@6aad0935, org.springframework.boot.test.autoconfigure.web.servlet.WebDriverContextCustomizerFactory$Customizer@534243e4, org.springframework.boot.test.context.SpringBootTestArgs@1, org.springframework.boot.test.context.SpringBootTestWebEnvironment@0], contextLoader = 'org.springframework.boot.test.context.SpringBootContextLoader', parent = [null]], attributes = map['org.springframework.test.context.event.ApplicationEventsTestExecutionListener.recordApplicationEvents' -> false]]; transaction manager [org.springframework.orm.jpa.JpaTransactionManager@204f76da]; rollback [true]
Hibernate: select owner0_.id as id1_0_0_, pets1_.id as id1_1_1_, owner0_.first_name as first_na2_0_0_, owner0_.last_name as last_nam3_0_0_, owner0_.address as address4_0_0_, owner0_.city as city5_0_0_, owner0_.telephone as telephon6_0_0_, pets1_.name as name2_1_1_, pets1_.birth_date as birth_da3_1_1_, pets1_.type_id as type_id4_1_1_, pets1_.owner_id as owner_id5_1_0__, pets1_.id as id1_1_0__ from owners owner0_ left outer join pets pets1_ on owner0_.id=pets1_.owner_id where owner0_.id=? order by pets1_.name
Hibernate: select pettype0_.id as id1_3_0_, pettype0_.name as name2_3_0_ from types pettype0_ where pettype0_.id=?
Hibernate: select visits0_.pet_id as pet_id4_6_0_, visits0_.id as id1_6_0_, visits0_.id as id1_6_1_, visits0_.visit_date as visit_da2_6_1_, visits0_.description as descript3_6_1_ from visits visits0_ where visits0_.pet_id=? order by visits0_.visit_date asc
Hibernate: select visits0_.pet_id as pet_id4_6_0_, visits0_.id as id1_6_0_, visits0_.id as id1_6_1_, visits0_.visit_date as visit_da2_6_1_, visits0_.description as descript3_6_1_ from visits visits0_ where visits0_.pet_id=? order by visits0_.visit_date asc
2022-03-15 08:53:37.475  INFO 23519 --- [           main] o.s.t.c.transaction.TransactionContext   : Rolled back transaction for test: [DefaultTestContext@14675dc7 testClass = ClinicServiceTests, testInstance = org.springframework.samples.petclinic.service.ClinicServiceTests@38c4e3eb, testMethod = shouldUpdatePetName@ClinicServiceTests, testException = java.lang.NullPointerException: Cannot invoke "java.lang.Integer.equals(Object)" because "compId" is null, mergedContextConfiguration = [MergedContextConfiguration@25b31c9 testClass = ClinicServiceTests, locations = '{}', classes = '{class org.springframework.samples.petclinic.PetClinicApplication}', contextInitializerClasses = '[]', activeProfiles = '{}', propertySourceLocations = '{}', propertySourceProperties = '{org.springframework.boot.test.autoconfigure.orm.jpa.DataJpaTestContextBootstrapper=true}', contextCustomizers = set[[ImportsContextCustomizer@5b74818c key = [org.springframework.boot.autoconfigure.cache.CacheAutoConfiguration, org.springframework.boot.autoconfigure.data.jpa.JpaRepositoriesAutoConfiguration, org.springframework.boot.autoconfigure.flyway.FlywayAutoConfiguration, org.springframework.boot.autoconfigure.jdbc.DataSourceAutoConfiguration, org.springframework.boot.autoconfigure.jdbc.DataSourceTransactionManagerAutoConfiguration, org.springframework.boot.autoconfigure.jdbc.JdbcTemplateAutoConfiguration, org.springframework.boot.autoconfigure.liquibase.LiquibaseAutoConfiguration, org.springframework.boot.autoconfigure.orm.jpa.HibernateJpaAutoConfiguration, org.springframework.boot.autoconfigure.sql.init.SqlInitializationAutoConfiguration, org.springframework.boot.autoconfigure.transaction.TransactionAutoConfiguration, org.springframework.boot.test.autoconfigure.jdbc.TestDatabaseAutoConfiguration, org.springframework.boot.test.autoconfigure.orm.jpa.TestEntityManagerAutoConfiguration]], org.springframework.boot.test.context.filter.ExcludeFilterContextCustomizer@2b50150, org.springframework.boot.test.json.DuplicateJsonObjectContextCustomizerFactory$DuplicateJsonObjectContextCustomizer@6b530eb9, org.springframework.boot.test.mock.mockito.MockitoContextCustomizer@0, org.springframework.boot.test.autoconfigure.OverrideAutoConfigurationContextCustomizerFactory$DisableAutoConfigurationContextCustomizer@64d43929, org.springframework.boot.test.autoconfigure.actuate.metrics.MetricsExportContextCustomizerFactory$DisableMetricExportContextCustomizer@2d691f3d, org.springframework.boot.test.autoconfigure.filter.TypeExcludeFiltersContextCustomizer@1ab3052c, org.springframework.boot.test.autoconfigure.properties.PropertyMappingContextCustomizer@6aad0935, org.springframework.boot.test.autoconfigure.web.servlet.WebDriverContextCustomizerFactory$Customizer@534243e4, org.springframework.boot.test.context.SpringBootTestArgs@1, org.springframework.boot.test.context.SpringBootTestWebEnvironment@0], contextLoader = 'org.springframework.boot.test.context.SpringBootContextLoader', parent = [null]], attributes = map['org.springframework.test.context.event.ApplicationEventsTestExecutionListener.recordApplicationEvents' -> false]]
2022-03-15 08:53:37.483  INFO 23519 --- [           main] o.s.t.c.transaction.TransactionContext   : Began transaction (1) for test context [DefaultTestContext@14675dc7 testClass = ClinicServiceTests, testInstance = org.springframework.samples.petclinic.service.ClinicServiceTests@1feed3f7, testMethod = shouldFindAllPetTypes@ClinicServiceTests, testException = [null], mergedContextConfiguration = [MergedContextConfiguration@25b31c9 testClass = ClinicServiceTests, locations = '{}', classes = '{class org.springframework.samples.petclinic.PetClinicApplication}', contextInitializerClasses = '[]', activeProfiles = '{}', propertySourceLocations = '{}', propertySourceProperties = '{org.springframework.boot.test.autoconfigure.orm.jpa.DataJpaTestContextBootstrapper=true}', contextCustomizers = set[[ImportsContextCustomizer@5b74818c key = [org.springframework.boot.autoconfigure.cache.CacheAutoConfiguration, org.springframework.boot.autoconfigure.data.jpa.JpaRepositoriesAutoConfiguration, org.springframework.boot.autoconfigure.flyway.FlywayAutoConfiguration, org.springframework.boot.autoconfigure.jdbc.DataSourceAutoConfiguration, org.springframework.boot.autoconfigure.jdbc.DataSourceTransactionManagerAutoConfiguration, org.springframework.boot.autoconfigure.jdbc.JdbcTemplateAutoConfiguration, org.springframework.boot.autoconfigure.liquibase.LiquibaseAutoConfiguration, org.springframework.boot.autoconfigure.orm.jpa.HibernateJpaAutoConfiguration, org.springframework.boot.autoconfigure.sql.init.SqlInitializationAutoConfiguration, org.springframework.boot.autoconfigure.transaction.TransactionAutoConfiguration, org.springframework.boot.test.autoconfigure.jdbc.TestDatabaseAutoConfiguration, org.springframework.boot.test.autoconfigure.orm.jpa.TestEntityManagerAutoConfiguration]], org.springframework.boot.test.context.filter.ExcludeFilterContextCustomizer@2b50150, org.springframework.boot.test.json.DuplicateJsonObjectContextCustomizerFactory$DuplicateJsonObjectContextCustomizer@6b530eb9, org.springframework.boot.test.mock.mockito.MockitoContextCustomizer@0, org.springframework.boot.test.autoconfigure.OverrideAutoConfigurationContextCustomizerFactory$DisableAutoConfigurationContextCustomizer@64d43929, org.springframework.boot.test.autoconfigure.actuate.metrics.MetricsExportContextCustomizerFactory$DisableMetricExportContextCustomizer@2d691f3d, org.springframework.boot.test.autoconfigure.filter.TypeExcludeFiltersContextCustomizer@1ab3052c, org.springframework.boot.test.autoconfigure.properties.PropertyMappingContextCustomizer@6aad0935, org.springframework.boot.test.autoconfigure.web.servlet.WebDriverContextCustomizerFactory$Customizer@534243e4, org.springframework.boot.test.context.SpringBootTestArgs@1, org.springframework.boot.test.context.SpringBootTestWebEnvironment@0], contextLoader = 'org.springframework.boot.test.context.SpringBootContextLoader', parent = [null]], attributes = map['org.springframework.test.context.event.ApplicationEventsTestExecutionListener.recordApplicationEvents' -> false]]; transaction manager [org.springframework.orm.jpa.JpaTransactionManager@204f76da]; rollback [true]
Hibernate: select pettype0_.id as id1_3_, pettype0_.name as name2_3_ from types pettype0_ order by pettype0_.name
2022-03-15 08:53:37.497  INFO 23519 --- [           main] o.s.t.c.transaction.TransactionContext   : Rolled back transaction for test: [DefaultTestContext@14675dc7 testClass = ClinicServiceTests, testInstance = org.springframework.samples.petclinic.service.ClinicServiceTests@1feed3f7, testMethod = shouldFindAllPetTypes@ClinicServiceTests, testException = java.lang.NullPointerException: Cannot invoke "java.lang.Integer.intValue()" because the return value of "org.springframework.samples.petclinic.model.BaseEntity.getId()" is null, mergedContextConfiguration = [MergedContextConfiguration@25b31c9 testClass = ClinicServiceTests, locations = '{}', classes = '{class org.springframework.samples.petclinic.PetClinicApplication}', contextInitializerClasses = '[]', activeProfiles = '{}', propertySourceLocations = '{}', propertySourceProperties = '{org.springframework.boot.test.autoconfigure.orm.jpa.DataJpaTestContextBootstrapper=true}', contextCustomizers = set[[ImportsContextCustomizer@5b74818c key = [org.springframework.boot.autoconfigure.cache.CacheAutoConfiguration, org.springframework.boot.autoconfigure.data.jpa.JpaRepositoriesAutoConfiguration, org.springframework.boot.autoconfigure.flyway.FlywayAutoConfiguration, org.springframework.boot.autoconfigure.jdbc.DataSourceAutoConfiguration, org.springframework.boot.autoconfigure.jdbc.DataSourceTransactionManagerAutoConfiguration, org.springframework.boot.autoconfigure.jdbc.JdbcTemplateAutoConfiguration, org.springframework.boot.autoconfigure.liquibase.LiquibaseAutoConfiguration, org.springframework.boot.autoconfigure.orm.jpa.HibernateJpaAutoConfiguration, org.springframework.boot.autoconfigure.sql.init.SqlInitializationAutoConfiguration, org.springframework.boot.autoconfigure.transaction.TransactionAutoConfiguration, org.springframework.boot.test.autoconfigure.jdbc.TestDatabaseAutoConfiguration, org.springframework.boot.test.autoconfigure.orm.jpa.TestEntityManagerAutoConfiguration]], org.springframework.boot.test.context.filter.ExcludeFilterContextCustomizer@2b50150, org.springframework.boot.test.json.DuplicateJsonObjectContextCustomizerFactory$DuplicateJsonObjectContextCustomizer@6b530eb9, org.springframework.boot.test.mock.mockito.MockitoContextCustomizer@0, org.springframework.boot.test.autoconfigure.OverrideAutoConfigurationContextCustomizerFactory$DisableAutoConfigurationContextCustomizer@64d43929, org.springframework.boot.test.autoconfigure.actuate.metrics.MetricsExportContextCustomizerFactory$DisableMetricExportContextCustomizer@2d691f3d, org.springframework.boot.test.autoconfigure.filter.TypeExcludeFiltersContextCustomizer@1ab3052c, org.springframework.boot.test.autoconfigure.properties.PropertyMappingContextCustomizer@6aad0935, org.springframework.boot.test.autoconfigure.web.servlet.WebDriverContextCustomizerFactory$Customizer@534243e4, org.springframework.boot.test.context.SpringBootTestArgs@1, org.springframework.boot.test.context.SpringBootTestWebEnvironment@0], contextLoader = 'org.springframework.boot.test.context.SpringBootContextLoader', parent = [null]], attributes = map['org.springframework.test.context.event.ApplicationEventsTestExecutionListener.recordApplicationEvents' -> false]]
[ERROR] Tests run: 10, Failures: 0, Errors: 7, Skipped: 0, Time elapsed: 9.889 s <<< FAILURE! - in org.springframework.samples.petclinic.service.ClinicServiceTests
[ERROR] shouldFindVets  Time elapsed: 0.304 s  <<< ERROR!
java.lang.NullPointerException: Cannot invoke "java.lang.Integer.intValue()" because the return value of "org.springframework.samples.petclinic.model.BaseEntity.getId()" is null
	at org.springframework.samples.petclinic.service.ClinicServiceTests.shouldFindVets(ClinicServiceTests.java:188)

[ERROR] shouldAddNewVisitForPet  Time elapsed: 0.149 s  <<< ERROR!
java.lang.NullPointerException: Cannot invoke "java.lang.Integer.equals(Object)" because "compId" is null
	at org.springframework.samples.petclinic.service.ClinicServiceTests.shouldAddNewVisitForPet(ClinicServiceTests.java:199)

[ERROR] shouldFindVisitsByPetId  Time elapsed: 0.096 s  <<< ERROR!
java.lang.NullPointerException: Cannot invoke "java.lang.Integer.equals(Object)" because "compId" is null
	at org.springframework.samples.petclinic.service.ClinicServiceTests.shouldFindVisitsByPetId(ClinicServiceTests.java:217)

[ERROR] shouldInsertPetIntoDatabaseAndGenerateId  Time elapsed: 0.07 s  <<< ERROR!
java.lang.NullPointerException: Cannot invoke "java.lang.Integer.intValue()" because the return value of "org.springframework.samples.petclinic.model.BaseEntity.getId()" is null
	at org.springframework.samples.petclinic.service.ClinicServiceTests.shouldInsertPetIntoDatabaseAndGenerateId(ClinicServiceTests.java:154)

[ERROR] shouldInsertOwner  Time elapsed: 0.087 s  <<< ERROR!
java.lang.NullPointerException: Cannot invoke "java.lang.Integer.longValue()" because the return value of "org.springframework.samples.petclinic.owner.Owner.getId()" is null
	at org.springframework.samples.petclinic.service.ClinicServiceTests.shouldInsertOwner(ClinicServiceTests.java:114)

[ERROR] shouldUpdatePetName  Time elapsed: 0.07 s  <<< ERROR!
java.lang.NullPointerException: Cannot invoke "java.lang.Integer.equals(Object)" because "compId" is null
	at org.springframework.samples.petclinic.service.ClinicServiceTests.shouldUpdatePetName(ClinicServiceTests.java:172)

[ERROR] shouldFindAllPetTypes  Time elapsed: 0.063 s  <<< ERROR!
java.lang.NullPointerException: Cannot invoke "java.lang.Integer.intValue()" because the return value of "org.springframework.samples.petclinic.model.BaseEntity.getId()" is null
	at org.springframework.samples.petclinic.service.ClinicServiceTests.shouldFindAllPetTypes(ClinicServiceTests.java:139)

[INFO] Running org.springframework.samples.petclinic.PetclinicIntegrationTests
2022-03-15 08:53:37.510  INFO 23519 --- [           main] .b.t.c.SpringBootTestContextBootstrapper : Neither @ContextConfiguration nor @ContextHierarchy found for test class [org.springframework.samples.petclinic.PetclinicIntegrationTests], using SpringBootContextLoader
2022-03-15 08:53:37.511  INFO 23519 --- [           main] o.s.t.c.support.AbstractContextLoader    : Could not detect default resource locations for test class [org.springframework.samples.petclinic.PetclinicIntegrationTests]: no resource found for suffixes {-context.xml, Context.groovy}.
2022-03-15 08:53:37.511  INFO 23519 --- [           main] t.c.s.AnnotationConfigContextLoaderUtils : Could not detect default configuration classes for test class [org.springframework.samples.petclinic.PetclinicIntegrationTests]: PetclinicIntegrationTests does not declare any static, non-private, non-final, nested classes annotated with @Configuration.
2022-03-15 08:53:37.515  INFO 23519 --- [           main] .b.t.c.SpringBootTestContextBootstrapper : Found @SpringBootConfiguration org.springframework.samples.petclinic.PetClinicApplication for test class org.springframework.samples.petclinic.PetclinicIntegrationTests
2022-03-15 08:53:37.522  INFO 23519 --- [           main] .b.t.c.SpringBootTestContextBootstrapper : Loaded default TestExecutionListener class names from location [META-INF/spring.factories]: [org.springframework.boot.test.mock.mockito.MockitoTestExecutionListener, org.springframework.boot.test.mock.mockito.ResetMocksTestExecutionListener, org.springframework.boot.test.autoconfigure.restdocs.RestDocsTestExecutionListener, org.springframework.boot.test.autoconfigure.web.client.MockRestServiceServerResetTestExecutionListener, org.springframework.boot.test.autoconfigure.web.servlet.MockMvcPrintOnlyOnFailureTestExecutionListener, org.springframework.boot.test.autoconfigure.web.servlet.WebDriverTestExecutionListener, org.springframework.boot.test.autoconfigure.webservices.client.MockWebServiceServerTestExecutionListener, org.springframework.test.context.web.ServletTestExecutionListener, org.springframework.test.context.support.DirtiesContextBeforeModesTestExecutionListener, org.springframework.test.context.event.ApplicationEventsTestExecutionListener, org.springframework.test.context.support.DependencyInjectionTestExecutionListener, org.springframework.test.context.support.DirtiesContextTestExecutionListener, org.springframework.test.context.transaction.TransactionalTestExecutionListener, org.springframework.test.context.jdbc.SqlScriptsTestExecutionListener, org.springframework.test.context.event.EventPublishingTestExecutionListener]
2022-03-15 08:53:37.522  INFO 23519 --- [           main] .b.t.c.SpringBootTestContextBootstrapper : Using TestExecutionListeners: [org.springframework.test.context.web.ServletTestExecutionListener@48314a17, org.springframework.test.context.support.DirtiesContextBeforeModesTestExecutionListener@7ca3c6ba, org.springframework.test.context.event.ApplicationEventsTestExecutionListener@678cbfb6, org.springframework.boot.test.mock.mockito.MockitoTestExecutionListener@2dc6f639, org.springframework.boot.test.autoconfigure.SpringBootDependencyInjectionTestExecutionListener@6f657064, org.springframework.test.context.support.DirtiesContextTestExecutionListener@d91fd24, org.springframework.test.context.transaction.TransactionalTestExecutionListener@fe2822f, org.springframework.test.context.jdbc.SqlScriptsTestExecutionListener@150fcad4, org.springframework.test.context.event.EventPublishingTestExecutionListener@51ad6e41, org.springframework.boot.test.mock.mockito.ResetMocksTestExecutionListener@5357d18d, org.springframework.boot.test.autoconfigure.restdocs.RestDocsTestExecutionListener@48bfd232, org.springframework.boot.test.autoconfigure.web.client.MockRestServiceServerResetTestExecutionListener@230de89b, org.springframework.boot.test.autoconfigure.web.servlet.MockMvcPrintOnlyOnFailureTestExecutionListener@196845dd, org.springframework.boot.test.autoconfigure.web.servlet.WebDriverTestExecutionListener@745e24c4, org.springframework.boot.test.autoconfigure.webservices.client.MockWebServiceServerTestExecutionListener@42c6563f]


              |\      _,,,--,,_
             /,`.-'`'   ._  \-;;,_
  _______ __|,4-  ) )_   .;.(__`'-'__     ___ __    _ ___ _______
 |       | '---''(_/._)-'(_\_)   |   |   |   |  |  | |   |       |
 |    _  |    ___|_     _|       |   |   |   |   |_| |   |       | __ _ _
 |   |_| |   |___  |   | |       |   |   |   |       |   |       | \ \ \ \
 |    ___|    ___| |   | |      _|   |___|   |  _    |   |      _|  \ \ \ \
 |   |   |   |___  |   | |     |_|       |   | | |   |   |     |_    ) ) ) )
 |___|   |_______| |___| |_______|_______|___|_|  |__|___|_______|  / / / /
 ==================================================================/_/_/_/

:: Built with Spring Boot :: 2.6.3


2022-03-15 08:53:37.607  INFO 23519 --- [           main] o.s.s.p.PetclinicIntegrationTests        : Starting PetclinicIntegrationTests using Java 15.0.1 on MARCOS-MBP.station with PID 23519 (started by kralizec in /Users/kralizec/University/mutation/spring-petclinic_v4)
2022-03-15 08:53:37.608  INFO 23519 --- [           main] o.s.s.p.PetclinicIntegrationTests        : No active profile set, falling back to default profiles: default
2022-03-15 08:53:38.474  INFO 23519 --- [           main] .s.d.r.c.RepositoryConfigurationDelegate : Bootstrapping Spring Data JPA repositories in DEFAULT mode.
2022-03-15 08:53:38.486  INFO 23519 --- [           main] .s.d.r.c.RepositoryConfigurationDelegate : Finished Spring Data repository scanning in 11 ms. Found 2 JPA repository interfaces.
2022-03-15 08:53:40.366  INFO 23519 --- [           main] o.s.b.w.embedded.tomcat.TomcatWebServer  : Tomcat initialized with port(s): 0 (http)
2022-03-15 08:53:40.435  INFO 23519 --- [           main] o.apache.catalina.core.StandardService   : Starting service [Tomcat]
2022-03-15 08:53:40.435  INFO 23519 --- [           main] org.apache.catalina.core.StandardEngine  : Starting Servlet engine: [Apache Tomcat/9.0.56]
2022-03-15 08:53:41.131  INFO 23519 --- [           main] o.a.c.c.C.[Tomcat].[localhost].[/]       : Initializing Spring embedded WebApplicationContext
2022-03-15 08:53:41.131  INFO 23519 --- [           main] w.s.c.ServletWebServerApplicationContext : Root WebApplicationContext: initialization completed in 3520 ms
2022-03-15 08:53:42.259  INFO 23519 --- [           main] com.zaxxer.hikari.HikariDataSource       : HikariPool-2 - Starting...
2022-03-15 08:53:42.265  INFO 23519 --- [           main] com.zaxxer.hikari.HikariDataSource       : HikariPool-2 - Start completed.
2022-03-15 08:53:43.291  INFO 23519 --- [           main] org.ehcache.core.EhcacheManager          : Cache 'vets' created in EhcacheManager.
2022-03-15 08:53:43.321  INFO 23519 --- [           main] org.ehcache.jsr107.Eh107CacheManager     : Registering Ehcache MBean javax.cache:type=CacheStatistics,CacheManager=urn.X-ehcache.jsr107-default-config,Cache=vets
2022-03-15 08:53:43.374  INFO 23519 --- [           main] org.ehcache.jsr107.Eh107CacheManager     : Registering Ehcache MBean javax.cache:type=CacheStatistics,CacheManager=urn.X-ehcache.jsr107-default-config,Cache=vets
2022-03-15 08:53:43.455  INFO 23519 --- [           main] o.hibernate.jpa.internal.util.LogHelper  : HHH000204: Processing PersistenceUnitInfo [name: default]
2022-03-15 08:53:43.471  INFO 23519 --- [           main] org.hibernate.dialect.Dialect            : HHH000400: Using dialect: org.hibernate.dialect.H2Dialect
2022-03-15 08:53:44.002  INFO 23519 --- [           main] o.h.e.t.j.p.i.JtaPlatformInitiator       : HHH000490: Using JtaPlatform implementation: [org.hibernate.engine.transaction.jta.platform.internal.NoJtaPlatform]
2022-03-15 08:53:44.003  INFO 23519 --- [           main] j.LocalContainerEntityManagerFactoryBean : Initialized JPA EntityManagerFactory for persistence unit 'default'
2022-03-15 08:53:47.220  INFO 23519 --- [           main] o.s.b.a.e.web.EndpointLinksResolver      : Exposing 13 endpoint(s) beneath base path '/actuator'
2022-03-15 08:53:47.434  INFO 23519 --- [           main] o.s.b.w.embedded.tomcat.TomcatWebServer  : Tomcat started on port(s): 58043 (http) with context path ''
2022-03-15 08:53:47.453  INFO 23519 --- [           main] o.s.s.p.PetclinicIntegrationTests        : Started PetclinicIntegrationTests in 9.99 seconds (JVM running for 36.561)
2022-03-15 08:53:47.929  INFO 23519 --- [o-auto-1-exec-1] o.a.c.c.C.[Tomcat].[localhost].[/]       : Initializing Spring DispatcherServlet 'dispatcherServlet'
2022-03-15 08:53:47.934  INFO 23519 --- [o-auto-1-exec-1] o.s.web.servlet.DispatcherServlet        : Initializing Servlet 'dispatcherServlet'
2022-03-15 08:53:47.936  INFO 23519 --- [o-auto-1-exec-1] o.s.web.servlet.DispatcherServlet        : Completed initialization in 2 ms
[INFO] Tests run: 2, Failures: 0, Errors: 0, Skipped: 0, Time elapsed: 10.332 s - in org.springframework.samples.petclinic.PetclinicIntegrationTests
2022-03-15 08:53:48.124  INFO 23519 --- [ionShutdownHook] j.LocalContainerEntityManagerFactoryBean : Closing JPA EntityManagerFactory for persistence unit 'default'
2022-03-15 08:53:48.127  INFO 23519 --- [ionShutdownHook] com.zaxxer.hikari.HikariDataSource       : HikariPool-1 - Shutdown initiated...
2022-03-15 08:53:48.132  INFO 23519 --- [ionShutdownHook] com.zaxxer.hikari.HikariDataSource       : HikariPool-1 - Shutdown completed.
2022-03-15 08:53:48.750  INFO 23519 --- [ionShutdownHook] j.LocalContainerEntityManagerFactoryBean : Closing JPA EntityManagerFactory for persistence unit 'default'
2022-03-15 08:53:48.759  INFO 23519 --- [ionShutdownHook] org.ehcache.core.EhcacheManager          : Cache 'vets' removed from EhcacheManager.
2022-03-15 08:53:48.768  INFO 23519 --- [ionShutdownHook] com.zaxxer.hikari.HikariDataSource       : HikariPool-2 - Shutdown initiated...
2022-03-15 08:53:48.773  INFO 23519 --- [ionShutdownHook] com.zaxxer.hikari.HikariDataSource       : HikariPool-2 - Shutdown completed.
[INFO] 
[INFO] Results:
[INFO] 
[ERROR] Failures: 
[ERROR]   OwnerControllerTests.testProcessFindFormByLastName:142 View name expected:<redirect:/owners/1> but was:<redirect:/owners/null>
[ERROR]   VetControllerTests.testShowResourcesVetList:91 JSON path "$.vetList[0].id" expected:<1> but was:<null>
[ERROR] Errors: 
[ERROR]   PetControllerTests.testInitUpdateForm:90 » NestedServlet Request processing fa...
[ERROR]   VisitControllerTests.testInitNewVisitForm:62 » NestedServlet Request processin...
[ERROR]   VisitControllerTests.testProcessNewVisitFormHasErrors:75 » NestedServlet Reque...
[ERROR]   VisitControllerTests.testProcessNewVisitFormSuccess:68 » NestedServlet Request...
[ERROR]   ClinicServiceTests.shouldAddNewVisitForPet:199 » NullPointer Cannot invoke "ja...
[ERROR]   ClinicServiceTests.shouldFindAllPetTypes:139 » NullPointer Cannot invoke "java...
[ERROR]   ClinicServiceTests.shouldFindVets:188 » NullPointer Cannot invoke "java.lang.I...
[ERROR]   ClinicServiceTests.shouldFindVisitsByPetId:217 » NullPointer Cannot invoke "ja...
[ERROR]   ClinicServiceTests.shouldInsertOwner:114 NullPointer Cannot invoke "java.lang....
[ERROR]   ClinicServiceTests.shouldInsertPetIntoDatabaseAndGenerateId:154 » NullPointer ...
[ERROR]   ClinicServiceTests.shouldUpdatePetName:172 » NullPointer Cannot invoke "java.l...
[INFO] 
[ERROR] Tests run: 40, Failures: 2, Errors: 11, Skipped: 1
[INFO] 
[INFO] ------------------------------------------------------------------------
[INFO] BUILD FAILURE
[INFO] ------------------------------------------------------------------------
[INFO] Total time:  49.048 s
[INFO] Finished at: 2022-03-15T08:53:49+01:00
[INFO] ------------------------------------------------------------------------
[ERROR] Failed to execute goal org.apache.maven.plugins:maven-surefire-plugin:2.22.2:test (default-test) on project spring-petclinic: There are test failures.
[ERROR] 
[ERROR] Please refer to /Users/kralizec/University/mutation/spring-petclinic_v4/target/surefire-reports for the individual test results.
[ERROR] Please refer to dump files (if any exist) [date].dump, [date]-jvmRun[N].dump and [date].dumpstream.
[ERROR] -> [Help 1]
[ERROR] 
[ERROR] To see the full stack trace of the errors, re-run Maven with the -e switch.
[ERROR] Re-run Maven using the -X switch to enable full debug logging.
[ERROR] 
[ERROR] For more information about the errors and possible solutions, please read the following articles:
[ERROR] [Help 1] http://cwiki.apache.org/confluence/display/MAVEN/MojoFailureException
